<?xml version="1.0" encoding="UTF-8"?>
<coverage generated="1542495200904" clover="3.2.0">
  <project timestamp="1542495200904" name="All files">
    <metrics statements="483" coveredstatements="121" conditionals="190" coveredconditionals="16" methods="207" coveredmethods="34" elements="880" coveredelements="171" complexity="0" loc="483" ncloc="483" packages="5" files="54" classes="54">
      <package name="src.actions">
        <metrics statements="101" coveredstatements="10" conditionals="8" coveredconditionals="1" methods="81" coveredmethods="8"/>
        <file name="index.js" path="/Users/joelamb/workspace/benefit/src/actions/index.js">
          <metrics statements="101" coveredstatements="10" conditionals="8" coveredconditionals="1" methods="81" coveredmethods="8"/>
          <line num="2" count="1" type="stmt"/>
          <line num="3" count="1" type="cond" truecount="1" falsecount="1"/>
          <line num="4" count="1" type="stmt"/>
          <line num="11" count="1" type="stmt"/>
          <line num="17" count="0" type="stmt"/>
          <line num="23" count="0" type="stmt"/>
          <line num="24" count="0" type="stmt"/>
          <line num="25" count="0" type="stmt"/>
          <line num="27" count="0" type="stmt"/>
          <line num="28" count="0" type="stmt"/>
          <line num="33" count="0" type="stmt"/>
          <line num="38" count="2" type="stmt"/>
          <line num="51" count="1" type="stmt"/>
          <line num="52" count="1" type="stmt"/>
          <line num="53" count="1" type="stmt"/>
          <line num="54" count="1" type="stmt"/>
          <line num="55" count="0" type="stmt"/>
          <line num="60" count="1" type="stmt"/>
          <line num="67" count="0" type="stmt"/>
          <line num="73" count="0" type="stmt"/>
          <line num="82" count="0" type="stmt"/>
          <line num="83" count="0" type="stmt"/>
          <line num="84" count="0" type="stmt"/>
          <line num="92" count="0" type="stmt"/>
          <line num="93" count="0" type="stmt"/>
          <line num="100" count="0" type="stmt"/>
          <line num="102" count="0" type="stmt"/>
          <line num="103" count="0" type="stmt"/>
          <line num="104" count="0" type="stmt"/>
          <line num="110" count="0" type="stmt"/>
          <line num="116" count="0" type="stmt"/>
          <line num="123" count="0" type="stmt"/>
          <line num="124" count="0" type="stmt"/>
          <line num="131" count="0" type="stmt"/>
          <line num="133" count="0" type="stmt"/>
          <line num="135" count="0" type="stmt"/>
          <line num="140" count="0" type="stmt"/>
          <line num="147" count="0" type="stmt"/>
          <line num="148" count="0" type="stmt"/>
          <line num="155" count="0" type="stmt"/>
          <line num="157" count="0" type="stmt"/>
          <line num="158" count="0" type="stmt"/>
          <line num="160" count="0" type="stmt"/>
          <line num="166" count="0" type="stmt"/>
          <line num="174" count="0" type="stmt"/>
          <line num="184" count="0" type="stmt"/>
          <line num="185" count="0" type="stmt"/>
          <line num="186" count="0" type="stmt"/>
          <line num="190" count="0" type="stmt"/>
          <line num="198" count="0" type="cond" truecount="0" falsecount="2"/>
          <line num="199" count="0" type="stmt"/>
          <line num="201" count="0" type="stmt"/>
          <line num="204" count="0" type="stmt"/>
          <line num="206" count="0" type="stmt"/>
          <line num="211" count="0" type="stmt"/>
          <line num="218" count="0" type="stmt"/>
          <line num="219" count="0" type="stmt"/>
          <line num="221" count="0" type="cond" truecount="0" falsecount="2"/>
          <line num="222" count="0" type="stmt"/>
          <line num="224" count="0" type="stmt"/>
          <line num="227" count="0" type="cond" truecount="0" falsecount="2"/>
          <line num="228" count="0" type="stmt"/>
          <line num="230" count="0" type="stmt"/>
          <line num="232" count="0" type="stmt"/>
          <line num="237" count="0" type="stmt"/>
          <line num="241" count="0" type="stmt"/>
          <line num="242" count="0" type="stmt"/>
          <line num="243" count="0" type="stmt"/>
          <line num="245" count="0" type="stmt"/>
          <line num="246" count="0" type="stmt"/>
          <line num="248" count="0" type="stmt"/>
          <line num="253" count="0" type="stmt"/>
          <line num="260" count="0" type="stmt"/>
          <line num="261" count="0" type="stmt"/>
          <line num="262" count="0" type="stmt"/>
          <line num="263" count="0" type="stmt"/>
          <line num="264" count="0" type="stmt"/>
          <line num="269" count="0" type="stmt"/>
          <line num="270" count="0" type="stmt"/>
          <line num="271" count="0" type="stmt"/>
          <line num="276" count="0" type="stmt"/>
          <line num="283" count="0" type="stmt"/>
          <line num="284" count="0" type="stmt"/>
          <line num="285" count="0" type="stmt"/>
          <line num="286" count="0" type="stmt"/>
          <line num="287" count="0" type="stmt"/>
          <line num="292" count="0" type="stmt"/>
          <line num="304" count="0" type="stmt"/>
          <line num="305" count="0" type="stmt"/>
          <line num="306" count="0" type="stmt"/>
          <line num="307" count="0" type="stmt"/>
          <line num="308" count="0" type="stmt"/>
          <line num="313" count="0" type="stmt"/>
          <line num="314" count="0" type="stmt"/>
          <line num="315" count="0" type="stmt"/>
          <line num="321" count="0" type="stmt"/>
          <line num="328" count="0" type="stmt"/>
          <line num="329" count="0" type="stmt"/>
          <line num="330" count="0" type="stmt"/>
          <line num="331" count="0" type="stmt"/>
          <line num="332" count="0" type="stmt"/>
        </file>
      </package>
      <package name="src.components">
        <metrics statements="310" coveredstatements="50" conditionals="150" coveredconditionals="1" methods="105" coveredmethods="5"/>
        <file name="AnimationWrapper.js" path="/Users/joelamb/workspace/benefit/src/components/AnimationWrapper.js">
          <metrics statements="4" coveredstatements="4" conditionals="0" coveredconditionals="0" methods="2" coveredmethods="2"/>
          <line num="6" count="5" type="stmt"/>
          <line num="7" count="17" type="stmt"/>
          <line num="8" count="1" type="stmt"/>
          <line num="20" count="5" type="stmt"/>
        </file>
        <file name="App.js" path="/Users/joelamb/workspace/benefit/src/components/App.js">
          <metrics statements="2" coveredstatements="2" conditionals="0" coveredconditionals="0" methods="1" coveredmethods="1"/>
          <line num="16" count="2" type="stmt"/>
          <line num="17" count="1" type="stmt"/>
        </file>
        <file name="AppFooter.js" path="/Users/joelamb/workspace/benefit/src/components/AppFooter.js">
          <metrics statements="2" coveredstatements="2" conditionals="0" coveredconditionals="0" methods="1" coveredmethods="1"/>
          <line num="4" count="3" type="stmt"/>
          <line num="5" count="1" type="stmt"/>
        </file>
        <file name="AppHeader.js" path="/Users/joelamb/workspace/benefit/src/components/AppHeader.js">
          <metrics statements="29" coveredstatements="2" conditionals="20" coveredconditionals="0" methods="4" coveredmethods="0"/>
          <line num="9" count="0" type="stmt"/>
          <line num="10" count="0" type="stmt"/>
          <line num="14" count="0" type="stmt"/>
          <line num="18" count="0" type="stmt"/>
          <line num="19" count="0" type="stmt"/>
          <line num="20" count="0" type="cond" truecount="0" falsecount="4"/>
          <line num="21" count="0" type="stmt"/>
          <line num="22" count="0" type="cond" truecount="0" falsecount="4"/>
          <line num="23" count="0" type="stmt"/>
          <line num="25" count="0" type="stmt"/>
          <line num="26" count="0" type="cond" truecount="0" falsecount="4"/>
          <line num="27" count="0" type="stmt"/>
          <line num="28" count="0" type="stmt"/>
          <line num="30" count="0" type="stmt"/>
          <line num="31" count="0" type="stmt"/>
          <line num="36" count="0" type="stmt"/>
          <line num="37" count="0" type="stmt"/>
          <line num="38" count="0" type="stmt"/>
          <line num="39" count="0" type="stmt"/>
          <line num="42" count="0" type="cond" truecount="0" falsecount="2"/>
          <line num="43" count="0" type="stmt"/>
          <line num="48" count="0" type="stmt"/>
          <line num="49" count="0" type="stmt"/>
          <line num="50" count="0" type="stmt"/>
          <line num="53" count="0" type="cond" truecount="0" falsecount="2"/>
          <line num="54" count="0" type="cond" truecount="0" falsecount="2"/>
          <line num="55" count="0" type="stmt"/>
          <line num="72" count="4" type="stmt"/>
          <line num="82" count="4" type="stmt"/>
        </file>
        <file name="AppWrapper.js" path="/Users/joelamb/workspace/benefit/src/components/AppWrapper.js">
          <metrics statements="5" coveredstatements="1" conditionals="2" coveredconditionals="0" methods="2" coveredmethods="0"/>
          <line num="7" count="0" type="stmt"/>
          <line num="8" count="0" type="stmt"/>
          <line num="12" count="0" type="stmt"/>
          <line num="13" count="0" type="cond" truecount="0" falsecount="2"/>
          <line num="17" count="1" type="stmt"/>
        </file>
        <file name="CardSection.js" path="/Users/joelamb/workspace/benefit/src/components/CardSection.js">
          <metrics statements="1" coveredstatements="0" conditionals="0" coveredconditionals="0" methods="1" coveredmethods="0"/>
          <line num="7" count="0" type="stmt"/>
        </file>
        <file name="Dashboard.js" path="/Users/joelamb/workspace/benefit/src/components/Dashboard.js">
          <metrics statements="28" coveredstatements="1" conditionals="2" coveredconditionals="0" methods="14" coveredmethods="0"/>
          <line num="9" count="0" type="stmt"/>
          <line num="10" count="0" type="stmt"/>
          <line num="14" count="0" type="stmt"/>
          <line num="16" count="0" type="stmt"/>
          <line num="18" count="0" type="stmt"/>
          <line num="19" count="0" type="stmt"/>
          <line num="24" count="0" type="stmt"/>
          <line num="25" count="0" type="stmt"/>
          <line num="27" count="0" type="stmt"/>
          <line num="28" count="0" type="stmt"/>
          <line num="29" count="0" type="stmt"/>
          <line num="30" count="0" type="stmt"/>
          <line num="35" count="0" type="stmt"/>
          <line num="42" count="0" type="stmt"/>
          <line num="43" count="0" type="stmt"/>
          <line num="44" count="0" type="stmt"/>
          <line num="47" count="0" type="stmt"/>
          <line num="56" count="0" type="stmt"/>
          <line num="57" count="0" type="cond" truecount="0" falsecount="2"/>
          <line num="58" count="0" type="stmt"/>
          <line num="60" count="0" type="stmt"/>
          <line num="64" count="0" type="stmt"/>
          <line num="84" count="0" type="stmt"/>
          <line num="87" count="0" type="stmt"/>
          <line num="118" count="0" type="stmt"/>
          <line num="135" count="0" type="stmt"/>
          <line num="136" count="0" type="stmt"/>
          <line num="154" count="3" type="stmt"/>
        </file>
        <file name="DonationForm.js" path="/Users/joelamb/workspace/benefit/src/components/DonationForm.js">
          <metrics statements="12" coveredstatements="4" conditionals="2" coveredconditionals="1" methods="7" coveredmethods="1"/>
          <line num="6" count="5" type="stmt"/>
          <line num="7" count="1" type="stmt"/>
          <line num="14" count="0" type="stmt"/>
          <line num="15" count="0" type="stmt"/>
          <line num="16" count="0" type="stmt"/>
          <line num="27" count="0" type="stmt"/>
          <line num="31" count="0" type="stmt"/>
          <line num="34" count="0" type="stmt"/>
          <line num="35" count="0" type="stmt"/>
          <line num="36" count="0" type="stmt"/>
          <line num="47" count="5" type="stmt"/>
          <line num="56" count="5" type="stmt"/>
        </file>
        <file name="DonationHeader.js" path="/Users/joelamb/workspace/benefit/src/components/DonationHeader.js">
          <metrics statements="3" coveredstatements="2" conditionals="0" coveredconditionals="0" methods="1" coveredmethods="0"/>
          <line num="5" count="4" type="stmt"/>
          <line num="6" count="0" type="stmt"/>
          <line num="21" count="4" type="stmt"/>
        </file>
        <file name="DonationPayment.js" path="/Users/joelamb/workspace/benefit/src/components/DonationPayment.js">
          <metrics statements="2" coveredstatements="1" conditionals="4" coveredconditionals="0" methods="1" coveredmethods="0"/>
          <line num="7" count="4" type="stmt"/>
          <line num="8" count="0" type="stmt"/>
        </file>
        <file name="Donor.js" path="/Users/joelamb/workspace/benefit/src/components/Donor.js">
          <metrics statements="4" coveredstatements="0" conditionals="0" coveredconditionals="0" methods="2" coveredmethods="0"/>
          <line num="10" count="0" type="stmt"/>
          <line num="11" count="0" type="stmt"/>
          <line num="15" count="0" type="stmt"/>
          <line num="16" count="0" type="stmt"/>
        </file>
        <file name="DonorBalance.js" path="/Users/joelamb/workspace/benefit/src/components/DonorBalance.js">
          <metrics statements="6" coveredstatements="2" conditionals="0" coveredconditionals="0" methods="3" coveredmethods="0"/>
          <line num="6" count="3" type="stmt"/>
          <line num="7" count="0" type="stmt"/>
          <line num="9" count="0" type="stmt"/>
          <line num="16" count="0" type="stmt"/>
          <line num="17" count="0" type="stmt"/>
          <line num="31" count="3" type="stmt"/>
        </file>
        <file name="DonorProfile.js" path="/Users/joelamb/workspace/benefit/src/components/DonorProfile.js">
          <metrics statements="4" coveredstatements="2" conditionals="0" coveredconditionals="0" methods="1" coveredmethods="0"/>
          <line num="5" count="3" type="stmt"/>
          <line num="6" count="0" type="stmt"/>
          <line num="7" count="0" type="stmt"/>
          <line num="23" count="3" type="stmt"/>
        </file>
        <file name="HomePage.js" path="/Users/joelamb/workspace/benefit/src/components/HomePage.js">
          <metrics statements="2" coveredstatements="1" conditionals="0" coveredconditionals="0" methods="1" coveredmethods="0"/>
          <line num="5" count="2" type="stmt"/>
          <line num="6" count="0" type="stmt"/>
        </file>
        <file name="Login.js" path="/Users/joelamb/workspace/benefit/src/components/Login.js">
          <metrics statements="7" coveredstatements="3" conditionals="0" coveredconditionals="0" methods="3" coveredmethods="0"/>
          <line num="5" count="5" type="stmt"/>
          <line num="7" count="0" type="stmt"/>
          <line num="10" count="0" type="stmt"/>
          <line num="15" count="0" type="stmt"/>
          <line num="16" count="0" type="stmt"/>
          <line num="51" count="5" type="stmt"/>
          <line num="59" count="5" type="stmt"/>
        </file>
        <file name="NewDonation.js" path="/Users/joelamb/workspace/benefit/src/components/NewDonation.js">
          <metrics statements="7" coveredstatements="2" conditionals="4" coveredconditionals="0" methods="2" coveredmethods="0"/>
          <line num="12" count="0" type="stmt"/>
          <line num="13" count="0" type="stmt"/>
          <line num="14" count="0" type="stmt"/>
          <line num="20" count="0" type="stmt"/>
          <line num="21" count="0" type="stmt"/>
          <line num="46" count="3" type="stmt"/>
          <line num="64" count="3" type="stmt"/>
        </file>
        <file name="NewDonor.js" path="/Users/joelamb/workspace/benefit/src/components/NewDonor.js">
          <metrics statements="48" coveredstatements="2" conditionals="46" coveredconditionals="0" methods="8" coveredmethods="0"/>
          <line num="8" count="0" type="cond" truecount="0" falsecount="4"/>
          <line num="12" count="0" type="cond" truecount="0" falsecount="4"/>
          <line num="13" count="0" type="stmt"/>
          <line num="19" count="0" type="cond" truecount="0" falsecount="4"/>
          <line num="20" count="0" type="stmt"/>
          <line num="22" count="0" type="stmt"/>
          <line num="27" count="0" type="stmt"/>
          <line num="28" count="0" type="stmt"/>
          <line num="29" count="0" type="cond" truecount="0" falsecount="2"/>
          <line num="30" count="0" type="stmt"/>
          <line num="31" count="0" type="stmt"/>
          <line num="38" count="0" type="stmt"/>
          <line num="39" count="0" type="stmt"/>
          <line num="46" count="0" type="stmt"/>
          <line num="47" count="0" type="cond" truecount="0" falsecount="2"/>
          <line num="48" count="0" type="stmt"/>
          <line num="50" count="0" type="cond" truecount="0" falsecount="2"/>
          <line num="51" count="0" type="stmt"/>
          <line num="53" count="0" type="stmt"/>
          <line num="54" count="0" type="cond" truecount="0" falsecount="2"/>
          <line num="55" count="0" type="cond" truecount="0" falsecount="2"/>
          <line num="56" count="0" type="stmt"/>
          <line num="57" count="0" type="cond" truecount="0" falsecount="2"/>
          <line num="58" count="0" type="stmt"/>
          <line num="60" count="0" type="cond" truecount="0" falsecount="2"/>
          <line num="61" count="0" type="stmt"/>
          <line num="62" count="0" type="cond" truecount="0" falsecount="2"/>
          <line num="63" count="0" type="stmt"/>
          <line num="65" count="0" type="cond" truecount="0" falsecount="2"/>
          <line num="66" count="0" type="stmt"/>
          <line num="67" count="0" type="cond" truecount="0" falsecount="2"/>
          <line num="68" count="0" type="stmt"/>
          <line num="70" count="0" type="cond" truecount="0" falsecount="2"/>
          <line num="71" count="0" type="stmt"/>
          <line num="73" count="0" type="cond" truecount="0" falsecount="2"/>
          <line num="74" count="0" type="stmt"/>
          <line num="76" count="0" type="cond" truecount="0" falsecount="2"/>
          <line num="77" count="0" type="stmt"/>
          <line num="79" count="0" type="cond" truecount="0" falsecount="2"/>
          <line num="80" count="0" type="stmt"/>
          <line num="82" count="0" type="stmt"/>
          <line num="85" count="0" type="stmt"/>
          <line num="86" count="0" type="stmt"/>
          <line num="87" count="0" type="stmt"/>
          <line num="88" count="0" type="stmt"/>
          <line num="101" count="0" type="stmt"/>
          <line num="301" count="3" type="stmt"/>
          <line num="306" count="3" type="stmt"/>
        </file>
        <file name="NewRecipient.js" path="/Users/joelamb/workspace/benefit/src/components/NewRecipient.js">
          <metrics statements="39" coveredstatements="3" conditionals="38" coveredconditionals="0" methods="8" coveredmethods="0"/>
          <line num="7" count="0" type="cond" truecount="0" falsecount="4"/>
          <line num="11" count="0" type="cond" truecount="0" falsecount="4"/>
          <line num="12" count="0" type="stmt"/>
          <line num="18" count="0" type="cond" truecount="0" falsecount="4"/>
          <line num="19" count="0" type="stmt"/>
          <line num="21" count="0" type="stmt"/>
          <line num="26" count="0" type="stmt"/>
          <line num="27" count="0" type="cond" truecount="0" falsecount="2"/>
          <line num="28" count="0" type="stmt"/>
          <line num="29" count="0" type="stmt"/>
          <line num="36" count="0" type="stmt"/>
          <line num="37" count="0" type="stmt"/>
          <line num="44" count="0" type="stmt"/>
          <line num="45" count="0" type="cond" truecount="0" falsecount="2"/>
          <line num="46" count="0" type="stmt"/>
          <line num="48" count="0" type="cond" truecount="0" falsecount="2"/>
          <line num="49" count="0" type="stmt"/>
          <line num="51" count="0" type="stmt"/>
          <line num="52" count="0" type="cond" truecount="0" falsecount="2"/>
          <line num="53" count="0" type="cond" truecount="0" falsecount="2"/>
          <line num="54" count="0" type="stmt"/>
          <line num="55" count="0" type="cond" truecount="0" falsecount="2"/>
          <line num="56" count="0" type="stmt"/>
          <line num="58" count="0" type="cond" truecount="0" falsecount="2"/>
          <line num="59" count="0" type="stmt"/>
          <line num="61" count="0" type="cond" truecount="0" falsecount="2"/>
          <line num="62" count="0" type="stmt"/>
          <line num="63" count="0" type="cond" truecount="0" falsecount="2"/>
          <line num="64" count="0" type="stmt"/>
          <line num="66" count="0" type="cond" truecount="0" falsecount="2"/>
          <line num="67" count="0" type="stmt"/>
          <line num="69" count="0" type="stmt"/>
          <line num="72" count="0" type="stmt"/>
          <line num="73" count="0" type="stmt"/>
          <line num="74" count="0" type="stmt"/>
          <line num="87" count="0" type="stmt"/>
          <line num="260" count="4" type="stmt"/>
          <line num="265" count="4" type="stmt"/>
          <line num="269" count="4" type="stmt"/>
        </file>
        <file name="PaymentAcknowledge.js" path="/Users/joelamb/workspace/benefit/src/components/PaymentAcknowledge.js">
          <metrics statements="2" coveredstatements="1" conditionals="0" coveredconditionals="0" methods="1" coveredmethods="0"/>
          <line num="6" count="6" type="stmt"/>
          <line num="7" count="0" type="stmt"/>
        </file>
        <file name="PaymentDetailsForm.js" path="/Users/joelamb/workspace/benefit/src/components/PaymentDetailsForm.js">
          <metrics statements="10" coveredstatements="2" conditionals="4" coveredconditionals="0" methods="4" coveredmethods="0"/>
          <line num="10" count="6" type="stmt"/>
          <line num="21" count="0" type="stmt"/>
          <line num="22" count="0" type="stmt"/>
          <line num="28" count="0" type="cond" truecount="0" falsecount="4"/>
          <line num="40" count="0" type="stmt"/>
          <line num="41" count="0" type="stmt"/>
          <line num="42" count="0" type="stmt"/>
          <line num="43" count="0" type="stmt"/>
          <line num="44" count="0" type="stmt"/>
          <line num="68" count="6" type="stmt"/>
        </file>
        <file name="PaymentRequestButton.js" path="/Users/joelamb/workspace/benefit/src/components/PaymentRequestButton.js">
          <metrics statements="13" coveredstatements="0" conditionals="2" coveredconditionals="0" methods="4" coveredmethods="0"/>
          <line num="7" count="0" type="stmt"/>
          <line num="11" count="0" type="stmt"/>
          <line num="22" count="0" type="stmt"/>
          <line num="23" count="0" type="stmt"/>
          <line num="24" count="0" type="stmt"/>
          <line num="25" count="0" type="stmt"/>
          <line num="26" count="0" type="stmt"/>
          <line num="27" count="0" type="stmt"/>
          <line num="28" count="0" type="stmt"/>
          <line num="31" count="0" type="stmt"/>
          <line num="32" count="0" type="stmt"/>
          <line num="35" count="0" type="stmt"/>
          <line num="42" count="0" type="cond" truecount="0" falsecount="2"/>
        </file>
        <file name="PrivateRoute.js" path="/Users/joelamb/workspace/benefit/src/components/PrivateRoute.js">
          <metrics statements="2" coveredstatements="0" conditionals="2" coveredconditionals="0" methods="2" coveredmethods="0"/>
          <line num="5" count="0" type="stmt"/>
          <line num="8" count="0" type="cond" truecount="0" falsecount="2"/>
        </file>
        <file name="QRCode.js" path="/Users/joelamb/workspace/benefit/src/components/QRCode.js">
          <metrics statements="13" coveredstatements="1" conditionals="6" coveredconditionals="0" methods="6" coveredmethods="0"/>
          <line num="7" count="0" type="stmt"/>
          <line num="11" count="0" type="stmt"/>
          <line num="15" count="0" type="stmt"/>
          <line num="16" count="0" type="cond" truecount="0" falsecount="2"/>
          <line num="17" count="0" type="stmt"/>
          <line num="19" count="0" type="stmt"/>
          <line num="33" count="0" type="cond" truecount="0" falsecount="2"/>
          <line num="34" count="0" type="stmt"/>
          <line num="41" count="0" type="stmt"/>
          <line num="42" count="0" type="cond" truecount="0" falsecount="2"/>
          <line num="46" count="0" type="stmt"/>
          <line num="51" count="0" type="stmt"/>
          <line num="55" count="4" type="stmt"/>
        </file>
        <file name="Recipient.js" path="/Users/joelamb/workspace/benefit/src/components/Recipient.js">
          <metrics statements="5" coveredstatements="1" conditionals="0" coveredconditionals="0" methods="2" coveredmethods="0"/>
          <line num="12" count="0" type="stmt"/>
          <line num="13" count="0" type="stmt"/>
          <line num="17" count="0" type="stmt"/>
          <line num="18" count="0" type="stmt"/>
          <line num="28" count="3" type="stmt"/>
        </file>
        <file name="RecipientBalance.js" path="/Users/joelamb/workspace/benefit/src/components/RecipientBalance.js">
          <metrics statements="6" coveredstatements="2" conditionals="0" coveredconditionals="0" methods="3" coveredmethods="0"/>
          <line num="5" count="3" type="stmt"/>
          <line num="6" count="0" type="stmt"/>
          <line num="8" count="0" type="stmt"/>
          <line num="15" count="0" type="stmt"/>
          <line num="16" count="0" type="stmt"/>
          <line num="31" count="3" type="stmt"/>
        </file>
        <file name="RecipientCode.js" path="/Users/joelamb/workspace/benefit/src/components/RecipientCode.js">
          <metrics statements="3" coveredstatements="2" conditionals="0" coveredconditionals="0" methods="1" coveredmethods="0"/>
          <line num="7" count="3" type="stmt"/>
          <line num="8" count="0" type="stmt"/>
          <line num="25" count="3" type="stmt"/>
        </file>
        <file name="RecipientInterests.js" path="/Users/joelamb/workspace/benefit/src/components/RecipientInterests.js">
          <metrics statements="6" coveredstatements="3" conditionals="4" coveredconditionals="0" methods="2" coveredmethods="0"/>
          <line num="5" count="3" type="stmt"/>
          <line num="6" count="0" type="stmt"/>
          <line num="16" count="0" type="cond" truecount="0" falsecount="2"/>
          <line num="17" count="0" type="stmt"/>
          <line num="30" count="3" type="stmt"/>
          <line num="35" count="3" type="stmt"/>
        </file>
        <file name="RecipientProfile.js" path="/Users/joelamb/workspace/benefit/src/components/RecipientProfile.js">
          <metrics statements="5" coveredstatements="2" conditionals="2" coveredconditionals="0" methods="2" coveredmethods="0"/>
          <line num="5" count="4" type="stmt"/>
          <line num="6" count="0" type="stmt"/>
          <line num="7" count="0" type="stmt"/>
          <line num="23" count="0" type="stmt"/>
          <line num="34" count="4" type="stmt"/>
        </file>
        <file name="S3Upload.js" path="/Users/joelamb/workspace/benefit/src/components/S3Upload.js">
          <metrics statements="21" coveredstatements="2" conditionals="8" coveredconditionals="0" methods="8" coveredmethods="0"/>
          <line num="6" count="0" type="stmt"/>
          <line num="7" count="0" type="stmt"/>
          <line num="11" count="0" type="stmt"/>
          <line num="12" count="0" type="stmt"/>
          <line num="13" count="0" type="stmt"/>
          <line num="14" count="0" type="stmt"/>
          <line num="16" count="0" type="cond" truecount="0" falsecount="2"/>
          <line num="17" count="0" type="stmt"/>
          <line num="22" count="0" type="stmt"/>
          <line num="23" count="0" type="stmt"/>
          <line num="27" count="0" type="stmt"/>
          <line num="29" count="0" type="cond" truecount="0" falsecount="2"/>
          <line num="30" count="0" type="stmt"/>
          <line num="35" count="0" type="stmt"/>
          <line num="39" count="0" type="stmt"/>
          <line num="40" count="0" type="stmt"/>
          <line num="44" count="0" type="stmt"/>
          <line num="48" count="0" type="stmt"/>
          <line num="49" count="0" type="stmt"/>
          <line num="76" count="5" type="stmt"/>
          <line num="82" count="5" type="stmt"/>
        </file>
        <file name="Tab.js" path="/Users/joelamb/workspace/benefit/src/components/Tab.js">
          <metrics statements="9" coveredstatements="0" conditionals="2" coveredconditionals="0" methods="3" coveredmethods="0"/>
          <line num="5" count="0" type="stmt"/>
          <line num="7" count="0" type="stmt"/>
          <line num="11" count="0" type="stmt"/>
          <line num="12" count="0" type="stmt"/>
          <line num="16" count="0" type="stmt"/>
          <line num="17" count="0" type="stmt"/>
          <line num="19" count="0" type="cond" truecount="0" falsecount="2"/>
          <line num="20" count="0" type="stmt"/>
          <line num="22" count="0" type="stmt"/>
        </file>
        <file name="Tabs.js" path="/Users/joelamb/workspace/benefit/src/components/Tabs.js">
          <metrics statements="10" coveredstatements="0" conditionals="2" coveredconditionals="0" methods="5" coveredmethods="0"/>
          <line num="8" count="0" type="stmt"/>
          <line num="10" count="0" type="stmt"/>
          <line num="12" count="0" type="stmt"/>
          <line num="17" count="0" type="stmt"/>
          <line num="20" count="0" type="stmt"/>
          <line num="21" count="0" type="stmt"/>
          <line num="25" count="0" type="cond" truecount="0" falsecount="2"/>
          <line num="26" count="0" type="stmt"/>
          <line num="31" count="0" type="stmt"/>
          <line num="32" count="0" type="stmt"/>
        </file>
      </package>
      <package name="src.containers">
        <metrics statements="32" coveredstatements="32" conditionals="0" coveredconditionals="0" methods="14" coveredmethods="14"/>
        <file name="AppHeaderContainer.js" path="/Users/joelamb/workspace/benefit/src/containers/AppHeaderContainer.js">
          <metrics statements="2" coveredstatements="2" conditionals="0" coveredconditionals="0" methods="1" coveredmethods="1"/>
          <line num="6" count="3" type="stmt"/>
          <line num="13" count="3" type="stmt"/>
        </file>
        <file name="AppWrapperContainer.js" path="/Users/joelamb/workspace/benefit/src/containers/AppWrapperContainer.js">
          <metrics statements="2" coveredstatements="2" conditionals="0" coveredconditionals="0" methods="1" coveredmethods="1"/>
          <line num="5" count="1" type="stmt"/>
          <line num="9" count="1" type="stmt"/>
        </file>
        <file name="DashboardContainer.js" path="/Users/joelamb/workspace/benefit/src/containers/DashboardContainer.js">
          <metrics statements="3" coveredstatements="3" conditionals="0" coveredconditionals="0" methods="1" coveredmethods="1"/>
          <line num="5" count="3" type="stmt"/>
          <line num="6" count="1" type="stmt"/>
          <line num="12" count="3" type="stmt"/>
        </file>
        <file name="DonationFormContainer.js" path="/Users/joelamb/workspace/benefit/src/containers/DonationFormContainer.js">
          <metrics statements="3" coveredstatements="3" conditionals="0" coveredconditionals="0" methods="1" coveredmethods="1"/>
          <line num="5" count="1" type="stmt"/>
          <line num="6" count="1" type="stmt"/>
          <line num="13" count="1" type="stmt"/>
        </file>
        <file name="DonorContainer.js" path="/Users/joelamb/workspace/benefit/src/containers/DonorContainer.js">
          <metrics statements="3" coveredstatements="3" conditionals="0" coveredconditionals="0" methods="1" coveredmethods="1"/>
          <line num="5" count="3" type="stmt"/>
          <line num="6" count="1" type="stmt"/>
          <line num="18" count="3" type="stmt"/>
        </file>
        <file name="LoginContainer.js" path="/Users/joelamb/workspace/benefit/src/containers/LoginContainer.js">
          <metrics statements="2" coveredstatements="2" conditionals="0" coveredconditionals="0" methods="1" coveredmethods="1"/>
          <line num="6" count="5" type="stmt"/>
          <line num="14" count="5" type="stmt"/>
        </file>
        <file name="NewDonationContainer.js" path="/Users/joelamb/workspace/benefit/src/containers/NewDonationContainer.js">
          <metrics statements="2" coveredstatements="2" conditionals="0" coveredconditionals="0" methods="1" coveredmethods="1"/>
          <line num="5" count="3" type="stmt"/>
          <line num="14" count="3" type="stmt"/>
        </file>
        <file name="NewDonorContainer.js" path="/Users/joelamb/workspace/benefit/src/containers/NewDonorContainer.js">
          <metrics statements="3" coveredstatements="3" conditionals="0" coveredconditionals="0" methods="1" coveredmethods="1"/>
          <line num="5" count="3" type="stmt"/>
          <line num="6" count="1" type="stmt"/>
          <line num="11" count="3" type="stmt"/>
        </file>
        <file name="NewRecipientContainer.js" path="/Users/joelamb/workspace/benefit/src/containers/NewRecipientContainer.js">
          <metrics statements="2" coveredstatements="2" conditionals="0" coveredconditionals="0" methods="1" coveredmethods="1"/>
          <line num="5" count="3" type="stmt"/>
          <line num="18" count="3" type="stmt"/>
        </file>
        <file name="PaymentAcknowlegeContainer.js" path="/Users/joelamb/workspace/benefit/src/containers/PaymentAcknowlegeContainer.js">
          <metrics statements="1" coveredstatements="1" conditionals="0" coveredconditionals="0" methods="1" coveredmethods="1"/>
          <line num="4" count="5" type="stmt"/>
        </file>
        <file name="PaymentDetailsFormContainer.js" path="/Users/joelamb/workspace/benefit/src/containers/PaymentDetailsFormContainer.js">
          <metrics statements="2" coveredstatements="2" conditionals="0" coveredconditionals="0" methods="1" coveredmethods="1"/>
          <line num="6" count="5" type="stmt"/>
          <line num="13" count="5" type="stmt"/>
        </file>
        <file name="PrivateRouteContainer.js" path="/Users/joelamb/workspace/benefit/src/containers/PrivateRouteContainer.js">
          <metrics statements="1" coveredstatements="1" conditionals="0" coveredconditionals="0" methods="1" coveredmethods="1"/>
          <line num="4" count="3" type="stmt"/>
        </file>
        <file name="QRCodeContainer.js" path="/Users/joelamb/workspace/benefit/src/containers/QRCodeContainer.js">
          <metrics statements="3" coveredstatements="3" conditionals="0" coveredconditionals="0" methods="1" coveredmethods="1"/>
          <line num="5" count="4" type="stmt"/>
          <line num="6" count="1" type="stmt"/>
          <line num="12" count="4" type="stmt"/>
        </file>
        <file name="RecipientContainer.js" path="/Users/joelamb/workspace/benefit/src/containers/RecipientContainer.js">
          <metrics statements="3" coveredstatements="3" conditionals="0" coveredconditionals="0" methods="1" coveredmethods="1"/>
          <line num="5" count="3" type="stmt"/>
          <line num="6" count="1" type="stmt"/>
          <line num="19" count="3" type="stmt"/>
        </file>
      </package>
      <package name="src.reducers">
        <metrics statements="39" coveredstatements="28" conditionals="32" coveredconditionals="14" methods="7" coveredmethods="7"/>
        <file name="donation.js" path="/Users/joelamb/workspace/benefit/src/reducers/donation.js">
          <metrics statements="5" coveredstatements="3" conditionals="4" coveredconditionals="1" methods="1" coveredmethods="1"/>
          <line num="1" count="1" type="cond" truecount="0" falsecount="1"/>
          <line num="2" count="1" type="cond" truecount="1" falsecount="2"/>
          <line num="4" count="1" type="stmt"/>
          <line num="6" count="0" type="stmt"/>
          <line num="8" count="0" type="stmt"/>
        </file>
        <file name="donor.js" path="/Users/joelamb/workspace/benefit/src/reducers/donor.js">
          <metrics statements="8" coveredstatements="7" conditionals="7" coveredconditionals="5" methods="1" coveredmethods="1"/>
          <line num="1" count="1" type="stmt"/>
          <line num="18" count="5" type="cond" truecount="5" falsecount="1"/>
          <line num="20" count="0" type="stmt"/>
          <line num="22" count="1" type="stmt"/>
          <line num="31" count="1" type="stmt"/>
          <line num="33" count="1" type="stmt"/>
          <line num="35" count="1" type="stmt"/>
          <line num="37" count="1" type="stmt"/>
        </file>
        <file name="login.js" path="/Users/joelamb/workspace/benefit/src/reducers/login.js">
          <metrics statements="7" coveredstatements="6" conditionals="6" coveredconditionals="4" methods="1" coveredmethods="1"/>
          <line num="1" count="1" type="stmt"/>
          <line num="13" count="4" type="cond" truecount="4" falsecount="1"/>
          <line num="15" count="1" type="stmt"/>
          <line num="17" count="1" type="stmt"/>
          <line num="19" count="1" type="stmt"/>
          <line num="26" count="1" type="stmt"/>
          <line num="35" count="0" type="stmt"/>
        </file>
        <file name="organisation.js" path="/Users/joelamb/workspace/benefit/src/reducers/organisation.js">
          <metrics statements="4" coveredstatements="3" conditionals="3" coveredconditionals="1" methods="1" coveredmethods="1"/>
          <line num="1" count="1" type="cond" truecount="0" falsecount="1"/>
          <line num="2" count="1" type="cond" truecount="1" falsecount="1"/>
          <line num="4" count="1" type="stmt"/>
          <line num="9" count="0" type="stmt"/>
        </file>
        <file name="paymentDetails.js" path="/Users/joelamb/workspace/benefit/src/reducers/paymentDetails.js">
          <metrics statements="4" coveredstatements="3" conditionals="3" coveredconditionals="1" methods="1" coveredmethods="1"/>
          <line num="1" count="1" type="cond" truecount="0" falsecount="1"/>
          <line num="4" count="1" type="cond" truecount="1" falsecount="1"/>
          <line num="6" count="1" type="stmt"/>
          <line num="8" count="0" type="stmt"/>
        </file>
        <file name="recipient.js" path="/Users/joelamb/workspace/benefit/src/reducers/recipient.js">
          <metrics statements="6" coveredstatements="3" conditionals="5" coveredconditionals="1" methods="1" coveredmethods="1"/>
          <line num="1" count="1" type="cond" truecount="0" falsecount="1"/>
          <line num="2" count="1" type="cond" truecount="1" falsecount="3"/>
          <line num="4" count="1" type="stmt"/>
          <line num="14" count="0" type="stmt"/>
          <line num="16" count="0" type="stmt"/>
          <line num="18" count="0" type="stmt"/>
        </file>
        <file name="view.js" path="/Users/joelamb/workspace/benefit/src/reducers/view.js">
          <metrics statements="5" coveredstatements="3" conditionals="4" coveredconditionals="1" methods="1" coveredmethods="1"/>
          <line num="1" count="1" type="cond" truecount="0" falsecount="1"/>
          <line num="2" count="1" type="cond" truecount="1" falsecount="2"/>
          <line num="4" count="1" type="stmt"/>
          <line num="6" count="0" type="stmt"/>
          <line num="8" count="0" type="stmt"/>
        </file>
      </package>
      <package name="tests">
        <metrics statements="1" coveredstatements="1" conditionals="0" coveredconditionals="0" methods="0" coveredmethods="0"/>
        <file name="setup.js" path="/Users/joelamb/workspace/benefit/tests/setup.js">
          <metrics statements="1" coveredstatements="1" conditionals="0" coveredconditionals="0" methods="0" coveredmethods="0"/>
          <line num="4" count="32" type="stmt"/>
        </file>
      </package>
    </metrics>
  </project>
</coverage>
