{"/Users/joelamb/workspace/benefit/src/actions/index.js": {"path":"/Users/joelamb/workspace/benefit/src/actions/index.js","statementMap":{"0":{"start":{"line":2,"column":24},"end":{"line":2,"column":47}},"1":{"start":{"line":3,"column":19},"end":{"line":3,"column":74}},"2":{"start":{"line":4,"column":2},"end":{"line":7,"column":4}},"3":{"start":{"line":11,"column":2},"end":{"line":13,"column":4}},"4":{"start":{"line":17,"column":2},"end":{"line":19,"column":4}},"5":{"start":{"line":23,"column":2},"end":{"line":33,"column":4}},"6":{"start":{"line":37,"column":2},"end":{"line":42,"column":4}},"7":{"start":{"line":38,"column":4},"end":{"line":41,"column":65}},"8":{"start":{"line":39,"column":24},"end":{"line":39,"column":39}},"9":{"start":{"line":40,"column":25},"end":{"line":40,"column":64}},"10":{"start":{"line":41,"column":22},"end":{"line":41,"column":63}},"11":{"start":{"line":46,"column":2},"end":{"line":49,"column":4}},"12":{"start":{"line":53,"column":2},"end":{"line":55,"column":4}},"13":{"start":{"line":59,"column":2},"end":{"line":62,"column":4}},"14":{"start":{"line":68,"column":2},"end":{"line":90,"column":4}},"15":{"start":{"line":69,"column":43},"end":{"line":69,"column":53}},"16":{"start":{"line":70,"column":30},"end":{"line":77,"column":5}},"17":{"start":{"line":78,"column":4},"end":{"line":89,"column":9}},"18":{"start":{"line":85,"column":24},"end":{"line":85,"column":39}},"19":{"start":{"line":87,"column":8},"end":{"line":87,"column":44}},"20":{"start":{"line":88,"column":8},"end":{"line":88,"column":59}},"21":{"start":{"line":94,"column":2},"end":{"line":96,"column":4}},"22":{"start":{"line":100,"column":2},"end":{"line":103,"column":4}},"23":{"start":{"line":107,"column":2},"end":{"line":120,"column":4}},"24":{"start":{"line":108,"column":4},"end":{"line":119,"column":44}},"25":{"start":{"line":115,"column":24},"end":{"line":115,"column":39}},"26":{"start":{"line":117,"column":8},"end":{"line":117,"column":61}},"27":{"start":{"line":119,"column":22},"end":{"line":119,"column":42}},"28":{"start":{"line":124,"column":2},"end":{"line":127,"column":4}},"29":{"start":{"line":131,"column":2},"end":{"line":144,"column":4}},"30":{"start":{"line":132,"column":4},"end":{"line":143,"column":44}},"31":{"start":{"line":139,"column":24},"end":{"line":139,"column":39}},"32":{"start":{"line":141,"column":8},"end":{"line":141,"column":45}},"33":{"start":{"line":143,"column":22},"end":{"line":143,"column":42}},"34":{"start":{"line":149,"column":2},"end":{"line":153,"column":4}},"35":{"start":{"line":157,"column":2},"end":{"line":163,"column":4}},"36":{"start":{"line":167,"column":2},"end":{"line":190,"column":4}},"37":{"start":{"line":168,"column":28},"end":{"line":168,"column":38}},"38":{"start":{"line":169,"column":22},"end":{"line":172,"column":5}},"39":{"start":{"line":173,"column":4},"end":{"line":189,"column":73}},"40":{"start":{"line":181,"column":8},"end":{"line":183,"column":9}},"41":{"start":{"line":182,"column":10},"end":{"line":182,"column":33}},"42":{"start":{"line":184,"column":8},"end":{"line":184,"column":82}},"43":{"start":{"line":187,"column":8},"end":{"line":187,"column":52}},"44":{"start":{"line":189,"column":22},"end":{"line":189,"column":71}},"45":{"start":{"line":194,"column":2},"end":{"line":197,"column":4}},"46":{"start":{"line":201,"column":2},"end":{"line":204,"column":4}},"47":{"start":{"line":208,"column":2},"end":{"line":223,"column":4}},"48":{"start":{"line":209,"column":4},"end":{"line":222,"column":72}},"49":{"start":{"line":211,"column":8},"end":{"line":213,"column":9}},"50":{"start":{"line":212,"column":10},"end":{"line":212,"column":33}},"51":{"start":{"line":214,"column":8},"end":{"line":214,"column":82}},"52":{"start":{"line":217,"column":8},"end":{"line":219,"column":9}},"53":{"start":{"line":218,"column":10},"end":{"line":218,"column":46}},"54":{"start":{"line":220,"column":8},"end":{"line":220,"column":38}},"55":{"start":{"line":222,"column":22},"end":{"line":222,"column":70}},"56":{"start":{"line":227,"column":2},"end":{"line":227,"column":32}},"57":{"start":{"line":231,"column":2},"end":{"line":238,"column":4}},"58":{"start":{"line":232,"column":4},"end":{"line":237,"column":42}},"59":{"start":{"line":233,"column":24},"end":{"line":233,"column":39}},"60":{"start":{"line":235,"column":8},"end":{"line":235,"column":30}},"61":{"start":{"line":237,"column":22},"end":{"line":237,"column":40}},"62":{"start":{"line":242,"column":2},"end":{"line":245,"column":4}},"63":{"start":{"line":249,"column":2},"end":{"line":254,"column":4}},"64":{"start":{"line":250,"column":4},"end":{"line":253,"column":50}},"65":{"start":{"line":251,"column":24},"end":{"line":251,"column":39}},"66":{"start":{"line":252,"column":25},"end":{"line":252,"column":64}},"67":{"start":{"line":253,"column":22},"end":{"line":253,"column":48}},"68":{"start":{"line":258,"column":2},"end":{"line":261,"column":4}},"69":{"start":{"line":259,"column":4},"end":{"line":259,"column":44}},"70":{"start":{"line":260,"column":4},"end":{"line":260,"column":37}},"71":{"start":{"line":265,"column":2},"end":{"line":268,"column":4}},"72":{"start":{"line":272,"column":2},"end":{"line":277,"column":4}},"73":{"start":{"line":273,"column":4},"end":{"line":276,"column":50}},"74":{"start":{"line":274,"column":24},"end":{"line":274,"column":39}},"75":{"start":{"line":275,"column":25},"end":{"line":275,"column":69}},"76":{"start":{"line":276,"column":22},"end":{"line":276,"column":48}},"77":{"start":{"line":281,"column":2},"end":{"line":289,"column":4}},"78":{"start":{"line":293,"column":2},"end":{"line":298,"column":4}},"79":{"start":{"line":294,"column":4},"end":{"line":297,"column":65}},"80":{"start":{"line":295,"column":24},"end":{"line":295,"column":39}},"81":{"start":{"line":296,"column":21},"end":{"line":296,"column":52}},"82":{"start":{"line":297,"column":22},"end":{"line":297,"column":63}},"83":{"start":{"line":302,"column":2},"end":{"line":305,"column":4}},"84":{"start":{"line":303,"column":4},"end":{"line":303,"column":40}},"85":{"start":{"line":304,"column":4},"end":{"line":304,"column":33}},"86":{"start":{"line":309,"column":2},"end":{"line":312,"column":4}},"87":{"start":{"line":316,"column":2},"end":{"line":321,"column":4}},"88":{"start":{"line":317,"column":4},"end":{"line":320,"column":50}},"89":{"start":{"line":318,"column":24},"end":{"line":318,"column":39}},"90":{"start":{"line":319,"column":25},"end":{"line":319,"column":70}},"91":{"start":{"line":320,"column":22},"end":{"line":320,"column":48}}},"fnMap":{"0":{"name":"setDonationAmount","decl":{"start":{"line":1,"column":16},"end":{"line":1,"column":33}},"loc":{"start":{"line":1,"column":42},"end":{"line":8,"column":1}},"line":1},"1":{"name":"togglePaymentDetails","decl":{"start":{"line":10,"column":16},"end":{"line":10,"column":36}},"loc":{"start":{"line":10,"column":39},"end":{"line":14,"column":1}},"line":10},"2":{"name":"toggleDonationComplete","decl":{"start":{"line":16,"column":16},"end":{"line":16,"column":38}},"loc":{"start":{"line":16,"column":41},"end":{"line":20,"column":1}},"line":16},"3":{"name":"setRecipientFromDB","decl":{"start":{"line":22,"column":16},"end":{"line":22,"column":34}},"loc":{"start":{"line":22,"column":46},"end":{"line":34,"column":1}},"line":22},"4":{"name":"getRecipientFromDB","decl":{"start":{"line":36,"column":16},"end":{"line":36,"column":34}},"loc":{"start":{"line":36,"column":39},"end":{"line":43,"column":1}},"line":36},"5":{"name":"(anonymous_5)","decl":{"start":{"line":37,"column":9},"end":{"line":37,"column":10}},"loc":{"start":{"line":37,"column":29},"end":{"line":42,"column":3}},"line":37},"6":{"name":"(anonymous_6)","decl":{"start":{"line":39,"column":12},"end":{"line":39,"column":13}},"loc":{"start":{"line":39,"column":24},"end":{"line":39,"column":39}},"line":39},"7":{"name":"(anonymous_7)","decl":{"start":{"line":40,"column":12},"end":{"line":40,"column":13}},"loc":{"start":{"line":40,"column":25},"end":{"line":40,"column":64}},"line":40},"8":{"name":"(anonymous_8)","decl":{"start":{"line":41,"column":13},"end":{"line":41,"column":14}},"loc":{"start":{"line":41,"column":22},"end":{"line":41,"column":63}},"line":41},"9":{"name":"receiveStripeToken","decl":{"start":{"line":45,"column":16},"end":{"line":45,"column":34}},"loc":{"start":{"line":45,"column":48},"end":{"line":50,"column":1}},"line":45},"10":{"name":"setDonorID","decl":{"start":{"line":52,"column":16},"end":{"line":52,"column":26}},"loc":{"start":{"line":52,"column":29},"end":{"line":56,"column":1}},"line":52},"11":{"name":"setDonationID","decl":{"start":{"line":58,"column":16},"end":{"line":58,"column":29}},"loc":{"start":{"line":58,"column":42},"end":{"line":63,"column":1}},"line":58},"12":{"name":"createPaymentDetails","decl":{"start":{"line":67,"column":16},"end":{"line":67,"column":36}},"loc":{"start":{"line":67,"column":44},"end":{"line":91,"column":1}},"line":67},"13":{"name":"(anonymous_13)","decl":{"start":{"line":68,"column":9},"end":{"line":68,"column":10}},"loc":{"start":{"line":68,"column":39},"end":{"line":90,"column":3}},"line":68},"14":{"name":"(anonymous_14)","decl":{"start":{"line":85,"column":12},"end":{"line":85,"column":13}},"loc":{"start":{"line":85,"column":24},"end":{"line":85,"column":39}},"line":85},"15":{"name":"(anonymous_15)","decl":{"start":{"line":86,"column":12},"end":{"line":86,"column":13}},"loc":{"start":{"line":86,"column":28},"end":{"line":89,"column":7}},"line":86},"16":{"name":"submitRecipientForm","decl":{"start":{"line":93,"column":16},"end":{"line":93,"column":35}},"loc":{"start":{"line":93,"column":38},"end":{"line":97,"column":1}},"line":93},"17":{"name":"setRecipientIdForQrCode","decl":{"start":{"line":99,"column":16},"end":{"line":99,"column":39}},"loc":{"start":{"line":99,"column":44},"end":{"line":104,"column":1}},"line":99},"18":{"name":"addRecipient","decl":{"start":{"line":106,"column":16},"end":{"line":106,"column":28}},"loc":{"start":{"line":106,"column":40},"end":{"line":121,"column":1}},"line":106},"19":{"name":"(anonymous_19)","decl":{"start":{"line":107,"column":9},"end":{"line":107,"column":10}},"loc":{"start":{"line":107,"column":29},"end":{"line":120,"column":3}},"line":107},"20":{"name":"(anonymous_20)","decl":{"start":{"line":115,"column":12},"end":{"line":115,"column":13}},"loc":{"start":{"line":115,"column":24},"end":{"line":115,"column":39}},"line":115},"21":{"name":"(anonymous_21)","decl":{"start":{"line":116,"column":12},"end":{"line":116,"column":13}},"loc":{"start":{"line":116,"column":22},"end":{"line":118,"column":7}},"line":116},"22":{"name":"(anonymous_22)","decl":{"start":{"line":119,"column":13},"end":{"line":119,"column":14}},"loc":{"start":{"line":119,"column":22},"end":{"line":119,"column":42}},"line":119},"23":{"name":"setNewDonorId","decl":{"start":{"line":123,"column":16},"end":{"line":123,"column":29}},"loc":{"start":{"line":123,"column":42},"end":{"line":128,"column":1}},"line":123},"24":{"name":"addDonor","decl":{"start":{"line":130,"column":16},"end":{"line":130,"column":24}},"loc":{"start":{"line":130,"column":32},"end":{"line":145,"column":1}},"line":130},"25":{"name":"(anonymous_25)","decl":{"start":{"line":131,"column":9},"end":{"line":131,"column":10}},"loc":{"start":{"line":131,"column":29},"end":{"line":144,"column":3}},"line":131},"26":{"name":"(anonymous_26)","decl":{"start":{"line":139,"column":12},"end":{"line":139,"column":13}},"loc":{"start":{"line":139,"column":24},"end":{"line":139,"column":39}},"line":139},"27":{"name":"(anonymous_27)","decl":{"start":{"line":140,"column":12},"end":{"line":140,"column":13}},"loc":{"start":{"line":140,"column":26},"end":{"line":142,"column":7}},"line":140},"28":{"name":"(anonymous_28)","decl":{"start":{"line":143,"column":13},"end":{"line":143,"column":14}},"loc":{"start":{"line":143,"column":22},"end":{"line":143,"column":42}},"line":143},"29":{"name":"setLoginDetails","decl":{"start":{"line":148,"column":16},"end":{"line":148,"column":31}},"loc":{"start":{"line":148,"column":55},"end":{"line":154,"column":1}},"line":148},"30":{"name":"setUserFromPassport","decl":{"start":{"line":156,"column":16},"end":{"line":156,"column":35}},"loc":{"start":{"line":156,"column":42},"end":{"line":164,"column":1}},"line":156},"31":{"name":"login","decl":{"start":{"line":166,"column":16},"end":{"line":166,"column":21}},"loc":{"start":{"line":166,"column":24},"end":{"line":191,"column":1}},"line":166},"32":{"name":"(anonymous_32)","decl":{"start":{"line":167,"column":9},"end":{"line":167,"column":10}},"loc":{"start":{"line":167,"column":39},"end":{"line":190,"column":3}},"line":167},"33":{"name":"(anonymous_33)","decl":{"start":{"line":180,"column":12},"end":{"line":180,"column":13}},"loc":{"start":{"line":180,"column":26},"end":{"line":185,"column":7}},"line":180},"34":{"name":"(anonymous_34)","decl":{"start":{"line":186,"column":12},"end":{"line":186,"column":13}},"loc":{"start":{"line":186,"column":30},"end":{"line":188,"column":7}},"line":186},"35":{"name":"(anonymous_35)","decl":{"start":{"line":189,"column":13},"end":{"line":189,"column":14}},"loc":{"start":{"line":189,"column":22},"end":{"line":189,"column":71}},"line":189},"36":{"name":"setHasCheckedUser","decl":{"start":{"line":193,"column":16},"end":{"line":193,"column":33}},"loc":{"start":{"line":193,"column":36},"end":{"line":198,"column":1}},"line":193},"37":{"name":"setDropdown","decl":{"start":{"line":200,"column":16},"end":{"line":200,"column":27}},"loc":{"start":{"line":200,"column":38},"end":{"line":205,"column":1}},"line":200},"38":{"name":"checkLogin","decl":{"start":{"line":207,"column":16},"end":{"line":207,"column":26}},"loc":{"start":{"line":207,"column":29},"end":{"line":224,"column":1}},"line":207},"39":{"name":"(anonymous_39)","decl":{"start":{"line":208,"column":9},"end":{"line":208,"column":10}},"loc":{"start":{"line":208,"column":29},"end":{"line":223,"column":3}},"line":208},"40":{"name":"(anonymous_40)","decl":{"start":{"line":210,"column":12},"end":{"line":210,"column":13}},"loc":{"start":{"line":210,"column":26},"end":{"line":215,"column":7}},"line":210},"41":{"name":"(anonymous_41)","decl":{"start":{"line":216,"column":12},"end":{"line":216,"column":13}},"loc":{"start":{"line":216,"column":22},"end":{"line":221,"column":7}},"line":216},"42":{"name":"(anonymous_42)","decl":{"start":{"line":222,"column":13},"end":{"line":222,"column":14}},"loc":{"start":{"line":222,"column":22},"end":{"line":222,"column":70}},"line":222},"43":{"name":"setLogout","decl":{"start":{"line":226,"column":16},"end":{"line":226,"column":25}},"loc":{"start":{"line":226,"column":28},"end":{"line":228,"column":1}},"line":226},"44":{"name":"logout","decl":{"start":{"line":230,"column":16},"end":{"line":230,"column":22}},"loc":{"start":{"line":230,"column":25},"end":{"line":239,"column":1}},"line":230},"45":{"name":"(anonymous_45)","decl":{"start":{"line":231,"column":9},"end":{"line":231,"column":10}},"loc":{"start":{"line":231,"column":29},"end":{"line":238,"column":3}},"line":231},"46":{"name":"(anonymous_46)","decl":{"start":{"line":233,"column":12},"end":{"line":233,"column":13}},"loc":{"start":{"line":233,"column":24},"end":{"line":233,"column":39}},"line":233},"47":{"name":"(anonymous_47)","decl":{"start":{"line":234,"column":12},"end":{"line":234,"column":13}},"loc":{"start":{"line":234,"column":22},"end":{"line":236,"column":7}},"line":234},"48":{"name":"(anonymous_48)","decl":{"start":{"line":237,"column":13},"end":{"line":237,"column":14}},"loc":{"start":{"line":237,"column":22},"end":{"line":237,"column":40}},"line":237},"49":{"name":"setDonationsFromDB","decl":{"start":{"line":241,"column":16},"end":{"line":241,"column":34}},"loc":{"start":{"line":241,"column":46},"end":{"line":246,"column":1}},"line":241},"50":{"name":"getDonationsByRecipientID","decl":{"start":{"line":248,"column":16},"end":{"line":248,"column":41}},"loc":{"start":{"line":248,"column":46},"end":{"line":255,"column":1}},"line":248},"51":{"name":"(anonymous_51)","decl":{"start":{"line":249,"column":9},"end":{"line":249,"column":10}},"loc":{"start":{"line":249,"column":29},"end":{"line":254,"column":3}},"line":249},"52":{"name":"(anonymous_52)","decl":{"start":{"line":251,"column":12},"end":{"line":251,"column":13}},"loc":{"start":{"line":251,"column":24},"end":{"line":251,"column":39}},"line":251},"53":{"name":"(anonymous_53)","decl":{"start":{"line":252,"column":12},"end":{"line":252,"column":13}},"loc":{"start":{"line":252,"column":25},"end":{"line":252,"column":64}},"line":252},"54":{"name":"(anonymous_54)","decl":{"start":{"line":253,"column":13},"end":{"line":253,"column":14}},"loc":{"start":{"line":253,"column":22},"end":{"line":253,"column":48}},"line":253},"55":{"name":"getProfileDetailsByID","decl":{"start":{"line":257,"column":16},"end":{"line":257,"column":37}},"loc":{"start":{"line":257,"column":42},"end":{"line":262,"column":1}},"line":257},"56":{"name":"(anonymous_56)","decl":{"start":{"line":258,"column":9},"end":{"line":258,"column":10}},"loc":{"start":{"line":258,"column":29},"end":{"line":261,"column":3}},"line":258},"57":{"name":"setDonorDonationsFromDB","decl":{"start":{"line":264,"column":16},"end":{"line":264,"column":39}},"loc":{"start":{"line":264,"column":51},"end":{"line":269,"column":1}},"line":264},"58":{"name":"getDonationsByDonorID","decl":{"start":{"line":271,"column":16},"end":{"line":271,"column":37}},"loc":{"start":{"line":271,"column":42},"end":{"line":278,"column":1}},"line":271},"59":{"name":"(anonymous_59)","decl":{"start":{"line":272,"column":9},"end":{"line":272,"column":10}},"loc":{"start":{"line":272,"column":29},"end":{"line":277,"column":3}},"line":272},"60":{"name":"(anonymous_60)","decl":{"start":{"line":274,"column":12},"end":{"line":274,"column":13}},"loc":{"start":{"line":274,"column":24},"end":{"line":274,"column":39}},"line":274},"61":{"name":"(anonymous_61)","decl":{"start":{"line":275,"column":12},"end":{"line":275,"column":13}},"loc":{"start":{"line":275,"column":25},"end":{"line":275,"column":69}},"line":275},"62":{"name":"(anonymous_62)","decl":{"start":{"line":276,"column":13},"end":{"line":276,"column":14}},"loc":{"start":{"line":276,"column":22},"end":{"line":276,"column":48}},"line":276},"63":{"name":"setDonorFromDB","decl":{"start":{"line":280,"column":16},"end":{"line":280,"column":30}},"loc":{"start":{"line":280,"column":38},"end":{"line":290,"column":1}},"line":280},"64":{"name":"getDonorFromDB","decl":{"start":{"line":292,"column":16},"end":{"line":292,"column":30}},"loc":{"start":{"line":292,"column":35},"end":{"line":299,"column":1}},"line":292},"65":{"name":"(anonymous_65)","decl":{"start":{"line":293,"column":9},"end":{"line":293,"column":10}},"loc":{"start":{"line":293,"column":29},"end":{"line":298,"column":3}},"line":293},"66":{"name":"(anonymous_66)","decl":{"start":{"line":295,"column":12},"end":{"line":295,"column":13}},"loc":{"start":{"line":295,"column":24},"end":{"line":295,"column":39}},"line":295},"67":{"name":"(anonymous_67)","decl":{"start":{"line":296,"column":12},"end":{"line":296,"column":13}},"loc":{"start":{"line":296,"column":21},"end":{"line":296,"column":52}},"line":296},"68":{"name":"(anonymous_68)","decl":{"start":{"line":297,"column":13},"end":{"line":297,"column":14}},"loc":{"start":{"line":297,"column":22},"end":{"line":297,"column":63}},"line":297},"69":{"name":"getDonorDetailsByID","decl":{"start":{"line":301,"column":16},"end":{"line":301,"column":35}},"loc":{"start":{"line":301,"column":40},"end":{"line":306,"column":1}},"line":301},"70":{"name":"(anonymous_70)","decl":{"start":{"line":302,"column":9},"end":{"line":302,"column":10}},"loc":{"start":{"line":302,"column":29},"end":{"line":305,"column":3}},"line":302},"71":{"name":"setOrganisationDonations","decl":{"start":{"line":308,"column":16},"end":{"line":308,"column":40}},"loc":{"start":{"line":308,"column":52},"end":{"line":313,"column":1}},"line":308},"72":{"name":"getDonationsByOrganisationID","decl":{"start":{"line":315,"column":16},"end":{"line":315,"column":44}},"loc":{"start":{"line":315,"column":49},"end":{"line":322,"column":1}},"line":315},"73":{"name":"(anonymous_73)","decl":{"start":{"line":316,"column":9},"end":{"line":316,"column":10}},"loc":{"start":{"line":316,"column":29},"end":{"line":321,"column":3}},"line":316},"74":{"name":"(anonymous_74)","decl":{"start":{"line":318,"column":12},"end":{"line":318,"column":13}},"loc":{"start":{"line":318,"column":24},"end":{"line":318,"column":39}},"line":318},"75":{"name":"(anonymous_75)","decl":{"start":{"line":319,"column":12},"end":{"line":319,"column":13}},"loc":{"start":{"line":319,"column":25},"end":{"line":319,"column":70}},"line":319},"76":{"name":"(anonymous_76)","decl":{"start":{"line":320,"column":13},"end":{"line":320,"column":14}},"loc":{"start":{"line":320,"column":22},"end":{"line":320,"column":48}},"line":320}},"branchMap":{"0":{"loc":{"start":{"line":3,"column":19},"end":{"line":3,"column":74}},"type":"cond-expr","locations":[{"start":{"line":3,"column":35},"end":{"line":3,"column":62}},{"start":{"line":3,"column":65},"end":{"line":3,"column":74}}],"line":3},"1":{"loc":{"start":{"line":181,"column":8},"end":{"line":183,"column":9}},"type":"if","locations":[{"start":{"line":181,"column":8},"end":{"line":183,"column":9}},{"start":{"line":181,"column":8},"end":{"line":183,"column":9}}],"line":181},"2":{"loc":{"start":{"line":211,"column":8},"end":{"line":213,"column":9}},"type":"if","locations":[{"start":{"line":211,"column":8},"end":{"line":213,"column":9}},{"start":{"line":211,"column":8},"end":{"line":213,"column":9}}],"line":211},"3":{"loc":{"start":{"line":217,"column":8},"end":{"line":219,"column":9}},"type":"if","locations":[{"start":{"line":217,"column":8},"end":{"line":219,"column":9}},{"start":{"line":217,"column":8},"end":{"line":219,"column":9}}],"line":217}},"s":{"0":1,"1":1,"2":1,"3":1,"4":0,"5":2,"6":1,"7":1,"8":1,"9":1,"10":0,"11":1,"12":1,"13":1,"14":0,"15":0,"16":0,"17":0,"18":0,"19":0,"20":0,"21":1,"22":2,"23":1,"24":1,"25":1,"26":1,"27":0,"28":2,"29":1,"30":1,"31":1,"32":1,"33":0,"34":1,"35":1,"36":0,"37":0,"38":0,"39":0,"40":0,"41":0,"42":0,"43":0,"44":0,"45":1,"46":0,"47":0,"48":0,"49":0,"50":0,"51":0,"52":0,"53":0,"54":0,"55":0,"56":1,"57":0,"58":0,"59":0,"60":0,"61":0,"62":2,"63":1,"64":1,"65":1,"66":1,"67":0,"68":0,"69":0,"70":0,"71":2,"72":1,"73":1,"74":1,"75":1,"76":0,"77":2,"78":1,"79":1,"80":1,"81":1,"82":0,"83":0,"84":0,"85":0,"86":2,"87":1,"88":1,"89":1,"90":1,"91":0},"f":{"0":1,"1":1,"2":0,"3":2,"4":1,"5":1,"6":1,"7":1,"8":0,"9":1,"10":1,"11":1,"12":0,"13":0,"14":0,"15":0,"16":1,"17":2,"18":1,"19":1,"20":1,"21":1,"22":0,"23":2,"24":1,"25":1,"26":1,"27":1,"28":0,"29":1,"30":1,"31":0,"32":0,"33":0,"34":0,"35":0,"36":1,"37":0,"38":0,"39":0,"40":0,"41":0,"42":0,"43":1,"44":0,"45":0,"46":0,"47":0,"48":0,"49":2,"50":1,"51":1,"52":1,"53":1,"54":0,"55":0,"56":0,"57":2,"58":1,"59":1,"60":1,"61":1,"62":0,"63":2,"64":1,"65":1,"66":1,"67":1,"68":0,"69":0,"70":0,"71":2,"72":1,"73":1,"74":1,"75":1,"76":0},"b":{"0":[1,0],"1":[0,0],"2":[0,0],"3":[0,0]},"_coverageSchema":"332fd63041d2c1bcb487cc26dd0d5f7d97098a6c","hash":"873792dd87fc5394a8bfc84e53338e0b53fe1119"}
,"/Users/joelamb/workspace/benefit/src/components/AnimationWrapper.js": {"path":"/Users/joelamb/workspace/benefit/src/components/AnimationWrapper.js","statementMap":{"0":{"start":{"line":6,"column":25},"end":{"line":19,"column":4}},"1":{"start":{"line":7,"column":2},"end":{"line":19,"column":3}},"2":{"start":{"line":8,"column":4},"end":{"line":18,"column":25}},"3":{"start":{"line":22,"column":0},"end":{"line":29,"column":2}}},"fnMap":{"0":{"name":"(anonymous_0)","decl":{"start":{"line":6,"column":25},"end":{"line":6,"column":26}},"loc":{"start":{"line":7,"column":2},"end":{"line":19,"column":3}},"line":7},"1":{"name":"(anonymous_1)","decl":{"start":{"line":7,"column":2},"end":{"line":7,"column":3}},"loc":{"start":{"line":8,"column":4},"end":{"line":18,"column":25}},"line":8}},"branchMap":{},"s":{"0":12,"1":21,"2":5,"3":12},"f":{"0":21,"1":5},"b":{},"_coverageSchema":"332fd63041d2c1bcb487cc26dd0d5f7d97098a6c","hash":"ff029a54848a8cf14f50605a691781bbb777057d"}
,"/Users/joelamb/workspace/benefit/src/components/App.js": {"path":"/Users/joelamb/workspace/benefit/src/components/App.js","statementMap":{"0":{"start":{"line":17,"column":12},"end":{"line":33,"column":1}},"1":{"start":{"line":18,"column":2},"end":{"line":32,"column":11}}},"fnMap":{"0":{"name":"(anonymous_0)","decl":{"start":{"line":17,"column":12},"end":{"line":17,"column":13}},"loc":{"start":{"line":18,"column":2},"end":{"line":32,"column":11}},"line":18}},"branchMap":{},"s":{"0":1,"1":0},"f":{"0":0},"b":{},"_coverageSchema":"332fd63041d2c1bcb487cc26dd0d5f7d97098a6c","hash":"25c786aac40b89a6b3692391f968f7e2be8de2ad"}
,"/Users/joelamb/workspace/benefit/src/components/AppFooter.js": {"path":"/Users/joelamb/workspace/benefit/src/components/AppFooter.js","statementMap":{"0":{"start":{"line":4,"column":18},"end":{"line":8,"column":1}},"1":{"start":{"line":5,"column":2},"end":{"line":7,"column":11}}},"fnMap":{"0":{"name":"(anonymous_0)","decl":{"start":{"line":4,"column":18},"end":{"line":4,"column":19}},"loc":{"start":{"line":5,"column":2},"end":{"line":7,"column":11}},"line":5}},"branchMap":{},"s":{"0":2,"1":1},"f":{"0":1},"b":{},"_coverageSchema":"332fd63041d2c1bcb487cc26dd0d5f7d97098a6c","hash":"e785628ab4786ae6f3c379cee622b96f886697ac"}
,"/Users/joelamb/workspace/benefit/src/components/AppHeader.js": {"path":"/Users/joelamb/workspace/benefit/src/components/AppHeader.js","statementMap":{"0":{"start":{"line":9,"column":4},"end":{"line":9,"column":12}},"1":{"start":{"line":11,"column":4},"end":{"line":11,"column":51}},"2":{"start":{"line":15,"column":40},"end":{"line":15,"column":50}},"3":{"start":{"line":16,"column":21},"end":{"line":16,"column":23}},"4":{"start":{"line":17,"column":4},"end":{"line":25,"column":5}},"5":{"start":{"line":18,"column":6},"end":{"line":18,"column":44}},"6":{"start":{"line":19,"column":6},"end":{"line":21,"column":7}},"7":{"start":{"line":20,"column":8},"end":{"line":20,"column":50}},"8":{"start":{"line":22,"column":6},"end":{"line":22,"column":31}},"9":{"start":{"line":23,"column":11},"end":{"line":25,"column":5}},"10":{"start":{"line":24,"column":6},"end":{"line":24,"column":24}},"11":{"start":{"line":29,"column":58},"end":{"line":29,"column":68}},"12":{"start":{"line":30,"column":4},"end":{"line":30,"column":27}},"13":{"start":{"line":31,"column":4},"end":{"line":31,"column":26}},"14":{"start":{"line":32,"column":4},"end":{"line":34,"column":5}},"15":{"start":{"line":33,"column":6},"end":{"line":33,"column":15}},"16":{"start":{"line":38,"column":47},"end":{"line":38,"column":57}},"17":{"start":{"line":39,"column":20},"end":{"line":41,"column":6}},"18":{"start":{"line":42,"column":25},"end":{"line":42,"column":58}},"19":{"start":{"line":43,"column":23},"end":{"line":45,"column":54}},"20":{"start":{"line":46,"column":4},"end":{"line":57,"column":6}},"21":{"start":{"line":61,"column":0},"end":{"line":70,"column":2}},"22":{"start":{"line":72,"column":0},"end":{"line":75,"column":2}}},"fnMap":{"0":{"name":"(anonymous_0)","decl":{"start":{"line":8,"column":2},"end":{"line":8,"column":3}},"loc":{"start":{"line":8,"column":16},"end":{"line":12,"column":3}},"line":8},"1":{"name":"(anonymous_1)","decl":{"start":{"line":14,"column":2},"end":{"line":14,"column":3}},"loc":{"start":{"line":14,"column":96},"end":{"line":26,"column":3}},"line":14},"2":{"name":"(anonymous_2)","decl":{"start":{"line":28,"column":2},"end":{"line":28,"column":3}},"loc":{"start":{"line":28,"column":21},"end":{"line":35,"column":3}},"line":28},"3":{"name":"(anonymous_3)","decl":{"start":{"line":37,"column":2},"end":{"line":37,"column":3}},"loc":{"start":{"line":37,"column":11},"end":{"line":58,"column":3}},"line":37}},"branchMap":{"0":{"loc":{"start":{"line":17,"column":4},"end":{"line":25,"column":5}},"type":"if","locations":[{"start":{"line":17,"column":4},"end":{"line":25,"column":5}},{"start":{"line":17,"column":4},"end":{"line":25,"column":5}}],"line":17},"1":{"loc":{"start":{"line":17,"column":8},"end":{"line":17,"column":37}},"type":"binary-expr","locations":[{"start":{"line":17,"column":8},"end":{"line":17,"column":20}},{"start":{"line":17,"column":24},"end":{"line":17,"column":37}}],"line":17},"2":{"loc":{"start":{"line":19,"column":6},"end":{"line":21,"column":7}},"type":"if","locations":[{"start":{"line":19,"column":6},"end":{"line":21,"column":7}},{"start":{"line":19,"column":6},"end":{"line":21,"column":7}}],"line":19},"3":{"loc":{"start":{"line":19,"column":10},"end":{"line":19,"column":47}},"type":"binary-expr","locations":[{"start":{"line":19,"column":10},"end":{"line":19,"column":24}},{"start":{"line":19,"column":28},"end":{"line":19,"column":47}}],"line":19},"4":{"loc":{"start":{"line":23,"column":11},"end":{"line":25,"column":5}},"type":"if","locations":[{"start":{"line":23,"column":11},"end":{"line":25,"column":5}},{"start":{"line":23,"column":11},"end":{"line":25,"column":5}}],"line":23},"5":{"loc":{"start":{"line":23,"column":15},"end":{"line":23,"column":44}},"type":"binary-expr","locations":[{"start":{"line":23,"column":15},"end":{"line":23,"column":26}},{"start":{"line":23,"column":30},"end":{"line":23,"column":44}}],"line":23},"6":{"loc":{"start":{"line":32,"column":4},"end":{"line":34,"column":5}},"type":"if","locations":[{"start":{"line":32,"column":4},"end":{"line":34,"column":5}},{"start":{"line":32,"column":4},"end":{"line":34,"column":5}}],"line":32},"7":{"loc":{"start":{"line":40,"column":24},"end":{"line":40,"column":66}},"type":"binary-expr","locations":[{"start":{"line":40,"column":24},"end":{"line":40,"column":32}},{"start":{"line":40,"column":36},"end":{"line":40,"column":66}}],"line":40},"8":{"loc":{"start":{"line":42,"column":25},"end":{"line":42,"column":58}},"type":"cond-expr","locations":[{"start":{"line":42,"column":38},"end":{"line":42,"column":47}},{"start":{"line":42,"column":50},"end":{"line":42,"column":58}}],"line":42},"9":{"loc":{"start":{"line":43,"column":23},"end":{"line":45,"column":54}},"type":"cond-expr","locations":[{"start":{"line":44,"column":8},"end":{"line":44,"column":52}},{"start":{"line":45,"column":8},"end":{"line":45,"column":54}}],"line":43},"10":{"loc":{"start":{"line":51,"column":9},"end":{"line":51,"column":60}},"type":"binary-expr","locations":[{"start":{"line":51,"column":9},"end":{"line":51,"column":20}},{"start":{"line":51,"column":24},"end":{"line":51,"column":60}}],"line":51}},"s":{"0":0,"1":0,"2":0,"3":0,"4":0,"5":0,"6":0,"7":0,"8":0,"9":0,"10":0,"11":0,"12":0,"13":0,"14":0,"15":0,"16":0,"17":0,"18":0,"19":0,"20":0,"21":3,"22":3},"f":{"0":0,"1":0,"2":0,"3":0},"b":{"0":[0,0],"1":[0,0],"2":[0,0],"3":[0,0],"4":[0,0],"5":[0,0],"6":[0,0],"7":[0,0],"8":[0,0],"9":[0,0],"10":[0,0]},"_coverageSchema":"332fd63041d2c1bcb487cc26dd0d5f7d97098a6c","hash":"9026b91917a306f659e21e4bc956dec3c109b212"}
,"/Users/joelamb/workspace/benefit/src/components/AppWrapper.js": {"path":"/Users/joelamb/workspace/benefit/src/components/AppWrapper.js","statementMap":{"0":{"start":{"line":7,"column":27},"end":{"line":7,"column":37}},"1":{"start":{"line":8,"column":4},"end":{"line":8,"column":17}},"2":{"start":{"line":12,"column":31},"end":{"line":12,"column":41}},"3":{"start":{"line":13,"column":4},"end":{"line":13,"column":60}},"4":{"start":{"line":17,"column":0},"end":{"line":20,"column":2}}},"fnMap":{"0":{"name":"(anonymous_0)","decl":{"start":{"line":6,"column":2},"end":{"line":6,"column":3}},"loc":{"start":{"line":6,"column":22},"end":{"line":9,"column":3}},"line":6},"1":{"name":"(anonymous_1)","decl":{"start":{"line":11,"column":2},"end":{"line":11,"column":3}},"loc":{"start":{"line":11,"column":11},"end":{"line":14,"column":3}},"line":11}},"branchMap":{"0":{"loc":{"start":{"line":13,"column":11},"end":{"line":13,"column":59}},"type":"cond-expr","locations":[{"start":{"line":13,"column":28},"end":{"line":13,"column":35}},{"start":{"line":13,"column":38},"end":{"line":13,"column":59}}],"line":13}},"s":{"0":0,"1":0,"2":0,"3":0,"4":1},"f":{"0":0,"1":0},"b":{"0":[0,0]},"_coverageSchema":"332fd63041d2c1bcb487cc26dd0d5f7d97098a6c","hash":"ae751ad1d225ad21448253465fbcbff3d61bddcf"}
,"/Users/joelamb/workspace/benefit/src/components/CardSection.js": {"path":"/Users/joelamb/workspace/benefit/src/components/CardSection.js","statementMap":{"0":{"start":{"line":9,"column":4},"end":{"line":20,"column":6}}},"fnMap":{"0":{"name":"(anonymous_0)","decl":{"start":{"line":7,"column":2},"end":{"line":7,"column":3}},"loc":{"start":{"line":7,"column":11},"end":{"line":21,"column":3}},"line":7}},"branchMap":{},"s":{"0":0},"f":{"0":0},"b":{},"_coverageSchema":"332fd63041d2c1bcb487cc26dd0d5f7d97098a6c","hash":"b319eacf520de165febc2890a5ab449fadded218"}
,"/Users/joelamb/workspace/benefit/src/components/Dashboard.js": {"path":"/Users/joelamb/workspace/benefit/src/components/Dashboard.js","statementMap":{"0":{"start":{"line":9,"column":49},"end":{"line":9,"column":59}},"1":{"start":{"line":10,"column":4},"end":{"line":10,"column":37}},"2":{"start":{"line":14,"column":26},"end":{"line":14,"column":36}},"3":{"start":{"line":16,"column":16},"end":{"line":16,"column":17}},"4":{"start":{"line":18,"column":24},"end":{"line":20,"column":17}},"5":{"start":{"line":18,"column":50},"end":{"line":18,"column":68}},"6":{"start":{"line":19,"column":30},"end":{"line":19,"column":47}},"7":{"start":{"line":24,"column":25},"end":{"line":24,"column":39}},"8":{"start":{"line":25,"column":4},"end":{"line":25,"column":27}},"9":{"start":{"line":27,"column":23},"end":{"line":33,"column":6}},"10":{"start":{"line":28,"column":31},"end":{"line":28,"column":35}},"11":{"start":{"line":29,"column":6},"end":{"line":29,"column":30}},"12":{"start":{"line":30,"column":6},"end":{"line":32,"column":8}},"13":{"start":{"line":35,"column":23},"end":{"line":38,"column":5}},"14":{"start":{"line":42,"column":24},"end":{"line":45,"column":6}},"15":{"start":{"line":43,"column":31},"end":{"line":43,"column":35}},"16":{"start":{"line":44,"column":6},"end":{"line":44,"column":65}},"17":{"start":{"line":47,"column":17},"end":{"line":54,"column":35}},"18":{"start":{"line":56,"column":4},"end":{"line":62,"column":7}},"19":{"start":{"line":57,"column":6},"end":{"line":61,"column":7}},"20":{"start":{"line":57,"column":31},"end":{"line":57,"column":55}},"21":{"start":{"line":58,"column":8},"end":{"line":58,"column":77}},"22":{"start":{"line":58,"column":29},"end":{"line":58,"column":53}},"23":{"start":{"line":60,"column":8},"end":{"line":60,"column":24}},"24":{"start":{"line":64,"column":4},"end":{"line":150,"column":6}},"25":{"start":{"line":84,"column":111},"end":{"line":84,"column":132}},"26":{"start":{"line":87,"column":46},"end":{"line":87,"column":71}},"27":{"start":{"line":87,"column":93},"end":{"line":87,"column":115}},"28":{"start":{"line":118,"column":41},"end":{"line":118,"column":62}},"29":{"start":{"line":135,"column":63},"end":{"line":135,"column":71}},"30":{"start":{"line":136,"column":16},"end":{"line":143,"column":18}},"31":{"start":{"line":154,"column":0},"end":{"line":158,"column":2}}},"fnMap":{"0":{"name":"(anonymous_0)","decl":{"start":{"line":8,"column":2},"end":{"line":8,"column":3}},"loc":{"start":{"line":8,"column":22},"end":{"line":11,"column":3}},"line":8},"1":{"name":"(anonymous_1)","decl":{"start":{"line":13,"column":2},"end":{"line":13,"column":3}},"loc":{"start":{"line":13,"column":11},"end":{"line":151,"column":3}},"line":13},"2":{"name":"(anonymous_2)","decl":{"start":{"line":18,"column":42},"end":{"line":18,"column":43}},"loc":{"start":{"line":18,"column":50},"end":{"line":18,"column":68}},"line":18},"3":{"name":"(anonymous_3)","decl":{"start":{"line":19,"column":15},"end":{"line":19,"column":16}},"loc":{"start":{"line":19,"column":30},"end":{"line":19,"column":47}},"line":19},"4":{"name":"(anonymous_4)","decl":{"start":{"line":27,"column":40},"end":{"line":27,"column":41}},"loc":{"start":{"line":27,"column":57},"end":{"line":33,"column":5}},"line":27},"5":{"name":"(anonymous_5)","decl":{"start":{"line":42,"column":38},"end":{"line":42,"column":39}},"loc":{"start":{"line":42,"column":48},"end":{"line":45,"column":5}},"line":42},"6":{"name":"(anonymous_6)","decl":{"start":{"line":56,"column":24},"end":{"line":56,"column":25}},"loc":{"start":{"line":56,"column":34},"end":{"line":62,"column":5}},"line":56},"7":{"name":"(anonymous_7)","decl":{"start":{"line":57,"column":20},"end":{"line":57,"column":21}},"loc":{"start":{"line":57,"column":31},"end":{"line":57,"column":55}},"line":57},"8":{"name":"(anonymous_8)","decl":{"start":{"line":58,"column":18},"end":{"line":58,"column":19}},"loc":{"start":{"line":58,"column":29},"end":{"line":58,"column":53}},"line":58},"9":{"name":"(anonymous_9)","decl":{"start":{"line":84,"column":103},"end":{"line":84,"column":104}},"loc":{"start":{"line":84,"column":111},"end":{"line":84,"column":132}},"line":84},"10":{"name":"(anonymous_10)","decl":{"start":{"line":87,"column":37},"end":{"line":87,"column":38}},"loc":{"start":{"line":87,"column":46},"end":{"line":87,"column":71}},"line":87},"11":{"name":"(anonymous_11)","decl":{"start":{"line":87,"column":84},"end":{"line":87,"column":85}},"loc":{"start":{"line":87,"column":93},"end":{"line":87,"column":115}},"line":87},"12":{"name":"(anonymous_12)","decl":{"start":{"line":118,"column":32},"end":{"line":118,"column":33}},"loc":{"start":{"line":118,"column":41},"end":{"line":118,"column":62}},"line":118},"13":{"name":"(anonymous_13)","decl":{"start":{"line":134,"column":29},"end":{"line":134,"column":30}},"loc":{"start":{"line":134,"column":43},"end":{"line":144,"column":15}},"line":134}},"branchMap":{"0":{"loc":{"start":{"line":57,"column":6},"end":{"line":61,"column":7}},"type":"if","locations":[{"start":{"line":57,"column":6},"end":{"line":61,"column":7}},{"start":{"line":57,"column":6},"end":{"line":61,"column":7}}],"line":57}},"s":{"0":0,"1":0,"2":0,"3":0,"4":0,"5":0,"6":0,"7":0,"8":0,"9":0,"10":0,"11":0,"12":0,"13":0,"14":0,"15":0,"16":0,"17":0,"18":0,"19":0,"20":0,"21":0,"22":0,"23":0,"24":0,"25":0,"26":0,"27":0,"28":0,"29":0,"30":0,"31":2},"f":{"0":0,"1":0,"2":0,"3":0,"4":0,"5":0,"6":0,"7":0,"8":0,"9":0,"10":0,"11":0,"12":0,"13":0},"b":{"0":[0,0]},"_coverageSchema":"332fd63041d2c1bcb487cc26dd0d5f7d97098a6c","hash":"83b5158b4d09c93c054fa3d3920fff2bc6ca9dda"}
,"/Users/joelamb/workspace/benefit/src/components/DonationForm.js": {"path":"/Users/joelamb/workspace/benefit/src/components/DonationForm.js","statementMap":{"0":{"start":{"line":6,"column":21},"end":{"line":45,"column":1}},"1":{"start":{"line":7,"column":2},"end":{"line":44,"column":19}},"2":{"start":{"line":15,"column":8},"end":{"line":15,"column":31}},"3":{"start":{"line":16,"column":8},"end":{"line":16,"column":31}},"4":{"start":{"line":27,"column":29},"end":{"line":27,"column":66}},"5":{"start":{"line":31,"column":34},"end":{"line":31,"column":71}},"6":{"start":{"line":34,"column":34},"end":{"line":34,"column":71}},"7":{"start":{"line":35,"column":34},"end":{"line":35,"column":71}},"8":{"start":{"line":36,"column":34},"end":{"line":36,"column":71}},"9":{"start":{"line":47,"column":0},"end":{"line":54,"column":2}},"10":{"start":{"line":56,"column":0},"end":{"line":58,"column":2}}},"fnMap":{"0":{"name":"(anonymous_0)","decl":{"start":{"line":6,"column":21},"end":{"line":6,"column":22}},"loc":{"start":{"line":7,"column":2},"end":{"line":44,"column":19}},"line":7},"1":{"name":"(anonymous_1)","decl":{"start":{"line":14,"column":16},"end":{"line":14,"column":17}},"loc":{"start":{"line":14,"column":27},"end":{"line":17,"column":7}},"line":14},"2":{"name":"(anonymous_2)","decl":{"start":{"line":27,"column":20},"end":{"line":27,"column":21}},"loc":{"start":{"line":27,"column":29},"end":{"line":27,"column":66}},"line":27},"3":{"name":"(anonymous_3)","decl":{"start":{"line":31,"column":25},"end":{"line":31,"column":26}},"loc":{"start":{"line":31,"column":34},"end":{"line":31,"column":71}},"line":31},"4":{"name":"(anonymous_4)","decl":{"start":{"line":34,"column":25},"end":{"line":34,"column":26}},"loc":{"start":{"line":34,"column":34},"end":{"line":34,"column":71}},"line":34},"5":{"name":"(anonymous_5)","decl":{"start":{"line":35,"column":25},"end":{"line":35,"column":26}},"loc":{"start":{"line":35,"column":34},"end":{"line":35,"column":71}},"line":35},"6":{"name":"(anonymous_6)","decl":{"start":{"line":36,"column":25},"end":{"line":36,"column":26}},"loc":{"start":{"line":36,"column":34},"end":{"line":36,"column":71}},"line":36}},"branchMap":{"0":{"loc":{"start":{"line":26,"column":17},"end":{"line":26,"column":74}},"type":"cond-expr","locations":[{"start":{"line":26,"column":48},"end":{"line":26,"column":51}},{"start":{"line":26,"column":54},"end":{"line":26,"column":74}}],"line":26}},"s":{"0":3,"1":1,"2":0,"3":0,"4":0,"5":0,"6":0,"7":0,"8":0,"9":3,"10":3},"f":{"0":1,"1":0,"2":0,"3":0,"4":0,"5":0,"6":0},"b":{"0":[0,1]},"_coverageSchema":"332fd63041d2c1bcb487cc26dd0d5f7d97098a6c","hash":"9f1411fae3162c2d8cdd11e1183277dd344d476f"}
,"/Users/joelamb/workspace/benefit/src/components/DonationHeader.js": {"path":"/Users/joelamb/workspace/benefit/src/components/DonationHeader.js","statementMap":{"0":{"start":{"line":5,"column":23},"end":{"line":19,"column":1}},"1":{"start":{"line":6,"column":2},"end":{"line":18,"column":19}},"2":{"start":{"line":21,"column":0},"end":{"line":23,"column":2}}},"fnMap":{"0":{"name":"(anonymous_0)","decl":{"start":{"line":5,"column":23},"end":{"line":5,"column":24}},"loc":{"start":{"line":6,"column":2},"end":{"line":18,"column":19}},"line":6}},"branchMap":{},"s":{"0":3,"1":1,"2":3},"f":{"0":1},"b":{},"_coverageSchema":"332fd63041d2c1bcb487cc26dd0d5f7d97098a6c","hash":"440a5bcb9e0d7e5bea2cc6a63a9989caa9fd9961"}
,"/Users/joelamb/workspace/benefit/src/components/DonationPayment.js": {"path":"/Users/joelamb/workspace/benefit/src/components/DonationPayment.js","statementMap":{"0":{"start":{"line":6,"column":24},"end":{"line":17,"column":1}},"1":{"start":{"line":7,"column":2},"end":{"line":16,"column":19}}},"fnMap":{"0":{"name":"(anonymous_0)","decl":{"start":{"line":6,"column":24},"end":{"line":6,"column":25}},"loc":{"start":{"line":7,"column":2},"end":{"line":16,"column":19}},"line":7}},"branchMap":{"0":{"loc":{"start":{"line":9,"column":7},"end":{"line":13,"column":7}},"type":"binary-expr","locations":[{"start":{"line":9,"column":7},"end":{"line":9,"column":24}},{"start":{"line":10,"column":8},"end":{"line":12,"column":19}}],"line":9},"1":{"loc":{"start":{"line":14,"column":7},"end":{"line":14,"column":58}},"type":"binary-expr","locations":[{"start":{"line":14,"column":7},"end":{"line":14,"column":23}},{"start":{"line":14,"column":27},"end":{"line":14,"column":58}}],"line":14}},"s":{"0":3,"1":0},"f":{"0":0},"b":{"0":[0,0],"1":[0,0]},"_coverageSchema":"332fd63041d2c1bcb487cc26dd0d5f7d97098a6c","hash":"facec243290b427a560b11587ebdc4485218aa5a"}
,"/Users/joelamb/workspace/benefit/src/components/Donor.js": {"path":"/Users/joelamb/workspace/benefit/src/components/Donor.js","statementMap":{"0":{"start":{"line":11,"column":43},"end":{"line":11,"column":53}},"1":{"start":{"line":12,"column":4},"end":{"line":12,"column":41}},"2":{"start":{"line":16,"column":35},"end":{"line":16,"column":45}},"3":{"start":{"line":17,"column":4},"end":{"line":22,"column":6}},"4":{"start":{"line":26,"column":0},"end":{"line":31,"column":2}}},"fnMap":{"0":{"name":"(anonymous_0)","decl":{"start":{"line":10,"column":2},"end":{"line":10,"column":3}},"loc":{"start":{"line":10,"column":22},"end":{"line":13,"column":3}},"line":10},"1":{"name":"(anonymous_1)","decl":{"start":{"line":15,"column":2},"end":{"line":15,"column":3}},"loc":{"start":{"line":15,"column":11},"end":{"line":23,"column":3}},"line":15}},"branchMap":{},"s":{"0":0,"1":0,"2":0,"3":0,"4":2},"f":{"0":0,"1":0},"b":{},"_coverageSchema":"332fd63041d2c1bcb487cc26dd0d5f7d97098a6c","hash":"bd3f5f0ab6e0b0bb2c91cb50962c198e8dffd47e"}
,"/Users/joelamb/workspace/benefit/src/components/DonorBalance.js": {"path":"/Users/joelamb/workspace/benefit/src/components/DonorBalance.js","statementMap":{"0":{"start":{"line":6,"column":21},"end":{"line":29,"column":1}},"1":{"start":{"line":7,"column":24},"end":{"line":7,"column":102}},"2":{"start":{"line":7,"column":60},"end":{"line":7,"column":87}},"3":{"start":{"line":9,"column":2},"end":{"line":28,"column":4}},"4":{"start":{"line":16,"column":63},"end":{"line":16,"column":71}},"5":{"start":{"line":17,"column":10},"end":{"line":23,"column":12}},"6":{"start":{"line":31,"column":0},"end":{"line":33,"column":2}}},"fnMap":{"0":{"name":"(anonymous_0)","decl":{"start":{"line":6,"column":21},"end":{"line":6,"column":22}},"loc":{"start":{"line":6,"column":40},"end":{"line":29,"column":1}},"line":6},"1":{"name":"(anonymous_1)","decl":{"start":{"line":7,"column":41},"end":{"line":7,"column":42}},"loc":{"start":{"line":7,"column":60},"end":{"line":7,"column":87}},"line":7},"2":{"name":"(anonymous_2)","decl":{"start":{"line":15,"column":33},"end":{"line":15,"column":34}},"loc":{"start":{"line":15,"column":47},"end":{"line":24,"column":9}},"line":15}},"branchMap":{},"s":{"0":3,"1":0,"2":0,"3":0,"4":0,"5":0,"6":3},"f":{"0":0,"1":0,"2":0},"b":{},"_coverageSchema":"332fd63041d2c1bcb487cc26dd0d5f7d97098a6c","hash":"ee211a2a027070c15d4511f512367f15c5fd9dd6"}
,"/Users/joelamb/workspace/benefit/src/components/DonorProfile.js": {"path":"/Users/joelamb/workspace/benefit/src/components/DonorProfile.js","statementMap":{"0":{"start":{"line":5,"column":21},"end":{"line":21,"column":1}},"1":{"start":{"line":6,"column":56},"end":{"line":6,"column":63}},"2":{"start":{"line":7,"column":2},"end":{"line":20,"column":4}},"3":{"start":{"line":23,"column":0},"end":{"line":25,"column":2}}},"fnMap":{"0":{"name":"(anonymous_0)","decl":{"start":{"line":5,"column":21},"end":{"line":5,"column":22}},"loc":{"start":{"line":5,"column":38},"end":{"line":21,"column":1}},"line":5}},"branchMap":{},"s":{"0":3,"1":0,"2":0,"3":3},"f":{"0":0},"b":{},"_coverageSchema":"332fd63041d2c1bcb487cc26dd0d5f7d97098a6c","hash":"799fb9c5c306f675056ae6c187b824ce7a2c41ca"}
,"/Users/joelamb/workspace/benefit/src/components/HomePage.js": {"path":"/Users/joelamb/workspace/benefit/src/components/HomePage.js","statementMap":{"0":{"start":{"line":5,"column":17},"end":{"line":55,"column":1}},"1":{"start":{"line":6,"column":2},"end":{"line":54,"column":9}}},"fnMap":{"0":{"name":"(anonymous_0)","decl":{"start":{"line":5,"column":17},"end":{"line":5,"column":18}},"loc":{"start":{"line":6,"column":2},"end":{"line":54,"column":9}},"line":6}},"branchMap":{},"s":{"0":1,"1":0},"f":{"0":0},"b":{},"_coverageSchema":"332fd63041d2c1bcb487cc26dd0d5f7d97098a6c","hash":"e391ab8329fff7fed9bfa5c2795183793e8bb609"}
,"/Users/joelamb/workspace/benefit/src/components/Login.js": {"path":"/Users/joelamb/workspace/benefit/src/components/Login.js","statementMap":{"0":{"start":{"line":5,"column":14},"end":{"line":48,"column":1}},"1":{"start":{"line":7,"column":4},"end":{"line":7,"column":59}},"2":{"start":{"line":10,"column":2},"end":{"line":47,"column":4}},"3":{"start":{"line":15,"column":10},"end":{"line":15,"column":33}},"4":{"start":{"line":16,"column":10},"end":{"line":16,"column":18}},"5":{"start":{"line":52,"column":0},"end":{"line":58,"column":2}},"6":{"start":{"line":60,"column":0},"end":{"line":63,"column":2}}},"fnMap":{"0":{"name":"(anonymous_0)","decl":{"start":{"line":5,"column":14},"end":{"line":5,"column":15}},"loc":{"start":{"line":5,"column":75},"end":{"line":48,"column":1}},"line":5},"1":{"name":"handleChange","decl":{"start":{"line":6,"column":11},"end":{"line":6,"column":23}},"loc":{"start":{"line":6,"column":31},"end":{"line":8,"column":3}},"line":6},"2":{"name":"(anonymous_2)","decl":{"start":{"line":14,"column":18},"end":{"line":14,"column":19}},"loc":{"start":{"line":14,"column":29},"end":{"line":17,"column":9}},"line":14}},"branchMap":{},"s":{"0":4,"1":0,"2":0,"3":0,"4":0,"5":4,"6":4},"f":{"0":0,"1":0,"2":0},"b":{},"_coverageSchema":"332fd63041d2c1bcb487cc26dd0d5f7d97098a6c","hash":"67b0b91795ec423bd260f80f66ee4f52bbeca227"}
,"/Users/joelamb/workspace/benefit/src/components/NewDonation.js": {"path":"/Users/joelamb/workspace/benefit/src/components/NewDonation.js","statementMap":{"0":{"start":{"line":12,"column":35},"end":{"line":12,"column":45}},"1":{"start":{"line":13,"column":22},"end":{"line":13,"column":32}},"2":{"start":{"line":14,"column":4},"end":{"line":14,"column":40}},"3":{"start":{"line":20,"column":66},"end":{"line":20,"column":76}},"4":{"start":{"line":21,"column":4},"end":{"line":43,"column":6}},"5":{"start":{"line":47,"column":0},"end":{"line":64,"column":2}},"6":{"start":{"line":66,"column":0},"end":{"line":68,"column":2}}},"fnMap":{"0":{"name":"(anonymous_0)","decl":{"start":{"line":11,"column":2},"end":{"line":11,"column":3}},"loc":{"start":{"line":11,"column":22},"end":{"line":15,"column":3}},"line":11},"1":{"name":"(anonymous_1)","decl":{"start":{"line":17,"column":2},"end":{"line":17,"column":3}},"loc":{"start":{"line":17,"column":11},"end":{"line":44,"column":3}},"line":17}},"branchMap":{"0":{"loc":{"start":{"line":23,"column":9},"end":{"line":37,"column":11}},"type":"binary-expr","locations":[{"start":{"line":23,"column":9},"end":{"line":23,"column":28}},{"start":{"line":25,"column":12},"end":{"line":36,"column":18}}],"line":23},"1":{"loc":{"start":{"line":39,"column":9},"end":{"line":40,"column":68}},"type":"binary-expr","locations":[{"start":{"line":39,"column":9},"end":{"line":39,"column":27}},{"start":{"line":40,"column":13},"end":{"line":40,"column":68}}],"line":39}},"s":{"0":0,"1":0,"2":0,"3":0,"4":0,"5":2,"6":2},"f":{"0":0,"1":0},"b":{"0":[0,0],"1":[0,0]},"_coverageSchema":"332fd63041d2c1bcb487cc26dd0d5f7d97098a6c","hash":"a8afee1ed26d6a3253527176dbee607a9068bbba"}
,"/Users/joelamb/workspace/benefit/src/components/NewDonor.js": {"path":"/Users/joelamb/workspace/benefit/src/components/NewDonor.js","statementMap":{"0":{"start":{"line":8,"column":2},"end":{"line":8,"column":57}},"1":{"start":{"line":12,"column":2},"end":{"line":18,"column":3}},"2":{"start":{"line":13,"column":4},"end":{"line":17,"column":14}},"3":{"start":{"line":19,"column":2},"end":{"line":21,"column":3}},"4":{"start":{"line":20,"column":4},"end":{"line":20,"column":98}},"5":{"start":{"line":22,"column":2},"end":{"line":22,"column":14}},"6":{"start":{"line":27,"column":36},"end":{"line":27,"column":46}},"7":{"start":{"line":28,"column":4},"end":{"line":31,"column":5}},"8":{"start":{"line":29,"column":18},"end":{"line":29,"column":49}},"9":{"start":{"line":30,"column":6},"end":{"line":30,"column":24}},"10":{"start":{"line":37,"column":8},"end":{"line":37,"column":18}},"11":{"start":{"line":38,"column":4},"end":{"line":297,"column":6}},"12":{"start":{"line":45,"column":27},"end":{"line":45,"column":29}},"13":{"start":{"line":46,"column":12},"end":{"line":48,"column":13}},"14":{"start":{"line":47,"column":14},"end":{"line":47,"column":44}},"15":{"start":{"line":49,"column":12},"end":{"line":51,"column":13}},"16":{"start":{"line":50,"column":14},"end":{"line":50,"column":43}},"17":{"start":{"line":52,"column":31},"end":{"line":52,"column":61}},"18":{"start":{"line":53,"column":32},"end":{"line":53,"column":78}},"19":{"start":{"line":54,"column":12},"end":{"line":58,"column":13}},"20":{"start":{"line":55,"column":14},"end":{"line":55,"column":38}},"21":{"start":{"line":56,"column":19},"end":{"line":58,"column":13}},"22":{"start":{"line":57,"column":14},"end":{"line":57,"column":82}},"23":{"start":{"line":59,"column":12},"end":{"line":63,"column":13}},"24":{"start":{"line":60,"column":14},"end":{"line":60,"column":40}},"25":{"start":{"line":61,"column":19},"end":{"line":63,"column":13}},"26":{"start":{"line":62,"column":14},"end":{"line":62,"column":53}},"27":{"start":{"line":64,"column":12},"end":{"line":68,"column":13}},"28":{"start":{"line":65,"column":14},"end":{"line":65,"column":43}},"29":{"start":{"line":66,"column":19},"end":{"line":68,"column":13}},"30":{"start":{"line":67,"column":14},"end":{"line":67,"column":75}},"31":{"start":{"line":69,"column":12},"end":{"line":71,"column":13}},"32":{"start":{"line":70,"column":14},"end":{"line":70,"column":43}},"33":{"start":{"line":72,"column":12},"end":{"line":74,"column":13}},"34":{"start":{"line":73,"column":14},"end":{"line":73,"column":42}},"35":{"start":{"line":75,"column":12},"end":{"line":77,"column":13}},"36":{"start":{"line":76,"column":14},"end":{"line":76,"column":42}},"37":{"start":{"line":78,"column":12},"end":{"line":80,"column":13}},"38":{"start":{"line":79,"column":14},"end":{"line":79,"column":42}},"39":{"start":{"line":81,"column":12},"end":{"line":81,"column":26}},"40":{"start":{"line":84,"column":12},"end":{"line":88,"column":20}},"41":{"start":{"line":86,"column":14},"end":{"line":86,"column":35}},"42":{"start":{"line":87,"column":14},"end":{"line":87,"column":31}},"43":{"start":{"line":100,"column":14},"end":{"line":293,"column":21}},"44":{"start":{"line":301,"column":0},"end":{"line":305,"column":2}},"45":{"start":{"line":307,"column":0},"end":{"line":309,"column":2}}},"fnMap":{"0":{"name":"setInputClass","decl":{"start":{"line":7,"column":9},"end":{"line":7,"column":22}},"loc":{"start":{"line":7,"column":40},"end":{"line":9,"column":1}},"line":7},"1":{"name":"StyledMessage","decl":{"start":{"line":11,"column":9},"end":{"line":11,"column":22}},"loc":{"start":{"line":11,"column":58},"end":{"line":23,"column":1}},"line":11},"2":{"name":"(anonymous_2)","decl":{"start":{"line":26,"column":2},"end":{"line":26,"column":3}},"loc":{"start":{"line":26,"column":38},"end":{"line":32,"column":3}},"line":26},"3":{"name":"(anonymous_3)","decl":{"start":{"line":34,"column":2},"end":{"line":34,"column":3}},"loc":{"start":{"line":34,"column":11},"end":{"line":298,"column":3}},"line":34},"4":{"name":"(anonymous_4)","decl":{"start":{"line":44,"column":20},"end":{"line":44,"column":21}},"loc":{"start":{"line":44,"column":32},"end":{"line":82,"column":11}},"line":44},"5":{"name":"(anonymous_5)","decl":{"start":{"line":83,"column":20},"end":{"line":83,"column":21}},"loc":{"start":{"line":83,"column":51},"end":{"line":89,"column":11}},"line":83},"6":{"name":"(anonymous_6)","decl":{"start":{"line":84,"column":23},"end":{"line":84,"column":24}},"loc":{"start":{"line":84,"column":29},"end":{"line":88,"column":13}},"line":84},"7":{"name":"(anonymous_7)","decl":{"start":{"line":91,"column":11},"end":{"line":91,"column":12}},"loc":{"start":{"line":100,"column":14},"end":{"line":293,"column":21}},"line":100}},"branchMap":{"0":{"loc":{"start":{"line":8,"column":9},"end":{"line":8,"column":56}},"type":"cond-expr","locations":[{"start":{"line":8,"column":29},"end":{"line":8,"column":41}},{"start":{"line":8,"column":44},"end":{"line":8,"column":56}}],"line":8},"1":{"loc":{"start":{"line":8,"column":9},"end":{"line":8,"column":26}},"type":"binary-expr","locations":[{"start":{"line":8,"column":9},"end":{"line":8,"column":15}},{"start":{"line":8,"column":19},"end":{"line":8,"column":26}}],"line":8},"2":{"loc":{"start":{"line":12,"column":2},"end":{"line":18,"column":3}},"type":"if","locations":[{"start":{"line":12,"column":2},"end":{"line":18,"column":3}},{"start":{"line":12,"column":2},"end":{"line":18,"column":3}}],"line":12},"3":{"loc":{"start":{"line":12,"column":6},"end":{"line":12,"column":35}},"type":"binary-expr","locations":[{"start":{"line":12,"column":6},"end":{"line":12,"column":18}},{"start":{"line":12,"column":22},"end":{"line":12,"column":35}}],"line":12},"4":{"loc":{"start":{"line":14,"column":22},"end":{"line":14,"column":68}},"type":"cond-expr","locations":[{"start":{"line":14,"column":37},"end":{"line":14,"column":51}},{"start":{"line":14,"column":54},"end":{"line":14,"column":68}}],"line":14},"5":{"loc":{"start":{"line":19,"column":2},"end":{"line":21,"column":3}},"type":"if","locations":[{"start":{"line":19,"column":2},"end":{"line":21,"column":3}},{"start":{"line":19,"column":2},"end":{"line":21,"column":3}}],"line":19},"6":{"loc":{"start":{"line":19,"column":6},"end":{"line":19,"column":42}},"type":"binary-expr","locations":[{"start":{"line":19,"column":6},"end":{"line":19,"column":19}},{"start":{"line":19,"column":23},"end":{"line":19,"column":42}}],"line":19},"7":{"loc":{"start":{"line":28,"column":4},"end":{"line":31,"column":5}},"type":"if","locations":[{"start":{"line":28,"column":4},"end":{"line":31,"column":5}},{"start":{"line":28,"column":4},"end":{"line":31,"column":5}}],"line":28},"8":{"loc":{"start":{"line":46,"column":12},"end":{"line":48,"column":13}},"type":"if","locations":[{"start":{"line":46,"column":12},"end":{"line":48,"column":13}},{"start":{"line":46,"column":12},"end":{"line":48,"column":13}}],"line":46},"9":{"loc":{"start":{"line":49,"column":12},"end":{"line":51,"column":13}},"type":"if","locations":[{"start":{"line":49,"column":12},"end":{"line":51,"column":13}},{"start":{"line":49,"column":12},"end":{"line":51,"column":13}}],"line":49},"10":{"loc":{"start":{"line":53,"column":32},"end":{"line":53,"column":78}},"type":"binary-expr","locations":[{"start":{"line":53,"column":32},"end":{"line":53,"column":50}},{"start":{"line":53,"column":54},"end":{"line":53,"column":78}}],"line":53},"11":{"loc":{"start":{"line":54,"column":12},"end":{"line":58,"column":13}},"type":"if","locations":[{"start":{"line":54,"column":12},"end":{"line":58,"column":13}},{"start":{"line":54,"column":12},"end":{"line":58,"column":13}}],"line":54},"12":{"loc":{"start":{"line":56,"column":19},"end":{"line":58,"column":13}},"type":"if","locations":[{"start":{"line":56,"column":19},"end":{"line":58,"column":13}},{"start":{"line":56,"column":19},"end":{"line":58,"column":13}}],"line":56},"13":{"loc":{"start":{"line":59,"column":12},"end":{"line":63,"column":13}},"type":"if","locations":[{"start":{"line":59,"column":12},"end":{"line":63,"column":13}},{"start":{"line":59,"column":12},"end":{"line":63,"column":13}}],"line":59},"14":{"loc":{"start":{"line":61,"column":19},"end":{"line":63,"column":13}},"type":"if","locations":[{"start":{"line":61,"column":19},"end":{"line":63,"column":13}},{"start":{"line":61,"column":19},"end":{"line":63,"column":13}}],"line":61},"15":{"loc":{"start":{"line":64,"column":12},"end":{"line":68,"column":13}},"type":"if","locations":[{"start":{"line":64,"column":12},"end":{"line":68,"column":13}},{"start":{"line":64,"column":12},"end":{"line":68,"column":13}}],"line":64},"16":{"loc":{"start":{"line":66,"column":19},"end":{"line":68,"column":13}},"type":"if","locations":[{"start":{"line":66,"column":19},"end":{"line":68,"column":13}},{"start":{"line":66,"column":19},"end":{"line":68,"column":13}}],"line":66},"17":{"loc":{"start":{"line":69,"column":12},"end":{"line":71,"column":13}},"type":"if","locations":[{"start":{"line":69,"column":12},"end":{"line":71,"column":13}},{"start":{"line":69,"column":12},"end":{"line":71,"column":13}}],"line":69},"18":{"loc":{"start":{"line":72,"column":12},"end":{"line":74,"column":13}},"type":"if","locations":[{"start":{"line":72,"column":12},"end":{"line":74,"column":13}},{"start":{"line":72,"column":12},"end":{"line":74,"column":13}}],"line":72},"19":{"loc":{"start":{"line":75,"column":12},"end":{"line":77,"column":13}},"type":"if","locations":[{"start":{"line":75,"column":12},"end":{"line":77,"column":13}},{"start":{"line":75,"column":12},"end":{"line":77,"column":13}}],"line":75},"20":{"loc":{"start":{"line":78,"column":12},"end":{"line":80,"column":13}},"type":"if","locations":[{"start":{"line":78,"column":12},"end":{"line":80,"column":13}},{"start":{"line":78,"column":12},"end":{"line":80,"column":13}}],"line":78},"21":{"loc":{"start":{"line":291,"column":19},"end":{"line":291,"column":135}},"type":"cond-expr","locations":[{"start":{"line":291,"column":89},"end":{"line":291,"column":116}},{"start":{"line":291,"column":119},"end":{"line":291,"column":135}}],"line":291},"22":{"loc":{"start":{"line":291,"column":19},"end":{"line":291,"column":86}},"type":"binary-expr","locations":[{"start":{"line":291,"column":19},"end":{"line":291,"column":52}},{"start":{"line":291,"column":56},"end":{"line":291,"column":86}}],"line":291}},"s":{"0":8,"1":9,"2":0,"3":9,"4":0,"5":9,"6":0,"7":0,"8":0,"9":0,"10":1,"11":1,"12":0,"13":0,"14":0,"15":0,"16":0,"17":0,"18":0,"19":0,"20":0,"21":0,"22":0,"23":0,"24":0,"25":0,"26":0,"27":0,"28":0,"29":0,"30":0,"31":0,"32":0,"33":0,"34":0,"35":0,"36":0,"37":0,"38":0,"39":0,"40":0,"41":0,"42":0,"43":1,"44":3,"45":3},"f":{"0":8,"1":9,"2":0,"3":1,"4":0,"5":0,"6":0,"7":1},"b":{"0":[0,8],"1":[8,0],"2":[0,9],"3":[9,0],"4":[0,0],"5":[0,9],"6":[9,9],"7":[0,0],"8":[0,0],"9":[0,0],"10":[0,0],"11":[0,0],"12":[0,0],"13":[0,0],"14":[0,0],"15":[0,0],"16":[0,0],"17":[0,0],"18":[0,0],"19":[0,0],"20":[0,0],"21":[1,0],"22":[1,0]},"_coverageSchema":"332fd63041d2c1bcb487cc26dd0d5f7d97098a6c","hash":"58e16f0c209b7631de19cae2cf358d7727cda195"}
,"/Users/joelamb/workspace/benefit/src/components/NewRecipient.js": {"path":"/Users/joelamb/workspace/benefit/src/components/NewRecipient.js","statementMap":{"0":{"start":{"line":8,"column":2},"end":{"line":8,"column":57}},"1":{"start":{"line":12,"column":2},"end":{"line":18,"column":3}},"2":{"start":{"line":13,"column":4},"end":{"line":17,"column":14}},"3":{"start":{"line":19,"column":2},"end":{"line":21,"column":3}},"4":{"start":{"line":20,"column":4},"end":{"line":20,"column":98}},"5":{"start":{"line":22,"column":2},"end":{"line":22,"column":14}},"6":{"start":{"line":27,"column":46},"end":{"line":27,"column":56}},"7":{"start":{"line":28,"column":4},"end":{"line":31,"column":5}},"8":{"start":{"line":29,"column":18},"end":{"line":29,"column":63}},"9":{"start":{"line":30,"column":6},"end":{"line":30,"column":24}},"10":{"start":{"line":37,"column":8},"end":{"line":37,"column":18}},"11":{"start":{"line":38,"column":4},"end":{"line":276,"column":6}},"12":{"start":{"line":45,"column":27},"end":{"line":45,"column":29}},"13":{"start":{"line":46,"column":12},"end":{"line":48,"column":13}},"14":{"start":{"line":47,"column":14},"end":{"line":47,"column":44}},"15":{"start":{"line":49,"column":12},"end":{"line":51,"column":13}},"16":{"start":{"line":50,"column":14},"end":{"line":50,"column":43}},"17":{"start":{"line":52,"column":31},"end":{"line":52,"column":61}},"18":{"start":{"line":53,"column":32},"end":{"line":53,"column":78}},"19":{"start":{"line":54,"column":12},"end":{"line":58,"column":13}},"20":{"start":{"line":55,"column":14},"end":{"line":55,"column":38}},"21":{"start":{"line":56,"column":19},"end":{"line":58,"column":13}},"22":{"start":{"line":57,"column":14},"end":{"line":57,"column":82}},"23":{"start":{"line":59,"column":12},"end":{"line":61,"column":13}},"24":{"start":{"line":60,"column":14},"end":{"line":60,"column":43}},"25":{"start":{"line":62,"column":12},"end":{"line":66,"column":13}},"26":{"start":{"line":63,"column":14},"end":{"line":63,"column":43}},"27":{"start":{"line":64,"column":19},"end":{"line":66,"column":13}},"28":{"start":{"line":65,"column":14},"end":{"line":65,"column":75}},"29":{"start":{"line":67,"column":12},"end":{"line":69,"column":13}},"30":{"start":{"line":68,"column":14},"end":{"line":68,"column":43}},"31":{"start":{"line":70,"column":12},"end":{"line":70,"column":26}},"32":{"start":{"line":73,"column":12},"end":{"line":76,"column":20}},"33":{"start":{"line":74,"column":14},"end":{"line":74,"column":35}},"34":{"start":{"line":75,"column":14},"end":{"line":75,"column":35}},"35":{"start":{"line":88,"column":14},"end":{"line":272,"column":21}},"36":{"start":{"line":280,"column":0},"end":{"line":283,"column":2}},"37":{"start":{"line":285,"column":0},"end":{"line":287,"column":2}},"38":{"start":{"line":289,"column":0},"end":{"line":295,"column":2}}},"fnMap":{"0":{"name":"setInputClass","decl":{"start":{"line":7,"column":9},"end":{"line":7,"column":22}},"loc":{"start":{"line":7,"column":40},"end":{"line":9,"column":1}},"line":7},"1":{"name":"StyledMessage","decl":{"start":{"line":11,"column":9},"end":{"line":11,"column":22}},"loc":{"start":{"line":11,"column":58},"end":{"line":23,"column":1}},"line":11},"2":{"name":"(anonymous_2)","decl":{"start":{"line":26,"column":2},"end":{"line":26,"column":3}},"loc":{"start":{"line":26,"column":38},"end":{"line":32,"column":3}},"line":26},"3":{"name":"(anonymous_3)","decl":{"start":{"line":34,"column":2},"end":{"line":34,"column":3}},"loc":{"start":{"line":34,"column":11},"end":{"line":277,"column":3}},"line":34},"4":{"name":"(anonymous_4)","decl":{"start":{"line":44,"column":20},"end":{"line":44,"column":21}},"loc":{"start":{"line":44,"column":32},"end":{"line":71,"column":11}},"line":44},"5":{"name":"(anonymous_5)","decl":{"start":{"line":72,"column":20},"end":{"line":72,"column":21}},"loc":{"start":{"line":72,"column":51},"end":{"line":77,"column":11}},"line":72},"6":{"name":"(anonymous_6)","decl":{"start":{"line":73,"column":23},"end":{"line":73,"column":24}},"loc":{"start":{"line":73,"column":29},"end":{"line":76,"column":13}},"line":73},"7":{"name":"(anonymous_7)","decl":{"start":{"line":79,"column":11},"end":{"line":79,"column":12}},"loc":{"start":{"line":88,"column":14},"end":{"line":272,"column":21}},"line":88}},"branchMap":{"0":{"loc":{"start":{"line":8,"column":9},"end":{"line":8,"column":56}},"type":"cond-expr","locations":[{"start":{"line":8,"column":29},"end":{"line":8,"column":41}},{"start":{"line":8,"column":44},"end":{"line":8,"column":56}}],"line":8},"1":{"loc":{"start":{"line":8,"column":9},"end":{"line":8,"column":26}},"type":"binary-expr","locations":[{"start":{"line":8,"column":9},"end":{"line":8,"column":15}},{"start":{"line":8,"column":19},"end":{"line":8,"column":26}}],"line":8},"2":{"loc":{"start":{"line":12,"column":2},"end":{"line":18,"column":3}},"type":"if","locations":[{"start":{"line":12,"column":2},"end":{"line":18,"column":3}},{"start":{"line":12,"column":2},"end":{"line":18,"column":3}}],"line":12},"3":{"loc":{"start":{"line":12,"column":6},"end":{"line":12,"column":35}},"type":"binary-expr","locations":[{"start":{"line":12,"column":6},"end":{"line":12,"column":18}},{"start":{"line":12,"column":22},"end":{"line":12,"column":35}}],"line":12},"4":{"loc":{"start":{"line":14,"column":22},"end":{"line":14,"column":68}},"type":"cond-expr","locations":[{"start":{"line":14,"column":37},"end":{"line":14,"column":51}},{"start":{"line":14,"column":54},"end":{"line":14,"column":68}}],"line":14},"5":{"loc":{"start":{"line":19,"column":2},"end":{"line":21,"column":3}},"type":"if","locations":[{"start":{"line":19,"column":2},"end":{"line":21,"column":3}},{"start":{"line":19,"column":2},"end":{"line":21,"column":3}}],"line":19},"6":{"loc":{"start":{"line":19,"column":6},"end":{"line":19,"column":42}},"type":"binary-expr","locations":[{"start":{"line":19,"column":6},"end":{"line":19,"column":19}},{"start":{"line":19,"column":23},"end":{"line":19,"column":42}}],"line":19},"7":{"loc":{"start":{"line":28,"column":4},"end":{"line":31,"column":5}},"type":"if","locations":[{"start":{"line":28,"column":4},"end":{"line":31,"column":5}},{"start":{"line":28,"column":4},"end":{"line":31,"column":5}}],"line":28},"8":{"loc":{"start":{"line":46,"column":12},"end":{"line":48,"column":13}},"type":"if","locations":[{"start":{"line":46,"column":12},"end":{"line":48,"column":13}},{"start":{"line":46,"column":12},"end":{"line":48,"column":13}}],"line":46},"9":{"loc":{"start":{"line":49,"column":12},"end":{"line":51,"column":13}},"type":"if","locations":[{"start":{"line":49,"column":12},"end":{"line":51,"column":13}},{"start":{"line":49,"column":12},"end":{"line":51,"column":13}}],"line":49},"10":{"loc":{"start":{"line":53,"column":32},"end":{"line":53,"column":78}},"type":"binary-expr","locations":[{"start":{"line":53,"column":32},"end":{"line":53,"column":50}},{"start":{"line":53,"column":54},"end":{"line":53,"column":78}}],"line":53},"11":{"loc":{"start":{"line":54,"column":12},"end":{"line":58,"column":13}},"type":"if","locations":[{"start":{"line":54,"column":12},"end":{"line":58,"column":13}},{"start":{"line":54,"column":12},"end":{"line":58,"column":13}}],"line":54},"12":{"loc":{"start":{"line":56,"column":19},"end":{"line":58,"column":13}},"type":"if","locations":[{"start":{"line":56,"column":19},"end":{"line":58,"column":13}},{"start":{"line":56,"column":19},"end":{"line":58,"column":13}}],"line":56},"13":{"loc":{"start":{"line":59,"column":12},"end":{"line":61,"column":13}},"type":"if","locations":[{"start":{"line":59,"column":12},"end":{"line":61,"column":13}},{"start":{"line":59,"column":12},"end":{"line":61,"column":13}}],"line":59},"14":{"loc":{"start":{"line":62,"column":12},"end":{"line":66,"column":13}},"type":"if","locations":[{"start":{"line":62,"column":12},"end":{"line":66,"column":13}},{"start":{"line":62,"column":12},"end":{"line":66,"column":13}}],"line":62},"15":{"loc":{"start":{"line":64,"column":19},"end":{"line":66,"column":13}},"type":"if","locations":[{"start":{"line":64,"column":19},"end":{"line":66,"column":13}},{"start":{"line":64,"column":19},"end":{"line":66,"column":13}}],"line":64},"16":{"loc":{"start":{"line":67,"column":12},"end":{"line":69,"column":13}},"type":"if","locations":[{"start":{"line":67,"column":12},"end":{"line":69,"column":13}},{"start":{"line":67,"column":12},"end":{"line":69,"column":13}}],"line":67},"17":{"loc":{"start":{"line":270,"column":19},"end":{"line":270,"column":135}},"type":"cond-expr","locations":[{"start":{"line":270,"column":89},"end":{"line":270,"column":116}},{"start":{"line":270,"column":119},"end":{"line":270,"column":135}}],"line":270},"18":{"loc":{"start":{"line":270,"column":19},"end":{"line":270,"column":86}},"type":"binary-expr","locations":[{"start":{"line":270,"column":19},"end":{"line":270,"column":52}},{"start":{"line":270,"column":56},"end":{"line":270,"column":86}}],"line":270}},"s":{"0":5,"1":6,"2":0,"3":6,"4":0,"5":6,"6":0,"7":0,"8":0,"9":0,"10":1,"11":1,"12":0,"13":0,"14":0,"15":0,"16":0,"17":0,"18":0,"19":0,"20":0,"21":0,"22":0,"23":0,"24":0,"25":0,"26":0,"27":0,"28":0,"29":0,"30":0,"31":0,"32":0,"33":0,"34":0,"35":1,"36":3,"37":3,"38":3},"f":{"0":5,"1":6,"2":0,"3":1,"4":0,"5":0,"6":0,"7":1},"b":{"0":[0,5],"1":[5,0],"2":[0,6],"3":[6,0],"4":[0,0],"5":[0,6],"6":[6,6],"7":[0,0],"8":[0,0],"9":[0,0],"10":[0,0],"11":[0,0],"12":[0,0],"13":[0,0],"14":[0,0],"15":[0,0],"16":[0,0],"17":[1,0],"18":[1,0]},"_coverageSchema":"332fd63041d2c1bcb487cc26dd0d5f7d97098a6c","hash":"3d0ef1361084927d2ed1fa8dd6321b140574ab8f"}
,"/Users/joelamb/workspace/benefit/src/components/PaymentAcknowledge.js": {"path":"/Users/joelamb/workspace/benefit/src/components/PaymentAcknowledge.js","statementMap":{"0":{"start":{"line":8,"column":34},"end":{"line":18,"column":1}},"1":{"start":{"line":9,"column":2},"end":{"line":17,"column":12}},"2":{"start":{"line":20,"column":0},"end":{"line":22,"column":2}},"3":{"start":{"line":24,"column":0},"end":{"line":26,"column":2}}},"fnMap":{"0":{"name":"(anonymous_0)","decl":{"start":{"line":8,"column":34},"end":{"line":8,"column":35}},"loc":{"start":{"line":9,"column":2},"end":{"line":17,"column":12}},"line":9}},"branchMap":{},"s":{"0":5,"1":1,"2":5,"3":5},"f":{"0":1},"b":{},"_coverageSchema":"332fd63041d2c1bcb487cc26dd0d5f7d97098a6c","hash":"353fe39416efcdc953d8e05307e718219bb01b2c"}
,"/Users/joelamb/workspace/benefit/src/components/PaymentDetailsForm.js": {"path":"/Users/joelamb/workspace/benefit/src/components/PaymentDetailsForm.js","statementMap":{"0":{"start":{"line":10,"column":27},"end":{"line":68,"column":1}},"1":{"start":{"line":23,"column":22},"end":{"line":29,"column":3}},"2":{"start":{"line":24,"column":4},"end":{"line":27,"column":7}},"3":{"start":{"line":28,"column":4},"end":{"line":28,"column":26}},"4":{"start":{"line":31,"column":2},"end":{"line":67,"column":6}},"5":{"start":{"line":43,"column":10},"end":{"line":43,"column":33}},"6":{"start":{"line":44,"column":10},"end":{"line":47,"column":13}},"7":{"start":{"line":45,"column":12},"end":{"line":45,"column":37}},"8":{"start":{"line":46,"column":12},"end":{"line":46,"column":43}},"9":{"start":{"line":70,"column":0},"end":{"line":82,"column":2}}},"fnMap":{"0":{"name":"(anonymous_0)","decl":{"start":{"line":10,"column":27},"end":{"line":10,"column":28}},"loc":{"start":{"line":22,"column":6},"end":{"line":68,"column":1}},"line":22},"1":{"name":"(anonymous_1)","decl":{"start":{"line":23,"column":22},"end":{"line":23,"column":23}},"loc":{"start":{"line":23,"column":28},"end":{"line":29,"column":3}},"line":23},"2":{"name":"(anonymous_2)","decl":{"start":{"line":42,"column":18},"end":{"line":42,"column":19}},"loc":{"start":{"line":42,"column":29},"end":{"line":48,"column":9}},"line":42},"3":{"name":"(anonymous_3)","decl":{"start":{"line":44,"column":36},"end":{"line":44,"column":37}},"loc":{"start":{"line":44,"column":51},"end":{"line":47,"column":11}},"line":44}},"branchMap":{"0":{"loc":{"start":{"line":31,"column":9},"end":{"line":67,"column":5}},"type":"cond-expr","locations":[{"start":{"line":32,"column":4},"end":{"line":60,"column":10}},{"start":{"line":62,"column":6},"end":{"line":66,"column":12}}],"line":31},"1":{"loc":{"start":{"line":31,"column":9},"end":{"line":31,"column":44}},"type":"binary-expr","locations":[{"start":{"line":31,"column":9},"end":{"line":31,"column":20}},{"start":{"line":31,"column":24},"end":{"line":31,"column":44}}],"line":31}},"s":{"0":5,"1":0,"2":0,"3":0,"4":0,"5":0,"6":0,"7":0,"8":0,"9":5},"f":{"0":0,"1":0,"2":0,"3":0},"b":{"0":[0,0],"1":[0,0]},"_coverageSchema":"332fd63041d2c1bcb487cc26dd0d5f7d97098a6c","hash":"a9bea877582c46dd39ec5e6ac61bf8b23d1ac141"}
,"/Users/joelamb/workspace/benefit/src/components/PaymentRequestButton.js": {"path":"/Users/joelamb/workspace/benefit/src/components/PaymentRequestButton.js","statementMap":{"0":{"start":{"line":7,"column":4},"end":{"line":7,"column":17}},"1":{"start":{"line":11,"column":27},"end":{"line":20,"column":6}},"2":{"start":{"line":22,"column":4},"end":{"line":29,"column":7}},"3":{"start":{"line":23,"column":6},"end":{"line":23,"column":52}},"4":{"start":{"line":24,"column":6},"end":{"line":24,"column":59}},"5":{"start":{"line":25,"column":25},"end":{"line":25,"column":35}},"6":{"start":{"line":26,"column":6},"end":{"line":26,"column":50}},"7":{"start":{"line":27,"column":6},"end":{"line":27,"column":42}},"8":{"start":{"line":28,"column":6},"end":{"line":28,"column":26}},"9":{"start":{"line":31,"column":4},"end":{"line":33,"column":7}},"10":{"start":{"line":32,"column":6},"end":{"line":32,"column":50}},"11":{"start":{"line":35,"column":4},"end":{"line":38,"column":6}},"12":{"start":{"line":42,"column":4},"end":{"line":55,"column":13}}},"fnMap":{"0":{"name":"(anonymous_0)","decl":{"start":{"line":6,"column":2},"end":{"line":6,"column":3}},"loc":{"start":{"line":6,"column":21},"end":{"line":39,"column":3}},"line":6},"1":{"name":"(anonymous_1)","decl":{"start":{"line":22,"column":31},"end":{"line":22,"column":32}},"loc":{"start":{"line":22,"column":65},"end":{"line":29,"column":5}},"line":22},"2":{"name":"(anonymous_2)","decl":{"start":{"line":31,"column":41},"end":{"line":31,"column":42}},"loc":{"start":{"line":31,"column":53},"end":{"line":33,"column":5}},"line":31},"3":{"name":"(anonymous_3)","decl":{"start":{"line":41,"column":2},"end":{"line":41,"column":3}},"loc":{"start":{"line":41,"column":11},"end":{"line":56,"column":3}},"line":41}},"branchMap":{"0":{"loc":{"start":{"line":42,"column":11},"end":{"line":55,"column":12}},"type":"cond-expr","locations":[{"start":{"line":43,"column":6},"end":{"line":54,"column":8}},{"start":{"line":55,"column":8},"end":{"line":55,"column":12}}],"line":42}},"s":{"0":0,"1":0,"2":0,"3":0,"4":0,"5":0,"6":0,"7":0,"8":0,"9":0,"10":0,"11":0,"12":0},"f":{"0":0,"1":0,"2":0,"3":0},"b":{"0":[0,0]},"_coverageSchema":"332fd63041d2c1bcb487cc26dd0d5f7d97098a6c","hash":"3459a60125996b8706677e46339f6be887ad6657"}
,"/Users/joelamb/workspace/benefit/src/components/PrivateRoute.js": {"path":"/Users/joelamb/workspace/benefit/src/components/PrivateRoute.js","statementMap":{"0":{"start":{"line":5,"column":2},"end":{"line":20,"column":4}},"1":{"start":{"line":8,"column":24},"end":{"line":17,"column":7}}},"fnMap":{"0":{"name":"PrivateRoute","decl":{"start":{"line":4,"column":9},"end":{"line":4,"column":21}},"loc":{"start":{"line":4,"column":69},"end":{"line":21,"column":1}},"line":4},"1":{"name":"(anonymous_1)","decl":{"start":{"line":8,"column":14},"end":{"line":8,"column":15}},"loc":{"start":{"line":8,"column":24},"end":{"line":17,"column":7}},"line":8}},"branchMap":{"0":{"loc":{"start":{"line":8,"column":24},"end":{"line":17,"column":7}},"type":"cond-expr","locations":[{"start":{"line":9,"column":8},"end":{"line":9,"column":32}},{"start":{"line":11,"column":8},"end":{"line":16,"column":10}}],"line":8}},"s":{"0":1,"1":0},"f":{"0":1,"1":0},"b":{"0":[0,0]},"_coverageSchema":"332fd63041d2c1bcb487cc26dd0d5f7d97098a6c","hash":"7d1db4b6922cdd9c3667ca4714b47d50c6f99cdc"}
,"/Users/joelamb/workspace/benefit/src/components/QRCode.js": {"path":"/Users/joelamb/workspace/benefit/src/components/QRCode.js","statementMap":{"0":{"start":{"line":7,"column":4},"end":{"line":7,"column":24}},"1":{"start":{"line":11,"column":4},"end":{"line":11,"column":24}},"2":{"start":{"line":15,"column":19},"end":{"line":15,"column":29}},"3":{"start":{"line":16,"column":4},"end":{"line":18,"column":5}},"4":{"start":{"line":17,"column":6},"end":{"line":17,"column":13}},"5":{"start":{"line":19,"column":4},"end":{"line":38,"column":6}},"6":{"start":{"line":34,"column":8},"end":{"line":36,"column":9}},"7":{"start":{"line":35,"column":10},"end":{"line":35,"column":31}},"8":{"start":{"line":42,"column":19},"end":{"line":42,"column":29}},"9":{"start":{"line":43,"column":19},"end":{"line":51,"column":5}},"10":{"start":{"line":47,"column":12},"end":{"line":47,"column":34}},"11":{"start":{"line":52,"column":4},"end":{"line":52,"column":53}},"12":{"start":{"line":56,"column":0},"end":{"line":58,"column":2}}},"fnMap":{"0":{"name":"(anonymous_0)","decl":{"start":{"line":6,"column":2},"end":{"line":6,"column":3}},"loc":{"start":{"line":6,"column":22},"end":{"line":8,"column":3}},"line":6},"1":{"name":"(anonymous_1)","decl":{"start":{"line":10,"column":2},"end":{"line":10,"column":3}},"loc":{"start":{"line":10,"column":23},"end":{"line":12,"column":3}},"line":10},"2":{"name":"(anonymous_2)","decl":{"start":{"line":14,"column":2},"end":{"line":14,"column":3}},"loc":{"start":{"line":14,"column":17},"end":{"line":39,"column":3}},"line":14},"3":{"name":"(anonymous_3)","decl":{"start":{"line":33,"column":6},"end":{"line":33,"column":7}},"loc":{"start":{"line":33,"column":17},"end":{"line":37,"column":7}},"line":33},"4":{"name":"(anonymous_4)","decl":{"start":{"line":41,"column":2},"end":{"line":41,"column":3}},"loc":{"start":{"line":41,"column":11},"end":{"line":53,"column":3}},"line":41},"5":{"name":"(anonymous_5)","decl":{"start":{"line":46,"column":15},"end":{"line":46,"column":16}},"loc":{"start":{"line":46,"column":28},"end":{"line":48,"column":11}},"line":46}},"branchMap":{"0":{"loc":{"start":{"line":16,"column":4},"end":{"line":18,"column":5}},"type":"if","locations":[{"start":{"line":16,"column":4},"end":{"line":18,"column":5}},{"start":{"line":16,"column":4},"end":{"line":18,"column":5}}],"line":16},"1":{"loc":{"start":{"line":34,"column":8},"end":{"line":36,"column":9}},"type":"if","locations":[{"start":{"line":34,"column":8},"end":{"line":36,"column":9}},{"start":{"line":34,"column":8},"end":{"line":36,"column":9}}],"line":34},"2":{"loc":{"start":{"line":43,"column":19},"end":{"line":51,"column":5}},"type":"binary-expr","locations":[{"start":{"line":43,"column":19},"end":{"line":43,"column":23}},{"start":{"line":44,"column":6},"end":{"line":50,"column":12}}],"line":43}},"s":{"0":0,"1":0,"2":0,"3":0,"4":0,"5":0,"6":0,"7":0,"8":0,"9":0,"10":0,"11":0,"12":2},"f":{"0":0,"1":0,"2":0,"3":0,"4":0,"5":0},"b":{"0":[0,0],"1":[0,0],"2":[0,0]},"_coverageSchema":"332fd63041d2c1bcb487cc26dd0d5f7d97098a6c","hash":"bb29b2b59123356cc27f8954afbef3bdcbb11dfc"}
[...]
,"/Users/joelamb/workspace/benefit/src/containers/AppWrapperContainer.js": {"path":"/Users/joelamb/workspace/benefit/src/containers/AppWrapperContainer.js","statementMap":{"0":{"start":{"line":5,"column":31},"end":{"line":7,"column":2}},"1":{"start":{"line":5,"column":41},"end":{"line":7,"column":1}},"2":{"start":{"line":9,"column":27},"end":{"line":11,"column":1}}},"fnMap":{"0":{"name":"(anonymous_0)","decl":{"start":{"line":5,"column":31},"end":{"line":5,"column":32}},"loc":{"start":{"line":5,"column":41},"end":{"line":7,"column":1}},"line":5}},"branchMap":{},"s":{"0":1,"1":1,"2":1},"f":{"0":1},"b":{},"_coverageSchema":"332fd63041d2c1bcb487cc26dd0d5f7d97098a6c","hash":"2ac7bf4ff0e117f0ddc0a73bf079c02933407cc8"}
,"/Users/joelamb/workspace/benefit/src/containers/DashboardContainer.js": {"path":"/Users/joelamb/workspace/benefit/src/containers/DashboardContainer.js","statementMap":{"0":{"start":{"line":5,"column":31},"end":{"line":10,"column":1}},"1":{"start":{"line":6,"column":2},"end":{"line":9,"column":3}},"2":{"start":{"line":12,"column":27},"end":{"line":14,"column":1}}},"fnMap":{"0":{"name":"(anonymous_0)","decl":{"start":{"line":5,"column":31},"end":{"line":5,"column":32}},"loc":{"start":{"line":6,"column":2},"end":{"line":9,"column":3}},"line":6}},"branchMap":{},"s":{"0":2,"1":1,"2":2},"f":{"0":1},"b":{},"_coverageSchema":"332fd63041d2c1bcb487cc26dd0d5f7d97098a6c","hash":"d83bab687fc54e9a7be61f2c0b79b9a451faf000"}
,"/Users/joelamb/workspace/benefit/src/containers/DonorContainer.js": {"path":"/Users/joelamb/workspace/benefit/src/containers/DonorContainer.js","statementMap":{"0":{"start":{"line":5,"column":31},"end":{"line":16,"column":1}},"1":{"start":{"line":6,"column":2},"end":{"line":15,"column":3}},"2":{"start":{"line":18,"column":27},"end":{"line":20,"column":1}}},"fnMap":{"0":{"name":"(anonymous_0)","decl":{"start":{"line":5,"column":31},"end":{"line":5,"column":32}},"loc":{"start":{"line":6,"column":2},"end":{"line":15,"column":3}},"line":6}},"branchMap":{},"s":{"0":2,"1":1,"2":2},"f":{"0":1},"b":{},"_coverageSchema":"332fd63041d2c1bcb487cc26dd0d5f7d97098a6c","hash":"6016a89cb0e45ed6992ae59e34f794bee7562ef5"}
,"/Users/joelamb/workspace/benefit/src/containers/LoginContainer.js": {"path":"/Users/joelamb/workspace/benefit/src/containers/LoginContainer.js","statementMap":{"0":{"start":{"line":6,"column":31},"end":{"line":12,"column":2}},"1":{"start":{"line":6,"column":41},"end":{"line":12,"column":1}},"2":{"start":{"line":14,"column":27},"end":{"line":20,"column":1}}},"fnMap":{"0":{"name":"(anonymous_0)","decl":{"start":{"line":6,"column":31},"end":{"line":6,"column":32}},"loc":{"start":{"line":6,"column":41},"end":{"line":12,"column":1}},"line":6}},"branchMap":{},"s":{"0":4,"1":1,"2":4},"f":{"0":1},"b":{},"_coverageSchema":"332fd63041d2c1bcb487cc26dd0d5f7d97098a6c","hash":"c70a42be67e07f701268eea3ff734932af405a2a"}
,"/Users/joelamb/workspace/benefit/src/containers/NewDonationContainer.js": {"path":"/Users/joelamb/workspace/benefit/src/containers/NewDonationContainer.js","statementMap":{"0":{"start":{"line":5,"column":31},"end":{"line":13,"column":2}},"1":{"start":{"line":5,"column":41},"end":{"line":13,"column":1}},"2":{"start":{"line":15,"column":27},"end":{"line":19,"column":1}}},"fnMap":{"0":{"name":"(anonymous_0)","decl":{"start":{"line":5,"column":31},"end":{"line":5,"column":32}},"loc":{"start":{"line":5,"column":41},"end":{"line":13,"column":1}},"line":5}},"branchMap":{},"s":{"0":2,"1":1,"2":2},"f":{"0":1},"b":{},"_coverageSchema":"332fd63041d2c1bcb487cc26dd0d5f7d97098a6c","hash":"464d16163e10e4a4866a643a099d565406b7aab7"}
,"/Users/joelamb/workspace/benefit/src/containers/NewDonorContainer.js": {"path":"/Users/joelamb/workspace/benefit/src/containers/NewDonorContainer.js","statementMap":{"0":{"start":{"line":5,"column":31},"end":{"line":9,"column":1}},"1":{"start":{"line":6,"column":2},"end":{"line":8,"column":3}},"2":{"start":{"line":11,"column":27},"end":{"line":14,"column":1}}},"fnMap":{"0":{"name":"(anonymous_0)","decl":{"start":{"line":5,"column":31},"end":{"line":5,"column":32}},"loc":{"start":{"line":6,"column":2},"end":{"line":8,"column":3}},"line":6}},"branchMap":{},"s":{"0":2,"1":1,"2":2},"f":{"0":1},"b":{},"_coverageSchema":"332fd63041d2c1bcb487cc26dd0d5f7d97098a6c","hash":"504c27a7f0158c3b49ba3d205c59002340852ea0"}
,"/Users/joelamb/workspace/benefit/src/containers/NewRecipientContainer.js": {"path":"/Users/joelamb/workspace/benefit/src/containers/NewRecipientContainer.js","statementMap":{"0":{"start":{"line":5,"column":31},"end":{"line":17,"column":2}},"1":{"start":{"line":5,"column":41},"end":{"line":17,"column":1}},"2":{"start":{"line":19,"column":27},"end":{"line":22,"column":1}}},"fnMap":{"0":{"name":"(anonymous_0)","decl":{"start":{"line":5,"column":31},"end":{"line":5,"column":32}},"loc":{"start":{"line":5,"column":41},"end":{"line":17,"column":1}},"line":5}},"branchMap":{},"s":{"0":2,"1":1,"2":2},"f":{"0":1},"b":{},"_coverageSchema":"332fd63041d2c1bcb487cc26dd0d5f7d97098a6c","hash":"9c066aa35b16f2a09ef7a96c48e39fd107317c19"}
,"/Users/joelamb/workspace/benefit/src/containers/PaymentAcknowlegeContainer.js": {"path":"/Users/joelamb/workspace/benefit/src/containers/PaymentAcknowlegeContainer.js","statementMap":{"0":{"start":{"line":4,"column":31},"end":{"line":6,"column":2}},"1":{"start":{"line":4,"column":41},"end":{"line":6,"column":1}}},"fnMap":{"0":{"name":"(anonymous_0)","decl":{"start":{"line":4,"column":31},"end":{"line":4,"column":32}},"loc":{"start":{"line":4,"column":41},"end":{"line":6,"column":1}},"line":4}},"branchMap":{},"s":{"0":4,"1":1},"f":{"0":1},"b":{},"_coverageSchema":"332fd63041d2c1bcb487cc26dd0d5f7d97098a6c","hash":"4257f8be3d859dd7a072e3208cb500b308722384"}
,"/Users/joelamb/workspace/benefit/src/containers/PaymentDetailsFormContainer.js": {"path":"/Users/joelamb/workspace/benefit/src/containers/PaymentDetailsFormContainer.js","statementMap":{"0":{"start":{"line":6,"column":31},"end":{"line":12,"column":2}},"1":{"start":{"line":6,"column":41},"end":{"line":12,"column":1}},"2":{"start":{"line":14,"column":27},"end":{"line":18,"column":1}}},"fnMap":{"0":{"name":"(anonymous_0)","decl":{"start":{"line":6,"column":31},"end":{"line":6,"column":32}},"loc":{"start":{"line":6,"column":41},"end":{"line":12,"column":1}},"line":6}},"branchMap":{},"s":{"0":4,"1":1,"2":4},"f":{"0":1},"b":{},"_coverageSchema":"332fd63041d2c1bcb487cc26dd0d5f7d97098a6c","hash":"f4ba61878fae92ea3e7057ba5e07d780d2bf8941"}
,"/Users/joelamb/workspace/benefit/src/containers/PrivateRouteContainer.js": {"path":"/Users/joelamb/workspace/benefit/src/containers/PrivateRouteContainer.js","statementMap":{"0":{"start":{"line":5,"column":31},"end":{"line":7,"column":2}},"1":{"start":{"line":5,"column":41},"end":{"line":7,"column":1}}},"fnMap":{"0":{"name":"(anonymous_0)","decl":{"start":{"line":5,"column":31},"end":{"line":5,"column":32}},"loc":{"start":{"line":5,"column":41},"end":{"line":7,"column":1}},"line":5}},"branchMap":{},"s":{"0":2,"1":1},"f":{"0":1},"b":{},"_coverageSchema":"332fd63041d2c1bcb487cc26dd0d5f7d97098a6c","hash":"d4345543c31c4d2179edc8f6dcd8a777a4cbe213"}
,"/Users/joelamb/workspace/benefit/src/containers/RecipientContainer.js": {"path":"/Users/joelamb/workspace/benefit/src/containers/RecipientContainer.js","statementMap":{"0":{"start":{"line":5,"column":31},"end":{"line":18,"column":1}},"1":{"start":{"line":6,"column":2},"end":{"line":17,"column":3}},"2":{"start":{"line":20,"column":27},"end":{"line":22,"column":1}}},"fnMap":{"0":{"name":"(anonymous_0)","decl":{"start":{"line":5,"column":31},"end":{"line":5,"column":32}},"loc":{"start":{"line":6,"column":2},"end":{"line":17,"column":3}},"line":6}},"branchMap":{},"s":{"0":2,"1":1,"2":2},"f":{"0":1},"b":{},"_coverageSchema":"332fd63041d2c1bcb487cc26dd0d5f7d97098a6c","hash":"ea699ffd7731ba2aa2335f16b9af79cf8c027ca7"}
,"/Users/joelamb/workspace/benefit/src/reducers/donation.js": {"path":"/Users/joelamb/workspace/benefit/src/reducers/donation.js","statementMap":{"0":{"start":{"line":1,"column":17},"end":{"line":10,"column":1}},"1":{"start":{"line":2,"column":2},"end":{"line":9,"column":3}},"2":{"start":{"line":4,"column":6},"end":{"line":4,"column":81}},"3":{"start":{"line":6,"column":6},"end":{"line":6,"column":73}},"4":{"start":{"line":8,"column":6},"end":{"line":8,"column":19}}},"fnMap":{"0":{"name":"(anonymous_0)","decl":{"start":{"line":1,"column":17},"end":{"line":1,"column":18}},"loc":{"start":{"line":1,"column":75},"end":{"line":10,"column":1}},"line":1}},"branchMap":{"0":{"loc":{"start":{"line":1,"column":18},"end":{"line":1,"column":62}},"type":"default-arg","locations":[{"start":{"line":1,"column":26},"end":{"line":1,"column":62}}],"line":1},"1":{"loc":{"start":{"line":2,"column":2},"end":{"line":9,"column":3}},"type":"switch","locations":[{"start":{"line":3,"column":4},"end":{"line":4,"column":81}},{"start":{"line":5,"column":4},"end":{"line":6,"column":73}},{"start":{"line":7,"column":4},"end":{"line":8,"column":19}}],"line":2}},"s":{"0":1,"1":1,"2":1,"3":0,"4":0},"f":{"0":1},"b":{"0":[0],"1":[1,0,0]},"_coverageSchema":"332fd63041d2c1bcb487cc26dd0d5f7d97098a6c","hash":"87f068fa2b23ab546abc85ae8089b8ff214a2bc6"}
,"/Users/joelamb/workspace/benefit/src/reducers/donor.js": {"path":"/Users/joelamb/workspace/benefit/src/reducers/donor.js","statementMap":{"0":{"start":{"line":1,"column":14},"end":{"line":39,"column":1}},"1":{"start":{"line":18,"column":2},"end":{"line":38,"column":3}},"2":{"start":{"line":20,"column":6},"end":{"line":20,"column":81}},"3":{"start":{"line":22,"column":6},"end":{"line":29,"column":9}},"4":{"start":{"line":31,"column":6},"end":{"line":31,"column":71}},"5":{"start":{"line":33,"column":6},"end":{"line":33,"column":73}},"6":{"start":{"line":35,"column":6},"end":{"line":35,"column":54}},"7":{"start":{"line":37,"column":6},"end":{"line":37,"column":19}}},"fnMap":{"0":{"name":"(anonymous_0)","decl":{"start":{"line":1,"column":14},"end":{"line":1,"column":15}},"loc":{"start":{"line":17,"column":5},"end":{"line":39,"column":1}},"line":17}},"branchMap":{"0":{"loc":{"start":{"line":2,"column":2},"end":{"line":15,"column":3}},"type":"default-arg","locations":[{"start":{"line":2,"column":10},"end":{"line":15,"column":3}}],"line":2},"1":{"loc":{"start":{"line":18,"column":2},"end":{"line":38,"column":3}},"type":"switch","locations":[{"start":{"line":19,"column":4},"end":{"line":20,"column":81}},{"start":{"line":21,"column":4},"end":{"line":29,"column":9}},{"start":{"line":30,"column":4},"end":{"line":31,"column":71}},{"start":{"line":32,"column":4},"end":{"line":33,"column":73}},{"start":{"line":34,"column":4},"end":{"line":35,"column":54}},{"start":{"line":36,"column":4},"end":{"line":37,"column":19}}],"line":18}},"s":{"0":1,"1":5,"2":0,"3":1,"4":1,"5":1,"6":1,"7":1},"f":{"0":5},"b":{"0":[0],"1":[0,1,1,1,1,1]},"_coverageSchema":"332fd63041d2c1bcb487cc26dd0d5f7d97098a6c","hash":"e769dd634887ef5df6c99cab9a8b51e53edd891f"}
,"/Users/joelamb/workspace/benefit/src/reducers/login.js": {"path":"/Users/joelamb/workspace/benefit/src/reducers/login.js","statementMap":{"0":{"start":{"line":1,"column":14},"end":{"line":40,"column":1}},"1":{"start":{"line":14,"column":2},"end":{"line":39,"column":3}},"2":{"start":{"line":16,"column":6},"end":{"line":16,"column":64}},"3":{"start":{"line":18,"column":6},"end":{"line":18,"column":81}},"4":{"start":{"line":20,"column":6},"end":{"line":25,"column":9}},"5":{"start":{"line":27,"column":6},"end":{"line":34,"column":9}},"6":{"start":{"line":36,"column":6},"end":{"line":36,"column":70}},"7":{"start":{"line":38,"column":6},"end":{"line":38,"column":19}}},"fnMap":{"0":{"name":"(anonymous_0)","decl":{"start":{"line":1,"column":14},"end":{"line":1,"column":15}},"loc":{"start":{"line":13,"column":5},"end":{"line":40,"column":1}},"line":13}},"branchMap":{"0":{"loc":{"start":{"line":2,"column":2},"end":{"line":11,"column":3}},"type":"default-arg","locations":[{"start":{"line":2,"column":10},"end":{"line":11,"column":3}}],"line":2},"1":{"loc":{"start":{"line":14,"column":2},"end":{"line":39,"column":3}},"type":"switch","locations":[{"start":{"line":15,"column":4},"end":{"line":16,"column":64}},{"start":{"line":17,"column":4},"end":{"line":18,"column":81}},{"start":{"line":19,"column":4},"end":{"line":25,"column":9}},{"start":{"line":26,"column":4},"end":{"line":34,"column":9}},{"start":{"line":35,"column":4},"end":{"line":36,"column":70}},{"start":{"line":37,"column":4},"end":{"line":38,"column":19}}],"line":14}},"s":{"0":1,"1":4,"2":1,"3":1,"4":1,"5":1,"6":0,"7":0},"f":{"0":4},"b":{"0":[0],"1":[1,1,1,1,0,0]},"_coverageSchema":"332fd63041d2c1bcb487cc26dd0d5f7d97098a6c","hash":"006efc103f4a1f992ee4cf92ce4f44c1fbff15c6"}
,"/Users/joelamb/workspace/benefit/src/reducers/organisation.js": {"path":"/Users/joelamb/workspace/benefit/src/reducers/organisation.js","statementMap":{"0":{"start":{"line":1,"column":21},"end":{"line":11,"column":1}},"1":{"start":{"line":2,"column":2},"end":{"line":10,"column":3}},"2":{"start":{"line":4,"column":6},"end":{"line":7,"column":11}},"3":{"start":{"line":9,"column":6},"end":{"line":9,"column":19}}},"fnMap":{"0":{"name":"(anonymous_0)","decl":{"start":{"line":1,"column":21},"end":{"line":1,"column":22}},"loc":{"start":{"line":1,"column":67},"end":{"line":11,"column":1}},"line":1}},"branchMap":{"0":{"loc":{"start":{"line":1,"column":22},"end":{"line":1,"column":54}},"type":"default-arg","locations":[{"start":{"line":1,"column":30},"end":{"line":1,"column":54}}],"line":1},"1":{"loc":{"start":{"line":2,"column":2},"end":{"line":10,"column":3}},"type":"switch","locations":[{"start":{"line":3,"column":4},"end":{"line":7,"column":11}},{"start":{"line":8,"column":4},"end":{"line":9,"column":19}}],"line":2}},"s":{"0":1,"1":1,"2":1,"3":0},"f":{"0":1},"b":{"0":[0],"1":[1,0]},"_coverageSchema":"332fd63041d2c1bcb487cc26dd0d5f7d97098a6c","hash":"2d5e335850f6bd2b5495c6172a729bb309404af6"}
,"/Users/joelamb/workspace/benefit/src/reducers/paymentDetails.js": {"path":"/Users/joelamb/workspace/benefit/src/reducers/paymentDetails.js","statementMap":{"0":{"start":{"line":1,"column":23},"end":{"line":10,"column":1}},"1":{"start":{"line":4,"column":2},"end":{"line":9,"column":3}},"2":{"start":{"line":6,"column":6},"end":{"line":6,"column":75}},"3":{"start":{"line":8,"column":6},"end":{"line":8,"column":19}}},"fnMap":{"0":{"name":"(anonymous_0)","decl":{"start":{"line":1,"column":23},"end":{"line":1,"column":24}},"loc":{"start":{"line":3,"column":14},"end":{"line":10,"column":1}},"line":3}},"branchMap":{"0":{"loc":{"start":{"line":1,"column":24},"end":{"line":3,"column":1}},"type":"default-arg","locations":[{"start":{"line":1,"column":32},"end":{"line":3,"column":1}}],"line":1},"1":{"loc":{"start":{"line":4,"column":2},"end":{"line":9,"column":3}},"type":"switch","locations":[{"start":{"line":5,"column":4},"end":{"line":6,"column":75}},{"start":{"line":7,"column":4},"end":{"line":8,"column":19}}],"line":4}},"s":{"0":1,"1":1,"2":1,"3":0},"f":{"0":1},"b":{"0":[0],"1":[1,0]},"_coverageSchema":"332fd63041d2c1bcb487cc26dd0d5f7d97098a6c","hash":"a47d9eaffd40675cb6ce8e9cd3a509f466e138ff"}
,"/Users/joelamb/workspace/benefit/src/reducers/recipient.js": {"path":"/Users/joelamb/workspace/benefit/src/reducers/recipient.js","statementMap":{"0":{"start":{"line":1,"column":18},"end":{"line":21,"column":1}},"1":{"start":{"line":2,"column":2},"end":{"line":20,"column":3}},"2":{"start":{"line":4,"column":6},"end":{"line":13,"column":9}},"3":{"start":{"line":15,"column":6},"end":{"line":15,"column":75}},"4":{"start":{"line":17,"column":6},"end":{"line":17,"column":71}},"5":{"start":{"line":19,"column":6},"end":{"line":19,"column":19}}},"fnMap":{"0":{"name":"(anonymous_0)","decl":{"start":{"line":1,"column":18},"end":{"line":1,"column":19}},"loc":{"start":{"line":1,"column":104},"end":{"line":21,"column":1}},"line":1}},"branchMap":{"0":{"loc":{"start":{"line":1,"column":19},"end":{"line":1,"column":91}},"type":"default-arg","locations":[{"start":{"line":1,"column":27},"end":{"line":1,"column":91}}],"line":1},"1":{"loc":{"start":{"line":2,"column":2},"end":{"line":20,"column":3}},"type":"switch","locations":[{"start":{"line":3,"column":4},"end":{"line":13,"column":9}},{"start":{"line":14,"column":4},"end":{"line":15,"column":75}},{"start":{"line":16,"column":4},"end":{"line":17,"column":71}},{"start":{"line":18,"column":4},"end":{"line":19,"column":19}}],"line":2}},"s":{"0":1,"1":1,"2":1,"3":0,"4":0,"5":0},"f":{"0":1},"b":{"0":[0],"1":[1,0,0,0]},"_coverageSchema":"332fd63041d2c1bcb487cc26dd0d5f7d97098a6c","hash":"656873d9dc69141e4470b21683dece2b24de9647"}
,"/Users/joelamb/workspace/benefit/src/reducers/view.js": {"path":"/Users/joelamb/workspace/benefit/src/reducers/view.js","statementMap":{"0":{"start":{"line":1,"column":13},"end":{"line":10,"column":1}},"1":{"start":{"line":2,"column":2},"end":{"line":9,"column":3}},"2":{"start":{"line":4,"column":6},"end":{"line":4,"column":89}},"3":{"start":{"line":6,"column":6},"end":{"line":6,"column":85}},"4":{"start":{"line":8,"column":6},"end":{"line":8,"column":19}}},"fnMap":{"0":{"name":"(anonymous_0)","decl":{"start":{"line":1,"column":13},"end":{"line":1,"column":14}},"loc":{"start":{"line":1,"column":89},"end":{"line":10,"column":1}},"line":1}},"branchMap":{"0":{"loc":{"start":{"line":1,"column":14},"end":{"line":1,"column":76}},"type":"default-arg","locations":[{"start":{"line":1,"column":22},"end":{"line":1,"column":76}}],"line":1},"1":{"loc":{"start":{"line":2,"column":2},"end":{"line":9,"column":3}},"type":"switch","locations":[{"start":{"line":3,"column":4},"end":{"line":4,"column":89}},{"start":{"line":5,"column":4},"end":{"line":6,"column":85}},{"start":{"line":7,"column":4},"end":{"line":8,"column":19}}],"line":2}},"s":{"0":1,"1":1,"2":1,"3":0,"4":0},"f":{"0":1},"b":{"0":[0],"1":[1,0,0]},"_coverageSchema":"332fd63041d2c1bcb487cc26dd0d5f7d97098a6c","hash":"0b09b5e52df8d0d67e74774afc4d892c7f909e8b"}
,"/Users/joelamb/workspace/benefit/tests/setup.js": {"path":"/Users/joelamb/workspace/benefit/tests/setup.js","statementMap":{"0":{"start":{"line":4,"column":0},"end":{"line":4,"column":45}}},"fnMap":{},"branchMap":{},"s":{"0":37},"f":{},"b":{},"_coverageSchema":"332fd63041d2c1bcb487cc26dd0d5f7d97098a6c","hash":"257e52fb5014289254ddc8620eb30c29fc38f7c9"}
,"/Users/joelamb/workspace/benefit/tests/components/contextWrap.js": {"path":"/Users/joelamb/workspace/benefit/tests/components/contextWrap.js","statementMap":{"0":{"start":{"line":7,"column":15},"end":{"line":13,"column":1}},"1":{"start":{"line":15,"column":22},"end":{"line":18,"column":2}},"2":{"start":{"line":15,"column":29},"end":{"line":18,"column":1}},"3":{"start":{"line":21,"column":2},"end":{"line":21,"column":38}},"4":{"start":{"line":25,"column":2},"end":{"line":25,"column":40}}},"fnMap":{"0":{"name":"(anonymous_0)","decl":{"start":{"line":15,"column":22},"end":{"line":15,"column":23}},"loc":{"start":{"line":15,"column":29},"end":{"line":18,"column":1}},"line":15},"1":{"name":"mountWrap","decl":{"start":{"line":20,"column":16},"end":{"line":20,"column":25}},"loc":{"start":{"line":20,"column":32},"end":{"line":22,"column":1}},"line":20},"2":{"name":"shallowWrap","decl":{"start":{"line":24,"column":16},"end":{"line":24,"column":27}},"loc":{"start":{"line":24,"column":34},"end":{"line":26,"column":1}},"line":24}},"branchMap":{},"s":{"0":1,"1":1,"2":1,"3":0,"4":1},"f":{"0":1,"1":0,"2":1},"b":{},"_coverageSchema":"332fd63041d2c1bcb487cc26dd0d5f7d97098a6c","hash":"632723cf56c09aa692bd33e865a01f84e4d61eae"}
}
