{"/Users/joelamb/workspace/benefit/src/actions/index.js": {"path":"/Users/joelamb/workspace/benefit/src/actions/index.js","statementMap":{"0":{"start":{"line":2,"column":24},"end":{"line":2,"column":47}},"1":{"start":{"line":3,"column":19},"end":{"line":3,"column":74}},"2":{"start":{"line":4,"column":2},"end":{"line":7,"column":4}},"3":{"start":{"line":11,"column":2},"end":{"line":13,"column":4}},"4":{"start":{"line":17,"column":2},"end":{"line":19,"column":4}},"5":{"start":{"line":23,"column":2},"end":{"line":34,"column":4}},"6":{"start":{"line":24,"column":4},"end":{"line":33,"column":42}},"7":{"start":{"line":25,"column":24},"end":{"line":25,"column":39}},"8":{"start":{"line":27,"column":26},"end":{"line":27,"column":58}},"9":{"start":{"line":28,"column":8},"end":{"line":31,"column":11}},"10":{"start":{"line":33,"column":22},"end":{"line":33,"column":40}},"11":{"start":{"line":38,"column":2},"end":{"line":47,"column":4}},"12":{"start":{"line":51,"column":2},"end":{"line":56,"column":4}},"13":{"start":{"line":52,"column":4},"end":{"line":55,"column":65}},"14":{"start":{"line":53,"column":24},"end":{"line":53,"column":39}},"15":{"start":{"line":54,"column":25},"end":{"line":54,"column":64}},"16":{"start":{"line":55,"column":22},"end":{"line":55,"column":63}},"17":{"start":{"line":60,"column":2},"end":{"line":63,"column":4}},"18":{"start":{"line":67,"column":2},"end":{"line":69,"column":4}},"19":{"start":{"line":73,"column":2},"end":{"line":76,"column":4}},"20":{"start":{"line":82,"column":2},"end":{"line":106,"column":4}},"21":{"start":{"line":83,"column":43},"end":{"line":83,"column":53}},"22":{"start":{"line":84,"column":30},"end":{"line":91,"column":5}},"23":{"start":{"line":92,"column":4},"end":{"line":92,"column":69}},"24":{"start":{"line":93,"column":4},"end":{"line":105,"column":9}},"25":{"start":{"line":100,"column":24},"end":{"line":100,"column":39}},"26":{"start":{"line":102,"column":8},"end":{"line":102,"column":74}},"27":{"start":{"line":103,"column":8},"end":{"line":103,"column":44}},"28":{"start":{"line":104,"column":8},"end":{"line":104,"column":59}},"29":{"start":{"line":110,"column":2},"end":{"line":112,"column":4}},"30":{"start":{"line":116,"column":2},"end":{"line":119,"column":4}},"31":{"start":{"line":123,"column":2},"end":{"line":136,"column":4}},"32":{"start":{"line":124,"column":4},"end":{"line":135,"column":44}},"33":{"start":{"line":131,"column":24},"end":{"line":131,"column":39}},"34":{"start":{"line":133,"column":8},"end":{"line":133,"column":61}},"35":{"start":{"line":135,"column":22},"end":{"line":135,"column":42}},"36":{"start":{"line":140,"column":2},"end":{"line":143,"column":4}},"37":{"start":{"line":147,"column":2},"end":{"line":161,"column":4}},"38":{"start":{"line":148,"column":4},"end":{"line":160,"column":44}},"39":{"start":{"line":155,"column":24},"end":{"line":155,"column":39}},"40":{"start":{"line":157,"column":8},"end":{"line":157,"column":31}},"41":{"start":{"line":158,"column":8},"end":{"line":158,"column":45}},"42":{"start":{"line":160,"column":22},"end":{"line":160,"column":42}},"43":{"start":{"line":166,"column":2},"end":{"line":170,"column":4}},"44":{"start":{"line":174,"column":2},"end":{"line":180,"column":4}},"45":{"start":{"line":184,"column":2},"end":{"line":207,"column":4}},"46":{"start":{"line":185,"column":28},"end":{"line":185,"column":38}},"47":{"start":{"line":186,"column":22},"end":{"line":189,"column":5}},"48":{"start":{"line":190,"column":4},"end":{"line":206,"column":73}},"49":{"start":{"line":198,"column":8},"end":{"line":200,"column":9}},"50":{"start":{"line":199,"column":10},"end":{"line":199,"column":33}},"51":{"start":{"line":201,"column":8},"end":{"line":201,"column":82}},"52":{"start":{"line":204,"column":8},"end":{"line":204,"column":52}},"53":{"start":{"line":206,"column":22},"end":{"line":206,"column":71}},"54":{"start":{"line":211,"column":2},"end":{"line":214,"column":4}},"55":{"start":{"line":218,"column":2},"end":{"line":233,"column":4}},"56":{"start":{"line":219,"column":4},"end":{"line":232,"column":72}},"57":{"start":{"line":221,"column":8},"end":{"line":223,"column":9}},"58":{"start":{"line":222,"column":10},"end":{"line":222,"column":33}},"59":{"start":{"line":224,"column":8},"end":{"line":224,"column":82}},"60":{"start":{"line":227,"column":8},"end":{"line":229,"column":9}},"61":{"start":{"line":228,"column":10},"end":{"line":228,"column":46}},"62":{"start":{"line":230,"column":8},"end":{"line":230,"column":38}},"63":{"start":{"line":232,"column":22},"end":{"line":232,"column":70}},"64":{"start":{"line":237,"column":2},"end":{"line":237,"column":32}},"65":{"start":{"line":241,"column":2},"end":{"line":249,"column":4}},"66":{"start":{"line":242,"column":4},"end":{"line":248,"column":42}},"67":{"start":{"line":243,"column":24},"end":{"line":243,"column":39}},"68":{"start":{"line":245,"column":8},"end":{"line":245,"column":26}},"69":{"start":{"line":246,"column":8},"end":{"line":246,"column":30}},"70":{"start":{"line":248,"column":22},"end":{"line":248,"column":40}},"71":{"start":{"line":253,"column":2},"end":{"line":256,"column":4}},"72":{"start":{"line":260,"column":2},"end":{"line":265,"column":4}},"73":{"start":{"line":261,"column":4},"end":{"line":264,"column":50}},"74":{"start":{"line":262,"column":24},"end":{"line":262,"column":39}},"75":{"start":{"line":263,"column":25},"end":{"line":263,"column":64}},"76":{"start":{"line":264,"column":22},"end":{"line":264,"column":48}},"77":{"start":{"line":269,"column":2},"end":{"line":272,"column":4}},"78":{"start":{"line":270,"column":4},"end":{"line":270,"column":44}},"79":{"start":{"line":271,"column":4},"end":{"line":271,"column":37}},"80":{"start":{"line":276,"column":2},"end":{"line":279,"column":4}},"81":{"start":{"line":283,"column":2},"end":{"line":288,"column":4}},"82":{"start":{"line":284,"column":4},"end":{"line":287,"column":50}},"83":{"start":{"line":285,"column":24},"end":{"line":285,"column":39}},"84":{"start":{"line":286,"column":25},"end":{"line":286,"column":69}},"85":{"start":{"line":287,"column":22},"end":{"line":287,"column":48}},"86":{"start":{"line":292,"column":2},"end":{"line":300,"column":4}},"87":{"start":{"line":304,"column":2},"end":{"line":309,"column":4}},"88":{"start":{"line":305,"column":4},"end":{"line":308,"column":65}},"89":{"start":{"line":306,"column":24},"end":{"line":306,"column":39}},"90":{"start":{"line":307,"column":21},"end":{"line":307,"column":52}},"91":{"start":{"line":308,"column":22},"end":{"line":308,"column":63}},"92":{"start":{"line":313,"column":2},"end":{"line":316,"column":4}},"93":{"start":{"line":314,"column":4},"end":{"line":314,"column":40}},"94":{"start":{"line":315,"column":4},"end":{"line":315,"column":33}},"95":{"start":{"line":321,"column":2},"end":{"line":324,"column":4}},"96":{"start":{"line":328,"column":2},"end":{"line":333,"column":4}},"97":{"start":{"line":329,"column":4},"end":{"line":332,"column":50}},"98":{"start":{"line":330,"column":24},"end":{"line":330,"column":39}},"99":{"start":{"line":331,"column":25},"end":{"line":331,"column":70}},"100":{"start":{"line":332,"column":22},"end":{"line":332,"column":48}}},"fnMap":{"0":{"name":"setDonationAmount","decl":{"start":{"line":1,"column":16},"end":{"line":1,"column":33}},"loc":{"start":{"line":1,"column":42},"end":{"line":8,"column":1}},"line":1},"1":{"name":"togglePaymentDetails","decl":{"start":{"line":10,"column":16},"end":{"line":10,"column":36}},"loc":{"start":{"line":10,"column":39},"end":{"line":14,"column":1}},"line":10},"2":{"name":"toggleDonationComplete","decl":{"start":{"line":16,"column":16},"end":{"line":16,"column":38}},"loc":{"start":{"line":16,"column":41},"end":{"line":20,"column":1}},"line":16},"3":{"name":"getQRCode","decl":{"start":{"line":22,"column":16},"end":{"line":22,"column":25}},"loc":{"start":{"line":22,"column":30},"end":{"line":35,"column":1}},"line":22},"4":{"name":"(anonymous_4)","decl":{"start":{"line":23,"column":9},"end":{"line":23,"column":10}},"loc":{"start":{"line":23,"column":29},"end":{"line":34,"column":3}},"line":23},"5":{"name":"(anonymous_5)","decl":{"start":{"line":25,"column":12},"end":{"line":25,"column":13}},"loc":{"start":{"line":25,"column":24},"end":{"line":25,"column":39}},"line":25},"6":{"name":"(anonymous_6)","decl":{"start":{"line":26,"column":12},"end":{"line":26,"column":13}},"loc":{"start":{"line":26,"column":22},"end":{"line":32,"column":7}},"line":26},"7":{"name":"(anonymous_7)","decl":{"start":{"line":33,"column":13},"end":{"line":33,"column":14}},"loc":{"start":{"line":33,"column":22},"end":{"line":33,"column":40}},"line":33},"8":{"name":"setRecipientFromDB","decl":{"start":{"line":37,"column":16},"end":{"line":37,"column":34}},"loc":{"start":{"line":37,"column":46},"end":{"line":48,"column":1}},"line":37},"9":{"name":"getRecipientFromDB","decl":{"start":{"line":50,"column":16},"end":{"line":50,"column":34}},"loc":{"start":{"line":50,"column":39},"end":{"line":57,"column":1}},"line":50},"10":{"name":"(anonymous_10)","decl":{"start":{"line":51,"column":9},"end":{"line":51,"column":10}},"loc":{"start":{"line":51,"column":29},"end":{"line":56,"column":3}},"line":51},"11":{"name":"(anonymous_11)","decl":{"start":{"line":53,"column":12},"end":{"line":53,"column":13}},"loc":{"start":{"line":53,"column":24},"end":{"line":53,"column":39}},"line":53},"12":{"name":"(anonymous_12)","decl":{"start":{"line":54,"column":12},"end":{"line":54,"column":13}},"loc":{"start":{"line":54,"column":25},"end":{"line":54,"column":64}},"line":54},"13":{"name":"(anonymous_13)","decl":{"start":{"line":55,"column":13},"end":{"line":55,"column":14}},"loc":{"start":{"line":55,"column":22},"end":{"line":55,"column":63}},"line":55},"14":{"name":"receiveStripeToken","decl":{"start":{"line":59,"column":16},"end":{"line":59,"column":34}},"loc":{"start":{"line":59,"column":48},"end":{"line":64,"column":1}},"line":59},"15":{"name":"setDonorID","decl":{"start":{"line":66,"column":16},"end":{"line":66,"column":26}},"loc":{"start":{"line":66,"column":29},"end":{"line":70,"column":1}},"line":66},"16":{"name":"setDonationID","decl":{"start":{"line":72,"column":16},"end":{"line":72,"column":29}},"loc":{"start":{"line":72,"column":42},"end":{"line":77,"column":1}},"line":72},"17":{"name":"createPaymentDetails","decl":{"start":{"line":81,"column":16},"end":{"line":81,"column":36}},"loc":{"start":{"line":81,"column":44},"end":{"line":107,"column":1}},"line":81},"18":{"name":"(anonymous_18)","decl":{"start":{"line":82,"column":9},"end":{"line":82,"column":10}},"loc":{"start":{"line":82,"column":39},"end":{"line":106,"column":3}},"line":82},"19":{"name":"(anonymous_19)","decl":{"start":{"line":100,"column":12},"end":{"line":100,"column":13}},"loc":{"start":{"line":100,"column":24},"end":{"line":100,"column":39}},"line":100},"20":{"name":"(anonymous_20)","decl":{"start":{"line":101,"column":12},"end":{"line":101,"column":13}},"loc":{"start":{"line":101,"column":28},"end":{"line":105,"column":7}},"line":101},"21":{"name":"submitRecipientForm","decl":{"start":{"line":109,"column":16},"end":{"line":109,"column":35}},"loc":{"start":{"line":109,"column":38},"end":{"line":113,"column":1}},"line":109},"22":{"name":"setRecipientIdForQrCode","decl":{"start":{"line":115,"column":16},"end":{"line":115,"column":39}},"loc":{"start":{"line":115,"column":44},"end":{"line":120,"column":1}},"line":115},"23":{"name":"addRecipient","decl":{"start":{"line":122,"column":16},"end":{"line":122,"column":28}},"loc":{"start":{"line":122,"column":40},"end":{"line":137,"column":1}},"line":122},"24":{"name":"(anonymous_24)","decl":{"start":{"line":123,"column":9},"end":{"line":123,"column":10}},"loc":{"start":{"line":123,"column":29},"end":{"line":136,"column":3}},"line":123},"25":{"name":"(anonymous_25)","decl":{"start":{"line":131,"column":12},"end":{"line":131,"column":13}},"loc":{"start":{"line":131,"column":24},"end":{"line":131,"column":39}},"line":131},"26":{"name":"(anonymous_26)","decl":{"start":{"line":132,"column":12},"end":{"line":132,"column":13}},"loc":{"start":{"line":132,"column":22},"end":{"line":134,"column":7}},"line":132},"27":{"name":"(anonymous_27)","decl":{"start":{"line":135,"column":13},"end":{"line":135,"column":14}},"loc":{"start":{"line":135,"column":22},"end":{"line":135,"column":42}},"line":135},"28":{"name":"setNewDonorId","decl":{"start":{"line":139,"column":16},"end":{"line":139,"column":29}},"loc":{"start":{"line":139,"column":42},"end":{"line":144,"column":1}},"line":139},"29":{"name":"addDonor","decl":{"start":{"line":146,"column":16},"end":{"line":146,"column":24}},"loc":{"start":{"line":146,"column":32},"end":{"line":162,"column":1}},"line":146},"30":{"name":"(anonymous_30)","decl":{"start":{"line":147,"column":9},"end":{"line":147,"column":10}},"loc":{"start":{"line":147,"column":29},"end":{"line":161,"column":3}},"line":147},"31":{"name":"(anonymous_31)","decl":{"start":{"line":155,"column":12},"end":{"line":155,"column":13}},"loc":{"start":{"line":155,"column":24},"end":{"line":155,"column":39}},"line":155},"32":{"name":"(anonymous_32)","decl":{"start":{"line":156,"column":12},"end":{"line":156,"column":13}},"loc":{"start":{"line":156,"column":26},"end":{"line":159,"column":7}},"line":156},"33":{"name":"(anonymous_33)","decl":{"start":{"line":160,"column":13},"end":{"line":160,"column":14}},"loc":{"start":{"line":160,"column":22},"end":{"line":160,"column":42}},"line":160},"34":{"name":"setLoginDetails","decl":{"start":{"line":165,"column":16},"end":{"line":165,"column":31}},"loc":{"start":{"line":165,"column":55},"end":{"line":171,"column":1}},"line":165},"35":{"name":"setUserFromPassport","decl":{"start":{"line":173,"column":16},"end":{"line":173,"column":35}},"loc":{"start":{"line":173,"column":42},"end":{"line":181,"column":1}},"line":173},"36":{"name":"login","decl":{"start":{"line":183,"column":16},"end":{"line":183,"column":21}},"loc":{"start":{"line":183,"column":24},"end":{"line":208,"column":1}},"line":183},"37":{"name":"(anonymous_37)","decl":{"start":{"line":184,"column":9},"end":{"line":184,"column":10}},"loc":{"start":{"line":184,"column":39},"end":{"line":207,"column":3}},"line":184},"38":{"name":"(anonymous_38)","decl":{"start":{"line":197,"column":12},"end":{"line":197,"column":13}},"loc":{"start":{"line":197,"column":26},"end":{"line":202,"column":7}},"line":197},"39":{"name":"(anonymous_39)","decl":{"start":{"line":203,"column":12},"end":{"line":203,"column":13}},"loc":{"start":{"line":203,"column":30},"end":{"line":205,"column":7}},"line":203},"40":{"name":"(anonymous_40)","decl":{"start":{"line":206,"column":13},"end":{"line":206,"column":14}},"loc":{"start":{"line":206,"column":22},"end":{"line":206,"column":71}},"line":206},"41":{"name":"setHasCheckedUser","decl":{"start":{"line":210,"column":16},"end":{"line":210,"column":33}},"loc":{"start":{"line":210,"column":36},"end":{"line":215,"column":1}},"line":210},"42":{"name":"checkLogin","decl":{"start":{"line":217,"column":16},"end":{"line":217,"column":26}},"loc":{"start":{"line":217,"column":29},"end":{"line":234,"column":1}},"line":217},"43":{"name":"(anonymous_43)","decl":{"start":{"line":218,"column":9},"end":{"line":218,"column":10}},"loc":{"start":{"line":218,"column":29},"end":{"line":233,"column":3}},"line":218},"44":{"name":"(anonymous_44)","decl":{"start":{"line":220,"column":12},"end":{"line":220,"column":13}},"loc":{"start":{"line":220,"column":26},"end":{"line":225,"column":7}},"line":220},"45":{"name":"(anonymous_45)","decl":{"start":{"line":226,"column":12},"end":{"line":226,"column":13}},"loc":{"start":{"line":226,"column":22},"end":{"line":231,"column":7}},"line":226},"46":{"name":"(anonymous_46)","decl":{"start":{"line":232,"column":13},"end":{"line":232,"column":14}},"loc":{"start":{"line":232,"column":22},"end":{"line":232,"column":70}},"line":232},"47":{"name":"setLogout","decl":{"start":{"line":236,"column":16},"end":{"line":236,"column":25}},"loc":{"start":{"line":236,"column":28},"end":{"line":238,"column":1}},"line":236},"48":{"name":"logout","decl":{"start":{"line":240,"column":16},"end":{"line":240,"column":22}},"loc":{"start":{"line":240,"column":25},"end":{"line":250,"column":1}},"line":240},"49":{"name":"(anonymous_49)","decl":{"start":{"line":241,"column":9},"end":{"line":241,"column":10}},"loc":{"start":{"line":241,"column":29},"end":{"line":249,"column":3}},"line":241},"50":{"name":"(anonymous_50)","decl":{"start":{"line":243,"column":12},"end":{"line":243,"column":13}},"loc":{"start":{"line":243,"column":24},"end":{"line":243,"column":39}},"line":243},"51":{"name":"(anonymous_51)","decl":{"start":{"line":244,"column":12},"end":{"line":244,"column":13}},"loc":{"start":{"line":244,"column":22},"end":{"line":247,"column":7}},"line":244},"52":{"name":"(anonymous_52)","decl":{"start":{"line":248,"column":13},"end":{"line":248,"column":14}},"loc":{"start":{"line":248,"column":22},"end":{"line":248,"column":40}},"line":248},"53":{"name":"setDonationsFromDB","decl":{"start":{"line":252,"column":16},"end":{"line":252,"column":34}},"loc":{"start":{"line":252,"column":46},"end":{"line":257,"column":1}},"line":252},"54":{"name":"getDonationsByRecipientID","decl":{"start":{"line":259,"column":16},"end":{"line":259,"column":41}},"loc":{"start":{"line":259,"column":46},"end":{"line":266,"column":1}},"line":259},"55":{"name":"(anonymous_55)","decl":{"start":{"line":260,"column":9},"end":{"line":260,"column":10}},"loc":{"start":{"line":260,"column":29},"end":{"line":265,"column":3}},"line":260},"56":{"name":"(anonymous_56)","decl":{"start":{"line":262,"column":12},"end":{"line":262,"column":13}},"loc":{"start":{"line":262,"column":24},"end":{"line":262,"column":39}},"line":262},"57":{"name":"(anonymous_57)","decl":{"start":{"line":263,"column":12},"end":{"line":263,"column":13}},"loc":{"start":{"line":263,"column":25},"end":{"line":263,"column":64}},"line":263},"58":{"name":"(anonymous_58)","decl":{"start":{"line":264,"column":13},"end":{"line":264,"column":14}},"loc":{"start":{"line":264,"column":22},"end":{"line":264,"column":48}},"line":264},"59":{"name":"getProfileDetailsByID","decl":{"start":{"line":268,"column":16},"end":{"line":268,"column":37}},"loc":{"start":{"line":268,"column":42},"end":{"line":273,"column":1}},"line":268},"60":{"name":"(anonymous_60)","decl":{"start":{"line":269,"column":9},"end":{"line":269,"column":10}},"loc":{"start":{"line":269,"column":29},"end":{"line":272,"column":3}},"line":269},"61":{"name":"setDonorDonationsFromDB","decl":{"start":{"line":275,"column":16},"end":{"line":275,"column":39}},"loc":{"start":{"line":275,"column":51},"end":{"line":280,"column":1}},"line":275},"62":{"name":"getDonationsByDonorID","decl":{"start":{"line":282,"column":16},"end":{"line":282,"column":37}},"loc":{"start":{"line":282,"column":42},"end":{"line":289,"column":1}},"line":282},"63":{"name":"(anonymous_63)","decl":{"start":{"line":283,"column":9},"end":{"line":283,"column":10}},"loc":{"start":{"line":283,"column":29},"end":{"line":288,"column":3}},"line":283},"64":{"name":"(anonymous_64)","decl":{"start":{"line":285,"column":12},"end":{"line":285,"column":13}},"loc":{"start":{"line":285,"column":24},"end":{"line":285,"column":39}},"line":285},"65":{"name":"(anonymous_65)","decl":{"start":{"line":286,"column":12},"end":{"line":286,"column":13}},"loc":{"start":{"line":286,"column":25},"end":{"line":286,"column":69}},"line":286},"66":{"name":"(anonymous_66)","decl":{"start":{"line":287,"column":13},"end":{"line":287,"column":14}},"loc":{"start":{"line":287,"column":22},"end":{"line":287,"column":48}},"line":287},"67":{"name":"setDonorFromDB","decl":{"start":{"line":291,"column":16},"end":{"line":291,"column":30}},"loc":{"start":{"line":291,"column":38},"end":{"line":301,"column":1}},"line":291},"68":{"name":"getDonorFromDB","decl":{"start":{"line":303,"column":16},"end":{"line":303,"column":30}},"loc":{"start":{"line":303,"column":35},"end":{"line":310,"column":1}},"line":303},"69":{"name":"(anonymous_69)","decl":{"start":{"line":304,"column":9},"end":{"line":304,"column":10}},"loc":{"start":{"line":304,"column":29},"end":{"line":309,"column":3}},"line":304},"70":{"name":"(anonymous_70)","decl":{"start":{"line":306,"column":12},"end":{"line":306,"column":13}},"loc":{"start":{"line":306,"column":24},"end":{"line":306,"column":39}},"line":306},"71":{"name":"(anonymous_71)","decl":{"start":{"line":307,"column":12},"end":{"line":307,"column":13}},"loc":{"start":{"line":307,"column":21},"end":{"line":307,"column":52}},"line":307},"72":{"name":"(anonymous_72)","decl":{"start":{"line":308,"column":13},"end":{"line":308,"column":14}},"loc":{"start":{"line":308,"column":22},"end":{"line":308,"column":63}},"line":308},"73":{"name":"getDonorDetailsByID","decl":{"start":{"line":312,"column":16},"end":{"line":312,"column":35}},"loc":{"start":{"line":312,"column":40},"end":{"line":317,"column":1}},"line":312},"74":{"name":"(anonymous_74)","decl":{"start":{"line":313,"column":9},"end":{"line":313,"column":10}},"loc":{"start":{"line":313,"column":29},"end":{"line":316,"column":3}},"line":313},"75":{"name":"setOrganisationDonations","decl":{"start":{"line":320,"column":16},"end":{"line":320,"column":40}},"loc":{"start":{"line":320,"column":52},"end":{"line":325,"column":1}},"line":320},"76":{"name":"getDonationsByOrganisationID","decl":{"start":{"line":327,"column":16},"end":{"line":327,"column":44}},"loc":{"start":{"line":327,"column":49},"end":{"line":334,"column":1}},"line":327},"77":{"name":"(anonymous_77)","decl":{"start":{"line":328,"column":9},"end":{"line":328,"column":10}},"loc":{"start":{"line":328,"column":29},"end":{"line":333,"column":3}},"line":328},"78":{"name":"(anonymous_78)","decl":{"start":{"line":330,"column":12},"end":{"line":330,"column":13}},"loc":{"start":{"line":330,"column":24},"end":{"line":330,"column":39}},"line":330},"79":{"name":"(anonymous_79)","decl":{"start":{"line":331,"column":12},"end":{"line":331,"column":13}},"loc":{"start":{"line":331,"column":25},"end":{"line":331,"column":70}},"line":331},"80":{"name":"(anonymous_80)","decl":{"start":{"line":332,"column":13},"end":{"line":332,"column":14}},"loc":{"start":{"line":332,"column":22},"end":{"line":332,"column":48}},"line":332}},"branchMap":{"0":{"loc":{"start":{"line":3,"column":19},"end":{"line":3,"column":74}},"type":"cond-expr","locations":[{"start":{"line":3,"column":35},"end":{"line":3,"column":62}},{"start":{"line":3,"column":65},"end":{"line":3,"column":74}}],"line":3},"1":{"loc":{"start":{"line":198,"column":8},"end":{"line":200,"column":9}},"type":"if","locations":[{"start":{"line":198,"column":8},"end":{"line":200,"column":9}},{"start":{"line":198,"column":8},"end":{"line":200,"column":9}}],"line":198},"2":{"loc":{"start":{"line":221,"column":8},"end":{"line":223,"column":9}},"type":"if","locations":[{"start":{"line":221,"column":8},"end":{"line":223,"column":9}},{"start":{"line":221,"column":8},"end":{"line":223,"column":9}}],"line":221},"3":{"loc":{"start":{"line":227,"column":8},"end":{"line":229,"column":9}},"type":"if","locations":[{"start":{"line":227,"column":8},"end":{"line":229,"column":9}},{"start":{"line":227,"column":8},"end":{"line":229,"column":9}}],"line":227}},"s":{"0":1,"1":1,"2":1,"3":1,"4":0,"5":0,"6":0,"7":0,"8":0,"9":0,"10":0,"11":2,"12":1,"13":1,"14":1,"15":1,"16":0,"17":1,"18":0,"19":0,"20":0,"21":0,"22":0,"23":0,"24":0,"25":0,"26":0,"27":0,"28":0,"29":0,"30":0,"31":0,"32":0,"33":0,"34":0,"35":0,"36":0,"37":0,"38":0,"39":0,"40":0,"41":0,"42":0,"43":0,"44":0,"45":0,"46":0,"47":0,"48":0,"49":0,"50":0,"51":0,"52":0,"53":0,"54":0,"55":0,"56":0,"57":0,"58":0,"59":0,"60":0,"61":0,"62":0,"63":0,"64":0,"65":0,"66":0,"67":0,"68":0,"69":0,"70":0,"71":0,"72":0,"73":0,"74":0,"75":0,"76":0,"77":0,"78":0,"79":0,"80":0,"81":0,"82":0,"83":0,"84":0,"85":0,"86":0,"87":0,"88":0,"89":0,"90":0,"91":0,"92":0,"93":0,"94":0,"95":0,"96":0,"97":0,"98":0,"99":0,"100":0},"f":{"0":1,"1":1,"2":0,"3":0,"4":0,"5":0,"6":0,"7":0,"8":2,"9":1,"10":1,"11":1,"12":1,"13":0,"14":1,"15":0,"16":0,"17":0,"18":0,"19":0,"20":0,"21":0,"22":0,"23":0,"24":0,"25":0,"26":0,"27":0,"28":0,"29":0,"30":0,"31":0,"32":0,"33":0,"34":0,"35":0,"36":0,"37":0,"38":0,"39":0,"40":0,"41":0,"42":0,"43":0,"44":0,"45":0,"46":0,"47":0,"48":0,"49":0,"50":0,"51":0,"52":0,"53":0,"54":0,"55":0,"56":0,"57":0,"58":0,"59":0,"60":0,"61":0,"62":0,"63":0,"64":0,"65":0,"66":0,"67":0,"68":0,"69":0,"70":0,"71":0,"72":0,"73":0,"74":0,"75":0,"76":0,"77":0,"78":0,"79":0,"80":0},"b":{"0":[1,0],"1":[0,0],"2":[0,0],"3":[0,0]},"_coverageSchema":"332fd63041d2c1bcb487cc26dd0d5f7d97098a6c","hash":"897ac31af4e74b7b095ad5b58d4fe3c08eae7283"}
,"/Users/joelamb/workspace/benefit/src/components/AnimationWrapper.js": {"path":"/Users/joelamb/workspace/benefit/src/components/AnimationWrapper.js","statementMap":{"0":{"start":{"line":6,"column":25},"end":{"line":17,"column":4}},"1":{"start":{"line":7,"column":2},"end":{"line":17,"column":3}},"2":{"start":{"line":8,"column":4},"end":{"line":16,"column":25}},"3":{"start":{"line":20,"column":0},"end":{"line":27,"column":2}}},"fnMap":{"0":{"name":"(anonymous_0)","decl":{"start":{"line":6,"column":25},"end":{"line":6,"column":26}},"loc":{"start":{"line":7,"column":2},"end":{"line":17,"column":3}},"line":7},"1":{"name":"(anonymous_1)","decl":{"start":{"line":7,"column":2},"end":{"line":7,"column":3}},"loc":{"start":{"line":8,"column":4},"end":{"line":16,"column":25}},"line":8}},"branchMap":{},"s":{"0":5,"1":17,"2":1,"3":5},"f":{"0":17,"1":1},"b":{},"_coverageSchema":"332fd63041d2c1bcb487cc26dd0d5f7d97098a6c","hash":"0276feb2e629a86ac37fce0fccc1530bf3bb08d9"}
,"/Users/joelamb/workspace/benefit/src/components/App.js": {"path":"/Users/joelamb/workspace/benefit/src/components/App.js","statementMap":{"0":{"start":{"line":16,"column":12},"end":{"line":30,"column":1}},"1":{"start":{"line":17,"column":2},"end":{"line":29,"column":11}}},"fnMap":{"0":{"name":"(anonymous_0)","decl":{"start":{"line":16,"column":12},"end":{"line":16,"column":13}},"loc":{"start":{"line":17,"column":2},"end":{"line":29,"column":11}},"line":17}},"branchMap":{},"s":{"0":2,"1":1},"f":{"0":1},"b":{},"_coverageSchema":"332fd63041d2c1bcb487cc26dd0d5f7d97098a6c","hash":"23ad628f9e3a9e1c7c9b07018de4c55f381d4077"}
,"/Users/joelamb/workspace/benefit/src/components/AppFooter.js": {"path":"/Users/joelamb/workspace/benefit/src/components/AppFooter.js","statementMap":{"0":{"start":{"line":4,"column":18},"end":{"line":8,"column":1}},"1":{"start":{"line":5,"column":2},"end":{"line":7,"column":11}}},"fnMap":{"0":{"name":"(anonymous_0)","decl":{"start":{"line":4,"column":18},"end":{"line":4,"column":19}},"loc":{"start":{"line":5,"column":2},"end":{"line":7,"column":11}},"line":5}},"branchMap":{},"s":{"0":3,"1":1},"f":{"0":1},"b":{},"_coverageSchema":"332fd63041d2c1bcb487cc26dd0d5f7d97098a6c","hash":"e785628ab4786ae6f3c379cee622b96f886697ac"}
,"/Users/joelamb/workspace/benefit/src/components/AppHeader.js": {"path":"/Users/joelamb/workspace/benefit/src/components/AppHeader.js","statementMap":{"0":{"start":{"line":9,"column":4},"end":{"line":9,"column":12}},"1":{"start":{"line":10,"column":4},"end":{"line":12,"column":6}},"2":{"start":{"line":14,"column":4},"end":{"line":14,"column":51}},"3":{"start":{"line":18,"column":40},"end":{"line":18,"column":50}},"4":{"start":{"line":19,"column":21},"end":{"line":19,"column":23}},"5":{"start":{"line":20,"column":4},"end":{"line":32,"column":5}},"6":{"start":{"line":21,"column":6},"end":{"line":21,"column":44}},"7":{"start":{"line":22,"column":6},"end":{"line":24,"column":7}},"8":{"start":{"line":23,"column":8},"end":{"line":23,"column":50}},"9":{"start":{"line":25,"column":6},"end":{"line":25,"column":31}},"10":{"start":{"line":26,"column":11},"end":{"line":32,"column":5}},"11":{"start":{"line":27,"column":6},"end":{"line":27,"column":44}},"12":{"start":{"line":28,"column":6},"end":{"line":28,"column":31}},"13":{"start":{"line":30,"column":6},"end":{"line":30,"column":28}},"14":{"start":{"line":31,"column":6},"end":{"line":31,"column":31}},"15":{"start":{"line":36,"column":25},"end":{"line":36,"column":35}},"16":{"start":{"line":37,"column":35},"end":{"line":37,"column":45}},"17":{"start":{"line":38,"column":4},"end":{"line":38,"column":27}},"18":{"start":{"line":39,"column":4},"end":{"line":41,"column":7}},"19":{"start":{"line":42,"column":4},"end":{"line":44,"column":5}},"20":{"start":{"line":43,"column":6},"end":{"line":43,"column":15}},"21":{"start":{"line":48,"column":25},"end":{"line":48,"column":35}},"22":{"start":{"line":49,"column":33},"end":{"line":49,"column":43}},"23":{"start":{"line":50,"column":20},"end":{"line":52,"column":6}},"24":{"start":{"line":53,"column":25},"end":{"line":53,"column":58}},"25":{"start":{"line":54,"column":23},"end":{"line":54,"column":129}},"26":{"start":{"line":55,"column":4},"end":{"line":68,"column":6}},"27":{"start":{"line":72,"column":0},"end":{"line":80,"column":2}},"28":{"start":{"line":82,"column":0},"end":{"line":85,"column":2}}},"fnMap":{"0":{"name":"(anonymous_0)","decl":{"start":{"line":8,"column":2},"end":{"line":8,"column":3}},"loc":{"start":{"line":8,"column":16},"end":{"line":15,"column":3}},"line":8},"1":{"name":"(anonymous_1)","decl":{"start":{"line":17,"column":2},"end":{"line":17,"column":3}},"loc":{"start":{"line":17,"column":96},"end":{"line":33,"column":3}},"line":17},"2":{"name":"(anonymous_2)","decl":{"start":{"line":35,"column":2},"end":{"line":35,"column":3}},"loc":{"start":{"line":35,"column":21},"end":{"line":45,"column":3}},"line":35},"3":{"name":"(anonymous_3)","decl":{"start":{"line":47,"column":2},"end":{"line":47,"column":3}},"loc":{"start":{"line":47,"column":11},"end":{"line":69,"column":3}},"line":47}},"branchMap":{"0":{"loc":{"start":{"line":20,"column":4},"end":{"line":32,"column":5}},"type":"if","locations":[{"start":{"line":20,"column":4},"end":{"line":32,"column":5}},{"start":{"line":20,"column":4},"end":{"line":32,"column":5}}],"line":20},"1":{"loc":{"start":{"line":20,"column":8},"end":{"line":20,"column":37}},"type":"binary-expr","locations":[{"start":{"line":20,"column":8},"end":{"line":20,"column":20}},{"start":{"line":20,"column":24},"end":{"line":20,"column":37}}],"line":20},"2":{"loc":{"start":{"line":22,"column":6},"end":{"line":24,"column":7}},"type":"if","locations":[{"start":{"line":22,"column":6},"end":{"line":24,"column":7}},{"start":{"line":22,"column":6},"end":{"line":24,"column":7}}],"line":22},"3":{"loc":{"start":{"line":22,"column":10},"end":{"line":22,"column":47}},"type":"binary-expr","locations":[{"start":{"line":22,"column":10},"end":{"line":22,"column":24}},{"start":{"line":22,"column":28},"end":{"line":22,"column":47}}],"line":22},"4":{"loc":{"start":{"line":26,"column":11},"end":{"line":32,"column":5}},"type":"if","locations":[{"start":{"line":26,"column":11},"end":{"line":32,"column":5}},{"start":{"line":26,"column":11},"end":{"line":32,"column":5}}],"line":26},"5":{"loc":{"start":{"line":26,"column":15},"end":{"line":26,"column":43}},"type":"binary-expr","locations":[{"start":{"line":26,"column":15},"end":{"line":26,"column":26}},{"start":{"line":26,"column":30},"end":{"line":26,"column":43}}],"line":26},"6":{"loc":{"start":{"line":42,"column":4},"end":{"line":44,"column":5}},"type":"if","locations":[{"start":{"line":42,"column":4},"end":{"line":44,"column":5}},{"start":{"line":42,"column":4},"end":{"line":44,"column":5}}],"line":42},"7":{"loc":{"start":{"line":53,"column":25},"end":{"line":53,"column":58}},"type":"cond-expr","locations":[{"start":{"line":53,"column":38},"end":{"line":53,"column":47}},{"start":{"line":53,"column":50},"end":{"line":53,"column":58}}],"line":53},"8":{"loc":{"start":{"line":54,"column":23},"end":{"line":54,"column":129}},"type":"cond-expr","locations":[{"start":{"line":54,"column":36},"end":{"line":54,"column":80}},{"start":{"line":54,"column":83},"end":{"line":54,"column":129}}],"line":54},"9":{"loc":{"start":{"line":62,"column":9},"end":{"line":62,"column":60}},"type":"binary-expr","locations":[{"start":{"line":62,"column":9},"end":{"line":62,"column":20}},{"start":{"line":62,"column":24},"end":{"line":62,"column":60}}],"line":62}},"s":{"0":0,"1":0,"2":0,"3":0,"4":0,"5":0,"6":0,"7":0,"8":0,"9":0,"10":0,"11":0,"12":0,"13":0,"14":0,"15":0,"16":0,"17":0,"18":0,"19":0,"20":0,"21":0,"22":0,"23":0,"24":0,"25":0,"26":0,"27":4,"28":4},"f":{"0":0,"1":0,"2":0,"3":0},"b":{"0":[0,0],"1":[0,0],"2":[0,0],"3":[0,0],"4":[0,0],"5":[0,0],"6":[0,0],"7":[0,0],"8":[0,0],"9":[0,0]},"_coverageSchema":"332fd63041d2c1bcb487cc26dd0d5f7d97098a6c","hash":"daa1a21c90ffc66c2d3a9bf71bd7e40dbef66f4f"}
,"/Users/joelamb/workspace/benefit/src/components/AppWrapper.js": {"path":"/Users/joelamb/workspace/benefit/src/components/AppWrapper.js","statementMap":{"0":{"start":{"line":7,"column":27},"end":{"line":7,"column":37}},"1":{"start":{"line":8,"column":4},"end":{"line":8,"column":17}},"2":{"start":{"line":12,"column":31},"end":{"line":12,"column":41}},"3":{"start":{"line":13,"column":4},"end":{"line":13,"column":60}},"4":{"start":{"line":17,"column":0},"end":{"line":20,"column":2}}},"fnMap":{"0":{"name":"(anonymous_0)","decl":{"start":{"line":6,"column":2},"end":{"line":6,"column":3}},"loc":{"start":{"line":6,"column":22},"end":{"line":9,"column":3}},"line":6},"1":{"name":"(anonymous_1)","decl":{"start":{"line":11,"column":2},"end":{"line":11,"column":3}},"loc":{"start":{"line":11,"column":11},"end":{"line":14,"column":3}},"line":11}},"branchMap":{"0":{"loc":{"start":{"line":13,"column":11},"end":{"line":13,"column":59}},"type":"cond-expr","locations":[{"start":{"line":13,"column":28},"end":{"line":13,"column":35}},{"start":{"line":13,"column":38},"end":{"line":13,"column":59}}],"line":13}},"s":{"0":0,"1":0,"2":0,"3":0,"4":1},"f":{"0":0,"1":0},"b":{"0":[0,0]},"_coverageSchema":"332fd63041d2c1bcb487cc26dd0d5f7d97098a6c","hash":"ae751ad1d225ad21448253465fbcbff3d61bddcf"}
,"/Users/joelamb/workspace/benefit/src/components/CardSection.js": {"path":"/Users/joelamb/workspace/benefit/src/components/CardSection.js","statementMap":{"0":{"start":{"line":7,"column":4},"end":{"line":12,"column":6}}},"fnMap":{"0":{"name":"(anonymous_0)","decl":{"start":{"line":6,"column":2},"end":{"line":6,"column":3}},"loc":{"start":{"line":6,"column":11},"end":{"line":13,"column":3}},"line":6}},"branchMap":{},"s":{"0":0},"f":{"0":0},"b":{},"_coverageSchema":"332fd63041d2c1bcb487cc26dd0d5f7d97098a6c","hash":"46a00c88596a57651ed5960bcab405017e509318"}
,"/Users/joelamb/workspace/benefit/src/components/Dashboard.js": {"path":"/Users/joelamb/workspace/benefit/src/components/Dashboard.js","statementMap":{"0":{"start":{"line":9,"column":49},"end":{"line":9,"column":59}},"1":{"start":{"line":10,"column":4},"end":{"line":10,"column":37}},"2":{"start":{"line":14,"column":26},"end":{"line":14,"column":36}},"3":{"start":{"line":16,"column":16},"end":{"line":16,"column":17}},"4":{"start":{"line":18,"column":24},"end":{"line":20,"column":17}},"5":{"start":{"line":18,"column":50},"end":{"line":18,"column":68}},"6":{"start":{"line":19,"column":30},"end":{"line":19,"column":47}},"7":{"start":{"line":24,"column":25},"end":{"line":24,"column":39}},"8":{"start":{"line":25,"column":4},"end":{"line":25,"column":27}},"9":{"start":{"line":27,"column":23},"end":{"line":33,"column":6}},"10":{"start":{"line":28,"column":31},"end":{"line":28,"column":35}},"11":{"start":{"line":29,"column":6},"end":{"line":29,"column":30}},"12":{"start":{"line":30,"column":6},"end":{"line":32,"column":8}},"13":{"start":{"line":35,"column":23},"end":{"line":38,"column":5}},"14":{"start":{"line":42,"column":24},"end":{"line":45,"column":6}},"15":{"start":{"line":43,"column":31},"end":{"line":43,"column":35}},"16":{"start":{"line":44,"column":6},"end":{"line":44,"column":65}},"17":{"start":{"line":47,"column":17},"end":{"line":54,"column":35}},"18":{"start":{"line":56,"column":4},"end":{"line":62,"column":7}},"19":{"start":{"line":57,"column":6},"end":{"line":61,"column":7}},"20":{"start":{"line":57,"column":31},"end":{"line":57,"column":55}},"21":{"start":{"line":58,"column":8},"end":{"line":58,"column":77}},"22":{"start":{"line":58,"column":29},"end":{"line":58,"column":53}},"23":{"start":{"line":60,"column":8},"end":{"line":60,"column":24}},"24":{"start":{"line":64,"column":4},"end":{"line":150,"column":6}},"25":{"start":{"line":84,"column":111},"end":{"line":84,"column":132}},"26":{"start":{"line":87,"column":46},"end":{"line":87,"column":71}},"27":{"start":{"line":87,"column":93},"end":{"line":87,"column":115}},"28":{"start":{"line":118,"column":41},"end":{"line":118,"column":62}},"29":{"start":{"line":135,"column":63},"end":{"line":135,"column":71}},"30":{"start":{"line":136,"column":16},"end":{"line":143,"column":18}},"31":{"start":{"line":154,"column":0},"end":{"line":158,"column":2}}},"fnMap":{"0":{"name":"(anonymous_0)","decl":{"start":{"line":8,"column":2},"end":{"line":8,"column":3}},"loc":{"start":{"line":8,"column":22},"end":{"line":11,"column":3}},"line":8},"1":{"name":"(anonymous_1)","decl":{"start":{"line":13,"column":2},"end":{"line":13,"column":3}},"loc":{"start":{"line":13,"column":11},"end":{"line":151,"column":3}},"line":13},"2":{"name":"(anonymous_2)","decl":{"start":{"line":18,"column":42},"end":{"line":18,"column":43}},"loc":{"start":{"line":18,"column":50},"end":{"line":18,"column":68}},"line":18},"3":{"name":"(anonymous_3)","decl":{"start":{"line":19,"column":15},"end":{"line":19,"column":16}},"loc":{"start":{"line":19,"column":30},"end":{"line":19,"column":47}},"line":19},"4":{"name":"(anonymous_4)","decl":{"start":{"line":27,"column":40},"end":{"line":27,"column":41}},"loc":{"start":{"line":27,"column":57},"end":{"line":33,"column":5}},"line":27},"5":{"name":"(anonymous_5)","decl":{"start":{"line":42,"column":38},"end":{"line":42,"column":39}},"loc":{"start":{"line":42,"column":48},"end":{"line":45,"column":5}},"line":42},"6":{"name":"(anonymous_6)","decl":{"start":{"line":56,"column":24},"end":{"line":56,"column":25}},"loc":{"start":{"line":56,"column":34},"end":{"line":62,"column":5}},"line":56},"7":{"name":"(anonymous_7)","decl":{"start":{"line":57,"column":20},"end":{"line":57,"column":21}},"loc":{"start":{"line":57,"column":31},"end":{"line":57,"column":55}},"line":57},"8":{"name":"(anonymous_8)","decl":{"start":{"line":58,"column":18},"end":{"line":58,"column":19}},"loc":{"start":{"line":58,"column":29},"end":{"line":58,"column":53}},"line":58},"9":{"name":"(anonymous_9)","decl":{"start":{"line":84,"column":103},"end":{"line":84,"column":104}},"loc":{"start":{"line":84,"column":111},"end":{"line":84,"column":132}},"line":84},"10":{"name":"(anonymous_10)","decl":{"start":{"line":87,"column":37},"end":{"line":87,"column":38}},"loc":{"start":{"line":87,"column":46},"end":{"line":87,"column":71}},"line":87},"11":{"name":"(anonymous_11)","decl":{"start":{"line":87,"column":84},"end":{"line":87,"column":85}},"loc":{"start":{"line":87,"column":93},"end":{"line":87,"column":115}},"line":87},"12":{"name":"(anonymous_12)","decl":{"start":{"line":118,"column":32},"end":{"line":118,"column":33}},"loc":{"start":{"line":118,"column":41},"end":{"line":118,"column":62}},"line":118},"13":{"name":"(anonymous_13)","decl":{"start":{"line":134,"column":29},"end":{"line":134,"column":30}},"loc":{"start":{"line":134,"column":43},"end":{"line":144,"column":15}},"line":134}},"branchMap":{"0":{"loc":{"start":{"line":57,"column":6},"end":{"line":61,"column":7}},"type":"if","locations":[{"start":{"line":57,"column":6},"end":{"line":61,"column":7}},{"start":{"line":57,"column":6},"end":{"line":61,"column":7}}],"line":57}},"s":{"0":0,"1":0,"2":0,"3":0,"4":0,"5":0,"6":0,"7":0,"8":0,"9":0,"10":0,"11":0,"12":0,"13":0,"14":0,"15":0,"16":0,"17":0,"18":0,"19":0,"20":0,"21":0,"22":0,"23":0,"24":0,"25":0,"26":0,"27":0,"28":0,"29":0,"30":0,"31":3},"f":{"0":0,"1":0,"2":0,"3":0,"4":0,"5":0,"6":0,"7":0,"8":0,"9":0,"10":0,"11":0,"12":0,"13":0},"b":{"0":[0,0]},"_coverageSchema":"332fd63041d2c1bcb487cc26dd0d5f7d97098a6c","hash":"83b5158b4d09c93c054fa3d3920fff2bc6ca9dda"}
,"/Users/joelamb/workspace/benefit/src/components/DonationForm.js": {"path":"/Users/joelamb/workspace/benefit/src/components/DonationForm.js","statementMap":{"0":{"start":{"line":6,"column":21},"end":{"line":45,"column":1}},"1":{"start":{"line":7,"column":2},"end":{"line":44,"column":19}},"2":{"start":{"line":14,"column":8},"end":{"line":14,"column":31}},"3":{"start":{"line":15,"column":8},"end":{"line":15,"column":31}},"4":{"start":{"line":16,"column":8},"end":{"line":16,"column":21}},"5":{"start":{"line":27,"column":29},"end":{"line":27,"column":66}},"6":{"start":{"line":31,"column":34},"end":{"line":31,"column":71}},"7":{"start":{"line":34,"column":34},"end":{"line":34,"column":71}},"8":{"start":{"line":35,"column":34},"end":{"line":35,"column":71}},"9":{"start":{"line":36,"column":34},"end":{"line":36,"column":71}},"10":{"start":{"line":47,"column":0},"end":{"line":54,"column":2}},"11":{"start":{"line":56,"column":0},"end":{"line":58,"column":2}}},"fnMap":{"0":{"name":"(anonymous_0)","decl":{"start":{"line":6,"column":21},"end":{"line":6,"column":22}},"loc":{"start":{"line":7,"column":2},"end":{"line":44,"column":19}},"line":7},"1":{"name":"(anonymous_1)","decl":{"start":{"line":13,"column":16},"end":{"line":13,"column":17}},"loc":{"start":{"line":13,"column":27},"end":{"line":17,"column":7}},"line":13},"2":{"name":"(anonymous_2)","decl":{"start":{"line":27,"column":20},"end":{"line":27,"column":21}},"loc":{"start":{"line":27,"column":29},"end":{"line":27,"column":66}},"line":27},"3":{"name":"(anonymous_3)","decl":{"start":{"line":31,"column":25},"end":{"line":31,"column":26}},"loc":{"start":{"line":31,"column":34},"end":{"line":31,"column":71}},"line":31},"4":{"name":"(anonymous_4)","decl":{"start":{"line":34,"column":25},"end":{"line":34,"column":26}},"loc":{"start":{"line":34,"column":34},"end":{"line":34,"column":71}},"line":34},"5":{"name":"(anonymous_5)","decl":{"start":{"line":35,"column":25},"end":{"line":35,"column":26}},"loc":{"start":{"line":35,"column":34},"end":{"line":35,"column":71}},"line":35},"6":{"name":"(anonymous_6)","decl":{"start":{"line":36,"column":25},"end":{"line":36,"column":26}},"loc":{"start":{"line":36,"column":34},"end":{"line":36,"column":71}},"line":36}},"branchMap":{"0":{"loc":{"start":{"line":26,"column":17},"end":{"line":26,"column":74}},"type":"cond-expr","locations":[{"start":{"line":26,"column":48},"end":{"line":26,"column":51}},{"start":{"line":26,"column":54},"end":{"line":26,"column":74}}],"line":26}},"s":{"0":5,"1":1,"2":0,"3":0,"4":0,"5":0,"6":0,"7":0,"8":0,"9":0,"10":5,"11":5},"f":{"0":1,"1":0,"2":0,"3":0,"4":0,"5":0,"6":0},"b":{"0":[0,1]},"_coverageSchema":"332fd63041d2c1bcb487cc26dd0d5f7d97098a6c","hash":"009f0eae3e8401f0ec45b6168b5601b46329544f"}
,"/Users/joelamb/workspace/benefit/src/components/DonationHeader.js": {"path":"/Users/joelamb/workspace/benefit/src/components/DonationHeader.js","statementMap":{"0":{"start":{"line":5,"column":23},"end":{"line":19,"column":1}},"1":{"start":{"line":6,"column":2},"end":{"line":18,"column":19}},"2":{"start":{"line":21,"column":0},"end":{"line":23,"column":2}}},"fnMap":{"0":{"name":"(anonymous_0)","decl":{"start":{"line":5,"column":23},"end":{"line":5,"column":24}},"loc":{"start":{"line":6,"column":2},"end":{"line":18,"column":19}},"line":6}},"branchMap":{},"s":{"0":4,"1":0,"2":4},"f":{"0":0},"b":{},"_coverageSchema":"332fd63041d2c1bcb487cc26dd0d5f7d97098a6c","hash":"440a5bcb9e0d7e5bea2cc6a63a9989caa9fd9961"}
,"/Users/joelamb/workspace/benefit/src/components/DonationPayment.js": {"path":"/Users/joelamb/workspace/benefit/src/components/DonationPayment.js","statementMap":{"0":{"start":{"line":7,"column":24},"end":{"line":16,"column":1}},"1":{"start":{"line":8,"column":2},"end":{"line":15,"column":19}}},"fnMap":{"0":{"name":"(anonymous_0)","decl":{"start":{"line":7,"column":24},"end":{"line":7,"column":25}},"loc":{"start":{"line":8,"column":2},"end":{"line":15,"column":19}},"line":8}},"branchMap":{"0":{"loc":{"start":{"line":9,"column":5},"end":{"line":13,"column":5}},"type":"binary-expr","locations":[{"start":{"line":9,"column":5},"end":{"line":9,"column":22}},{"start":{"line":10,"column":6},"end":{"line":12,"column":17}}],"line":9},"1":{"loc":{"start":{"line":14,"column":5},"end":{"line":14,"column":56}},"type":"binary-expr","locations":[{"start":{"line":14,"column":5},"end":{"line":14,"column":21}},{"start":{"line":14,"column":25},"end":{"line":14,"column":56}}],"line":14}},"s":{"0":4,"1":0},"f":{"0":0},"b":{"0":[0,0],"1":[0,0]},"_coverageSchema":"332fd63041d2c1bcb487cc26dd0d5f7d97098a6c","hash":"9127ab4ca36223443705088d66bb5123f3996acc"}
,"/Users/joelamb/workspace/benefit/src/components/Donor.js": {"path":"/Users/joelamb/workspace/benefit/src/components/Donor.js","statementMap":{"0":{"start":{"line":10,"column":43},"end":{"line":10,"column":53}},"1":{"start":{"line":11,"column":4},"end":{"line":11,"column":41}},"2":{"start":{"line":15,"column":35},"end":{"line":15,"column":45}},"3":{"start":{"line":16,"column":4},"end":{"line":21,"column":6}}},"fnMap":{"0":{"name":"(anonymous_0)","decl":{"start":{"line":9,"column":2},"end":{"line":9,"column":3}},"loc":{"start":{"line":9,"column":22},"end":{"line":12,"column":3}},"line":9},"1":{"name":"(anonymous_1)","decl":{"start":{"line":14,"column":2},"end":{"line":14,"column":3}},"loc":{"start":{"line":14,"column":11},"end":{"line":22,"column":3}},"line":14}},"branchMap":{},"s":{"0":0,"1":0,"2":0,"3":0},"f":{"0":0,"1":0},"b":{},"_coverageSchema":"332fd63041d2c1bcb487cc26dd0d5f7d97098a6c","hash":"c0ef9f05ea06e4bf91517854f7d78ad5f01fe0b5"}
,"/Users/joelamb/workspace/benefit/src/components/DonorBalance.js": {"path":"/Users/joelamb/workspace/benefit/src/components/DonorBalance.js","statementMap":{"0":{"start":{"line":6,"column":21},"end":{"line":29,"column":1}},"1":{"start":{"line":7,"column":24},"end":{"line":7,"column":85}},"2":{"start":{"line":7,"column":60},"end":{"line":7,"column":81}},"3":{"start":{"line":9,"column":2},"end":{"line":28,"column":4}},"4":{"start":{"line":16,"column":63},"end":{"line":16,"column":71}},"5":{"start":{"line":17,"column":10},"end":{"line":23,"column":12}},"6":{"start":{"line":31,"column":0},"end":{"line":33,"column":2}}},"fnMap":{"0":{"name":"(anonymous_0)","decl":{"start":{"line":6,"column":21},"end":{"line":6,"column":22}},"loc":{"start":{"line":6,"column":40},"end":{"line":29,"column":1}},"line":6},"1":{"name":"(anonymous_1)","decl":{"start":{"line":7,"column":41},"end":{"line":7,"column":42}},"loc":{"start":{"line":7,"column":60},"end":{"line":7,"column":81}},"line":7},"2":{"name":"(anonymous_2)","decl":{"start":{"line":15,"column":23},"end":{"line":15,"column":24}},"loc":{"start":{"line":15,"column":37},"end":{"line":24,"column":10}},"line":15}},"branchMap":{},"s":{"0":3,"1":0,"2":0,"3":0,"4":0,"5":0,"6":3},"f":{"0":0,"1":0,"2":0},"b":{},"_coverageSchema":"332fd63041d2c1bcb487cc26dd0d5f7d97098a6c","hash":"23fba485534f2168f4102241c5b2e1980f79c176"}
,"/Users/joelamb/workspace/benefit/src/components/DonorProfile.js": {"path":"/Users/joelamb/workspace/benefit/src/components/DonorProfile.js","statementMap":{"0":{"start":{"line":5,"column":21},"end":{"line":21,"column":1}},"1":{"start":{"line":6,"column":56},"end":{"line":6,"column":63}},"2":{"start":{"line":7,"column":2},"end":{"line":20,"column":4}},"3":{"start":{"line":23,"column":0},"end":{"line":25,"column":2}}},"fnMap":{"0":{"name":"(anonymous_0)","decl":{"start":{"line":5,"column":21},"end":{"line":5,"column":22}},"loc":{"start":{"line":5,"column":38},"end":{"line":21,"column":1}},"line":5}},"branchMap":{},"s":{"0":3,"1":0,"2":0,"3":3},"f":{"0":0},"b":{},"_coverageSchema":"332fd63041d2c1bcb487cc26dd0d5f7d97098a6c","hash":"799fb9c5c306f675056ae6c187b824ce7a2c41ca"}
,"/Users/joelamb/workspace/benefit/src/components/HomePage.js": {"path":"/Users/joelamb/workspace/benefit/src/components/HomePage.js","statementMap":{"0":{"start":{"line":5,"column":17},"end":{"line":53,"column":1}},"1":{"start":{"line":6,"column":2},"end":{"line":52,"column":9}}},"fnMap":{"0":{"name":"(anonymous_0)","decl":{"start":{"line":5,"column":17},"end":{"line":5,"column":18}},"loc":{"start":{"line":6,"column":2},"end":{"line":52,"column":9}},"line":6}},"branchMap":{},"s":{"0":2,"1":0},"f":{"0":0},"b":{},"_coverageSchema":"332fd63041d2c1bcb487cc26dd0d5f7d97098a6c","hash":"d6a459e264f1fc3f4d942fd0a69aec01e0c267cc"}
,"/Users/joelamb/workspace/benefit/src/components/Login.js": {"path":"/Users/joelamb/workspace/benefit/src/components/Login.js","statementMap":{"0":{"start":{"line":5,"column":14},"end":{"line":47,"column":1}},"1":{"start":{"line":7,"column":4},"end":{"line":7,"column":59}},"2":{"start":{"line":10,"column":2},"end":{"line":46,"column":4}},"3":{"start":{"line":15,"column":10},"end":{"line":15,"column":33}},"4":{"start":{"line":16,"column":10},"end":{"line":16,"column":18}},"5":{"start":{"line":51,"column":0},"end":{"line":57,"column":2}},"6":{"start":{"line":59,"column":0},"end":{"line":62,"column":2}}},"fnMap":{"0":{"name":"(anonymous_0)","decl":{"start":{"line":5,"column":14},"end":{"line":5,"column":15}},"loc":{"start":{"line":5,"column":75},"end":{"line":47,"column":1}},"line":5},"1":{"name":"handleChange","decl":{"start":{"line":6,"column":11},"end":{"line":6,"column":23}},"loc":{"start":{"line":6,"column":31},"end":{"line":8,"column":3}},"line":6},"2":{"name":"(anonymous_2)","decl":{"start":{"line":14,"column":18},"end":{"line":14,"column":19}},"loc":{"start":{"line":14,"column":29},"end":{"line":17,"column":9}},"line":14}},"branchMap":{},"s":{"0":5,"1":0,"2":0,"3":0,"4":0,"5":5,"6":5},"f":{"0":0,"1":0,"2":0},"b":{},"_coverageSchema":"332fd63041d2c1bcb487cc26dd0d5f7d97098a6c","hash":"f0bedfd20bc2c6122cf814ddf62fb76263af1598"}
,"/Users/joelamb/workspace/benefit/src/components/NewDonation.js": {"path":"/Users/joelamb/workspace/benefit/src/components/NewDonation.js","statementMap":{"0":{"start":{"line":12,"column":35},"end":{"line":12,"column":45}},"1":{"start":{"line":13,"column":22},"end":{"line":13,"column":32}},"2":{"start":{"line":14,"column":4},"end":{"line":14,"column":40}},"3":{"start":{"line":20,"column":58},"end":{"line":20,"column":68}},"4":{"start":{"line":21,"column":4},"end":{"line":42,"column":6}},"5":{"start":{"line":46,"column":0},"end":{"line":62,"column":2}},"6":{"start":{"line":64,"column":0},"end":{"line":66,"column":2}}},"fnMap":{"0":{"name":"(anonymous_0)","decl":{"start":{"line":11,"column":2},"end":{"line":11,"column":3}},"loc":{"start":{"line":11,"column":22},"end":{"line":15,"column":3}},"line":11},"1":{"name":"(anonymous_1)","decl":{"start":{"line":17,"column":2},"end":{"line":17,"column":3}},"loc":{"start":{"line":17,"column":11},"end":{"line":43,"column":3}},"line":17}},"branchMap":{"0":{"loc":{"start":{"line":23,"column":9},"end":{"line":36,"column":11}},"type":"binary-expr","locations":[{"start":{"line":23,"column":9},"end":{"line":23,"column":28}},{"start":{"line":25,"column":12},"end":{"line":35,"column":18}}],"line":23},"1":{"loc":{"start":{"line":38,"column":9},"end":{"line":39,"column":68}},"type":"binary-expr","locations":[{"start":{"line":38,"column":9},"end":{"line":38,"column":27}},{"start":{"line":39,"column":13},"end":{"line":39,"column":68}}],"line":38}},"s":{"0":0,"1":0,"2":0,"3":0,"4":0,"5":3,"6":3},"f":{"0":0,"1":0},"b":{"0":[0,0],"1":[0,0]},"_coverageSchema":"332fd63041d2c1bcb487cc26dd0d5f7d97098a6c","hash":"b776db901fd0e4df9f47d51386944d7fd303f9b6"}
,"/Users/joelamb/workspace/benefit/src/components/NewDonor.js": {"path":"/Users/joelamb/workspace/benefit/src/components/NewDonor.js","statementMap":{"0":{"start":{"line":8,"column":2},"end":{"line":8,"column":57}},"1":{"start":{"line":12,"column":2},"end":{"line":18,"column":3}},"2":{"start":{"line":13,"column":4},"end":{"line":17,"column":14}},"3":{"start":{"line":19,"column":2},"end":{"line":21,"column":3}},"4":{"start":{"line":20,"column":4},"end":{"line":20,"column":98}},"5":{"start":{"line":22,"column":2},"end":{"line":22,"column":14}},"6":{"start":{"line":27,"column":36},"end":{"line":27,"column":46}},"7":{"start":{"line":28,"column":4},"end":{"line":28,"column":68}},"8":{"start":{"line":29,"column":4},"end":{"line":32,"column":5}},"9":{"start":{"line":30,"column":18},"end":{"line":30,"column":49}},"10":{"start":{"line":31,"column":6},"end":{"line":31,"column":24}},"11":{"start":{"line":38,"column":8},"end":{"line":38,"column":18}},"12":{"start":{"line":39,"column":4},"end":{"line":297,"column":6}},"13":{"start":{"line":46,"column":27},"end":{"line":46,"column":29}},"14":{"start":{"line":47,"column":12},"end":{"line":49,"column":13}},"15":{"start":{"line":48,"column":14},"end":{"line":48,"column":44}},"16":{"start":{"line":50,"column":12},"end":{"line":52,"column":13}},"17":{"start":{"line":51,"column":14},"end":{"line":51,"column":43}},"18":{"start":{"line":53,"column":31},"end":{"line":53,"column":61}},"19":{"start":{"line":54,"column":32},"end":{"line":54,"column":78}},"20":{"start":{"line":55,"column":12},"end":{"line":59,"column":13}},"21":{"start":{"line":56,"column":14},"end":{"line":56,"column":38}},"22":{"start":{"line":57,"column":19},"end":{"line":59,"column":13}},"23":{"start":{"line":58,"column":14},"end":{"line":58,"column":82}},"24":{"start":{"line":60,"column":12},"end":{"line":64,"column":13}},"25":{"start":{"line":61,"column":14},"end":{"line":61,"column":40}},"26":{"start":{"line":62,"column":19},"end":{"line":64,"column":13}},"27":{"start":{"line":63,"column":14},"end":{"line":63,"column":53}},"28":{"start":{"line":65,"column":12},"end":{"line":69,"column":13}},"29":{"start":{"line":66,"column":14},"end":{"line":66,"column":43}},"30":{"start":{"line":67,"column":19},"end":{"line":69,"column":13}},"31":{"start":{"line":68,"column":14},"end":{"line":68,"column":75}},"32":{"start":{"line":70,"column":12},"end":{"line":72,"column":13}},"33":{"start":{"line":71,"column":14},"end":{"line":71,"column":43}},"34":{"start":{"line":73,"column":12},"end":{"line":75,"column":13}},"35":{"start":{"line":74,"column":14},"end":{"line":74,"column":42}},"36":{"start":{"line":76,"column":12},"end":{"line":78,"column":13}},"37":{"start":{"line":77,"column":14},"end":{"line":77,"column":42}},"38":{"start":{"line":79,"column":12},"end":{"line":81,"column":13}},"39":{"start":{"line":80,"column":14},"end":{"line":80,"column":42}},"40":{"start":{"line":82,"column":12},"end":{"line":82,"column":26}},"41":{"start":{"line":85,"column":12},"end":{"line":89,"column":20}},"42":{"start":{"line":86,"column":14},"end":{"line":86,"column":59}},"43":{"start":{"line":87,"column":14},"end":{"line":87,"column":35}},"44":{"start":{"line":88,"column":14},"end":{"line":88,"column":31}},"45":{"start":{"line":101,"column":14},"end":{"line":293,"column":21}},"46":{"start":{"line":301,"column":0},"end":{"line":304,"column":2}},"47":{"start":{"line":306,"column":0},"end":{"line":308,"column":2}}},"fnMap":{"0":{"name":"setInputClass","decl":{"start":{"line":7,"column":9},"end":{"line":7,"column":22}},"loc":{"start":{"line":7,"column":40},"end":{"line":9,"column":1}},"line":7},"1":{"name":"StyledMessage","decl":{"start":{"line":11,"column":9},"end":{"line":11,"column":22}},"loc":{"start":{"line":11,"column":58},"end":{"line":23,"column":1}},"line":11},"2":{"name":"(anonymous_2)","decl":{"start":{"line":26,"column":2},"end":{"line":26,"column":3}},"loc":{"start":{"line":26,"column":38},"end":{"line":33,"column":3}},"line":26},"3":{"name":"(anonymous_3)","decl":{"start":{"line":35,"column":2},"end":{"line":35,"column":3}},"loc":{"start":{"line":35,"column":11},"end":{"line":298,"column":3}},"line":35},"4":{"name":"(anonymous_4)","decl":{"start":{"line":45,"column":20},"end":{"line":45,"column":21}},"loc":{"start":{"line":45,"column":32},"end":{"line":83,"column":11}},"line":45},"5":{"name":"(anonymous_5)","decl":{"start":{"line":84,"column":20},"end":{"line":84,"column":21}},"loc":{"start":{"line":84,"column":51},"end":{"line":90,"column":11}},"line":84},"6":{"name":"(anonymous_6)","decl":{"start":{"line":85,"column":23},"end":{"line":85,"column":24}},"loc":{"start":{"line":85,"column":29},"end":{"line":89,"column":13}},"line":85},"7":{"name":"(anonymous_7)","decl":{"start":{"line":92,"column":11},"end":{"line":92,"column":12}},"loc":{"start":{"line":101,"column":14},"end":{"line":293,"column":21}},"line":101}},"branchMap":{"0":{"loc":{"start":{"line":8,"column":9},"end":{"line":8,"column":56}},"type":"cond-expr","locations":[{"start":{"line":8,"column":29},"end":{"line":8,"column":41}},{"start":{"line":8,"column":44},"end":{"line":8,"column":56}}],"line":8},"1":{"loc":{"start":{"line":8,"column":9},"end":{"line":8,"column":26}},"type":"binary-expr","locations":[{"start":{"line":8,"column":9},"end":{"line":8,"column":15}},{"start":{"line":8,"column":19},"end":{"line":8,"column":26}}],"line":8},"2":{"loc":{"start":{"line":12,"column":2},"end":{"line":18,"column":3}},"type":"if","locations":[{"start":{"line":12,"column":2},"end":{"line":18,"column":3}},{"start":{"line":12,"column":2},"end":{"line":18,"column":3}}],"line":12},"3":{"loc":{"start":{"line":12,"column":6},"end":{"line":12,"column":35}},"type":"binary-expr","locations":[{"start":{"line":12,"column":6},"end":{"line":12,"column":18}},{"start":{"line":12,"column":22},"end":{"line":12,"column":35}}],"line":12},"4":{"loc":{"start":{"line":14,"column":22},"end":{"line":14,"column":68}},"type":"cond-expr","locations":[{"start":{"line":14,"column":37},"end":{"line":14,"column":51}},{"start":{"line":14,"column":54},"end":{"line":14,"column":68}}],"line":14},"5":{"loc":{"start":{"line":19,"column":2},"end":{"line":21,"column":3}},"type":"if","locations":[{"start":{"line":19,"column":2},"end":{"line":21,"column":3}},{"start":{"line":19,"column":2},"end":{"line":21,"column":3}}],"line":19},"6":{"loc":{"start":{"line":19,"column":6},"end":{"line":19,"column":42}},"type":"binary-expr","locations":[{"start":{"line":19,"column":6},"end":{"line":19,"column":19}},{"start":{"line":19,"column":23},"end":{"line":19,"column":42}}],"line":19},"7":{"loc":{"start":{"line":29,"column":4},"end":{"line":32,"column":5}},"type":"if","locations":[{"start":{"line":29,"column":4},"end":{"line":32,"column":5}},{"start":{"line":29,"column":4},"end":{"line":32,"column":5}}],"line":29},"8":{"loc":{"start":{"line":47,"column":12},"end":{"line":49,"column":13}},"type":"if","locations":[{"start":{"line":47,"column":12},"end":{"line":49,"column":13}},{"start":{"line":47,"column":12},"end":{"line":49,"column":13}}],"line":47},"9":{"loc":{"start":{"line":50,"column":12},"end":{"line":52,"column":13}},"type":"if","locations":[{"start":{"line":50,"column":12},"end":{"line":52,"column":13}},{"start":{"line":50,"column":12},"end":{"line":52,"column":13}}],"line":50},"10":{"loc":{"start":{"line":54,"column":32},"end":{"line":54,"column":78}},"type":"binary-expr","locations":[{"start":{"line":54,"column":32},"end":{"line":54,"column":50}},{"start":{"line":54,"column":54},"end":{"line":54,"column":78}}],"line":54},"11":{"loc":{"start":{"line":55,"column":12},"end":{"line":59,"column":13}},"type":"if","locations":[{"start":{"line":55,"column":12},"end":{"line":59,"column":13}},{"start":{"line":55,"column":12},"end":{"line":59,"column":13}}],"line":55},"12":{"loc":{"start":{"line":57,"column":19},"end":{"line":59,"column":13}},"type":"if","locations":[{"start":{"line":57,"column":19},"end":{"line":59,"column":13}},{"start":{"line":57,"column":19},"end":{"line":59,"column":13}}],"line":57},"13":{"loc":{"start":{"line":60,"column":12},"end":{"line":64,"column":13}},"type":"if","locations":[{"start":{"line":60,"column":12},"end":{"line":64,"column":13}},{"start":{"line":60,"column":12},"end":{"line":64,"column":13}}],"line":60},"14":{"loc":{"start":{"line":62,"column":19},"end":{"line":64,"column":13}},"type":"if","locations":[{"start":{"line":62,"column":19},"end":{"line":64,"column":13}},{"start":{"line":62,"column":19},"end":{"line":64,"column":13}}],"line":62},"15":{"loc":{"start":{"line":65,"column":12},"end":{"line":69,"column":13}},"type":"if","locations":[{"start":{"line":65,"column":12},"end":{"line":69,"column":13}},{"start":{"line":65,"column":12},"end":{"line":69,"column":13}}],"line":65},"16":{"loc":{"start":{"line":67,"column":19},"end":{"line":69,"column":13}},"type":"if","locations":[{"start":{"line":67,"column":19},"end":{"line":69,"column":13}},{"start":{"line":67,"column":19},"end":{"line":69,"column":13}}],"line":67},"17":{"loc":{"start":{"line":70,"column":12},"end":{"line":72,"column":13}},"type":"if","locations":[{"start":{"line":70,"column":12},"end":{"line":72,"column":13}},{"start":{"line":70,"column":12},"end":{"line":72,"column":13}}],"line":70},"18":{"loc":{"start":{"line":73,"column":12},"end":{"line":75,"column":13}},"type":"if","locations":[{"start":{"line":73,"column":12},"end":{"line":75,"column":13}},{"start":{"line":73,"column":12},"end":{"line":75,"column":13}}],"line":73},"19":{"loc":{"start":{"line":76,"column":12},"end":{"line":78,"column":13}},"type":"if","locations":[{"start":{"line":76,"column":12},"end":{"line":78,"column":13}},{"start":{"line":76,"column":12},"end":{"line":78,"column":13}}],"line":76},"20":{"loc":{"start":{"line":79,"column":12},"end":{"line":81,"column":13}},"type":"if","locations":[{"start":{"line":79,"column":12},"end":{"line":81,"column":13}},{"start":{"line":79,"column":12},"end":{"line":81,"column":13}}],"line":79},"21":{"loc":{"start":{"line":291,"column":19},"end":{"line":291,"column":135}},"type":"cond-expr","locations":[{"start":{"line":291,"column":89},"end":{"line":291,"column":116}},{"start":{"line":291,"column":119},"end":{"line":291,"column":135}}],"line":291},"22":{"loc":{"start":{"line":291,"column":19},"end":{"line":291,"column":86}},"type":"binary-expr","locations":[{"start":{"line":291,"column":19},"end":{"line":291,"column":52}},{"start":{"line":291,"column":56},"end":{"line":291,"column":86}}],"line":291}},"s":{"0":0,"1":0,"2":0,"3":0,"4":0,"5":0,"6":0,"7":0,"8":0,"9":0,"10":0,"11":0,"12":0,"13":0,"14":0,"15":0,"16":0,"17":0,"18":0,"19":0,"20":0,"21":0,"22":0,"23":0,"24":0,"25":0,"26":0,"27":0,"28":0,"29":0,"30":0,"31":0,"32":0,"33":0,"34":0,"35":0,"36":0,"37":0,"38":0,"39":0,"40":0,"41":0,"42":0,"43":0,"44":0,"45":0,"46":3,"47":3},"f":{"0":0,"1":0,"2":0,"3":0,"4":0,"5":0,"6":0,"7":0},"b":{"0":[0,0],"1":[0,0],"2":[0,0],"3":[0,0],"4":[0,0],"5":[0,0],"6":[0,0],"7":[0,0],"8":[0,0],"9":[0,0],"10":[0,0],"11":[0,0],"12":[0,0],"13":[0,0],"14":[0,0],"15":[0,0],"16":[0,0],"17":[0,0],"18":[0,0],"19":[0,0],"20":[0,0],"21":[0,0],"22":[0,0]},"_coverageSchema":"332fd63041d2c1bcb487cc26dd0d5f7d97098a6c","hash":"93c03796939da565466d8409fd885d3fa073c4a4"}
,"/Users/joelamb/workspace/benefit/src/components/NewRecipient.js": {"path":"/Users/joelamb/workspace/benefit/src/components/NewRecipient.js","statementMap":{"0":{"start":{"line":7,"column":2},"end":{"line":7,"column":57}},"1":{"start":{"line":11,"column":2},"end":{"line":17,"column":3}},"2":{"start":{"line":12,"column":4},"end":{"line":16,"column":14}},"3":{"start":{"line":18,"column":2},"end":{"line":20,"column":3}},"4":{"start":{"line":19,"column":4},"end":{"line":19,"column":98}},"5":{"start":{"line":21,"column":2},"end":{"line":21,"column":14}},"6":{"start":{"line":26,"column":46},"end":{"line":26,"column":56}},"7":{"start":{"line":27,"column":4},"end":{"line":30,"column":5}},"8":{"start":{"line":28,"column":18},"end":{"line":28,"column":63}},"9":{"start":{"line":29,"column":6},"end":{"line":29,"column":24}},"10":{"start":{"line":36,"column":8},"end":{"line":36,"column":18}},"11":{"start":{"line":37,"column":4},"end":{"line":256,"column":6}},"12":{"start":{"line":44,"column":27},"end":{"line":44,"column":29}},"13":{"start":{"line":45,"column":12},"end":{"line":47,"column":13}},"14":{"start":{"line":46,"column":14},"end":{"line":46,"column":44}},"15":{"start":{"line":48,"column":12},"end":{"line":50,"column":13}},"16":{"start":{"line":49,"column":14},"end":{"line":49,"column":43}},"17":{"start":{"line":51,"column":31},"end":{"line":51,"column":61}},"18":{"start":{"line":52,"column":32},"end":{"line":52,"column":78}},"19":{"start":{"line":53,"column":12},"end":{"line":57,"column":13}},"20":{"start":{"line":54,"column":14},"end":{"line":54,"column":38}},"21":{"start":{"line":55,"column":19},"end":{"line":57,"column":13}},"22":{"start":{"line":56,"column":14},"end":{"line":56,"column":82}},"23":{"start":{"line":58,"column":12},"end":{"line":60,"column":13}},"24":{"start":{"line":59,"column":14},"end":{"line":59,"column":43}},"25":{"start":{"line":61,"column":12},"end":{"line":65,"column":13}},"26":{"start":{"line":62,"column":14},"end":{"line":62,"column":43}},"27":{"start":{"line":63,"column":19},"end":{"line":65,"column":13}},"28":{"start":{"line":64,"column":14},"end":{"line":64,"column":75}},"29":{"start":{"line":66,"column":12},"end":{"line":68,"column":13}},"30":{"start":{"line":67,"column":14},"end":{"line":67,"column":43}},"31":{"start":{"line":69,"column":12},"end":{"line":69,"column":26}},"32":{"start":{"line":72,"column":12},"end":{"line":75,"column":20}},"33":{"start":{"line":73,"column":14},"end":{"line":73,"column":35}},"34":{"start":{"line":74,"column":14},"end":{"line":74,"column":35}},"35":{"start":{"line":87,"column":14},"end":{"line":252,"column":21}},"36":{"start":{"line":260,"column":0},"end":{"line":263,"column":2}},"37":{"start":{"line":265,"column":0},"end":{"line":267,"column":2}},"38":{"start":{"line":269,"column":0},"end":{"line":275,"column":2}}},"fnMap":{"0":{"name":"setInputClass","decl":{"start":{"line":6,"column":9},"end":{"line":6,"column":22}},"loc":{"start":{"line":6,"column":40},"end":{"line":8,"column":1}},"line":6},"1":{"name":"StyledMessage","decl":{"start":{"line":10,"column":9},"end":{"line":10,"column":22}},"loc":{"start":{"line":10,"column":58},"end":{"line":22,"column":1}},"line":10},"2":{"name":"(anonymous_2)","decl":{"start":{"line":25,"column":2},"end":{"line":25,"column":3}},"loc":{"start":{"line":25,"column":38},"end":{"line":31,"column":3}},"line":25},"3":{"name":"(anonymous_3)","decl":{"start":{"line":33,"column":2},"end":{"line":33,"column":3}},"loc":{"start":{"line":33,"column":11},"end":{"line":257,"column":3}},"line":33},"4":{"name":"(anonymous_4)","decl":{"start":{"line":43,"column":20},"end":{"line":43,"column":21}},"loc":{"start":{"line":43,"column":32},"end":{"line":70,"column":11}},"line":43},"5":{"name":"(anonymous_5)","decl":{"start":{"line":71,"column":20},"end":{"line":71,"column":21}},"loc":{"start":{"line":71,"column":51},"end":{"line":76,"column":11}},"line":71},"6":{"name":"(anonymous_6)","decl":{"start":{"line":72,"column":23},"end":{"line":72,"column":24}},"loc":{"start":{"line":72,"column":29},"end":{"line":75,"column":13}},"line":72},"7":{"name":"(anonymous_7)","decl":{"start":{"line":78,"column":11},"end":{"line":78,"column":12}},"loc":{"start":{"line":87,"column":14},"end":{"line":252,"column":21}},"line":87}},"branchMap":{"0":{"loc":{"start":{"line":7,"column":9},"end":{"line":7,"column":56}},"type":"cond-expr","locations":[{"start":{"line":7,"column":29},"end":{"line":7,"column":41}},{"start":{"line":7,"column":44},"end":{"line":7,"column":56}}],"line":7},"1":{"loc":{"start":{"line":7,"column":9},"end":{"line":7,"column":26}},"type":"binary-expr","locations":[{"start":{"line":7,"column":9},"end":{"line":7,"column":15}},{"start":{"line":7,"column":19},"end":{"line":7,"column":26}}],"line":7},"2":{"loc":{"start":{"line":11,"column":2},"end":{"line":17,"column":3}},"type":"if","locations":[{"start":{"line":11,"column":2},"end":{"line":17,"column":3}},{"start":{"line":11,"column":2},"end":{"line":17,"column":3}}],"line":11},"3":{"loc":{"start":{"line":11,"column":6},"end":{"line":11,"column":35}},"type":"binary-expr","locations":[{"start":{"line":11,"column":6},"end":{"line":11,"column":18}},{"start":{"line":11,"column":22},"end":{"line":11,"column":35}}],"line":11},"4":{"loc":{"start":{"line":13,"column":22},"end":{"line":13,"column":68}},"type":"cond-expr","locations":[{"start":{"line":13,"column":37},"end":{"line":13,"column":51}},{"start":{"line":13,"column":54},"end":{"line":13,"column":68}}],"line":13},"5":{"loc":{"start":{"line":18,"column":2},"end":{"line":20,"column":3}},"type":"if","locations":[{"start":{"line":18,"column":2},"end":{"line":20,"column":3}},{"start":{"line":18,"column":2},"end":{"line":20,"column":3}}],"line":18},"6":{"loc":{"start":{"line":18,"column":6},"end":{"line":18,"column":42}},"type":"binary-expr","locations":[{"start":{"line":18,"column":6},"end":{"line":18,"column":19}},{"start":{"line":18,"column":23},"end":{"line":18,"column":42}}],"line":18},"7":{"loc":{"start":{"line":27,"column":4},"end":{"line":30,"column":5}},"type":"if","locations":[{"start":{"line":27,"column":4},"end":{"line":30,"column":5}},{"start":{"line":27,"column":4},"end":{"line":30,"column":5}}],"line":27},"8":{"loc":{"start":{"line":45,"column":12},"end":{"line":47,"column":13}},"type":"if","locations":[{"start":{"line":45,"column":12},"end":{"line":47,"column":13}},{"start":{"line":45,"column":12},"end":{"line":47,"column":13}}],"line":45},"9":{"loc":{"start":{"line":48,"column":12},"end":{"line":50,"column":13}},"type":"if","locations":[{"start":{"line":48,"column":12},"end":{"line":50,"column":13}},{"start":{"line":48,"column":12},"end":{"line":50,"column":13}}],"line":48},"10":{"loc":{"start":{"line":52,"column":32},"end":{"line":52,"column":78}},"type":"binary-expr","locations":[{"start":{"line":52,"column":32},"end":{"line":52,"column":50}},{"start":{"line":52,"column":54},"end":{"line":52,"column":78}}],"line":52},"11":{"loc":{"start":{"line":53,"column":12},"end":{"line":57,"column":13}},"type":"if","locations":[{"start":{"line":53,"column":12},"end":{"line":57,"column":13}},{"start":{"line":53,"column":12},"end":{"line":57,"column":13}}],"line":53},"12":{"loc":{"start":{"line":55,"column":19},"end":{"line":57,"column":13}},"type":"if","locations":[{"start":{"line":55,"column":19},"end":{"line":57,"column":13}},{"start":{"line":55,"column":19},"end":{"line":57,"column":13}}],"line":55},"13":{"loc":{"start":{"line":58,"column":12},"end":{"line":60,"column":13}},"type":"if","locations":[{"start":{"line":58,"column":12},"end":{"line":60,"column":13}},{"start":{"line":58,"column":12},"end":{"line":60,"column":13}}],"line":58},"14":{"loc":{"start":{"line":61,"column":12},"end":{"line":65,"column":13}},"type":"if","locations":[{"start":{"line":61,"column":12},"end":{"line":65,"column":13}},{"start":{"line":61,"column":12},"end":{"line":65,"column":13}}],"line":61},"15":{"loc":{"start":{"line":63,"column":19},"end":{"line":65,"column":13}},"type":"if","locations":[{"start":{"line":63,"column":19},"end":{"line":65,"column":13}},{"start":{"line":63,"column":19},"end":{"line":65,"column":13}}],"line":63},"16":{"loc":{"start":{"line":66,"column":12},"end":{"line":68,"column":13}},"type":"if","locations":[{"start":{"line":66,"column":12},"end":{"line":68,"column":13}},{"start":{"line":66,"column":12},"end":{"line":68,"column":13}}],"line":66},"17":{"loc":{"start":{"line":250,"column":19},"end":{"line":250,"column":135}},"type":"cond-expr","locations":[{"start":{"line":250,"column":89},"end":{"line":250,"column":116}},{"start":{"line":250,"column":119},"end":{"line":250,"column":135}}],"line":250},"18":{"loc":{"start":{"line":250,"column":19},"end":{"line":250,"column":86}},"type":"binary-expr","locations":[{"start":{"line":250,"column":19},"end":{"line":250,"column":52}},{"start":{"line":250,"column":56},"end":{"line":250,"column":86}}],"line":250}},"s":{"0":0,"1":0,"2":0,"3":0,"4":0,"5":0,"6":0,"7":0,"8":0,"9":0,"10":0,"11":0,"12":0,"13":0,"14":0,"15":0,"16":0,"17":0,"18":0,"19":0,"20":0,"21":0,"22":0,"23":0,"24":0,"25":0,"26":0,"27":0,"28":0,"29":0,"30":0,"31":0,"32":0,"33":0,"34":0,"35":0,"36":4,"37":4,"38":4},"f":{"0":0,"1":0,"2":0,"3":0,"4":0,"5":0,"6":0,"7":0},"b":{"0":[0,0],"1":[0,0],"2":[0,0],"3":[0,0],"4":[0,0],"5":[0,0],"6":[0,0],"7":[0,0],"8":[0,0],"9":[0,0],"10":[0,0],"11":[0,0],"12":[0,0],"13":[0,0],"14":[0,0],"15":[0,0],"16":[0,0],"17":[0,0],"18":[0,0]},"_coverageSchema":"332fd63041d2c1bcb487cc26dd0d5f7d97098a6c","hash":"364a06ed002c90bc75baf9f5c75ea42b9150f99d"}
,"/Users/joelamb/workspace/benefit/src/components/PaymentAcknowledge.js": {"path":"/Users/joelamb/workspace/benefit/src/components/PaymentAcknowledge.js","statementMap":{"0":{"start":{"line":6,"column":27},"end":{"line":16,"column":1}},"1":{"start":{"line":7,"column":2},"end":{"line":15,"column":12}}},"fnMap":{"0":{"name":"(anonymous_0)","decl":{"start":{"line":6,"column":27},"end":{"line":6,"column":28}},"loc":{"start":{"line":7,"column":2},"end":{"line":15,"column":12}},"line":7}},"branchMap":{},"s":{"0":6,"1":0},"f":{"0":0},"b":{},"_coverageSchema":"332fd63041d2c1bcb487cc26dd0d5f7d97098a6c","hash":"ebe6780eea11c10083349c98c7e813c780ddf187"}
,"/Users/joelamb/workspace/benefit/src/components/PaymentDetailsForm.js": {"path":"/Users/joelamb/workspace/benefit/src/components/PaymentDetailsForm.js","statementMap":{"0":{"start":{"line":10,"column":27},"end":{"line":66,"column":1}},"1":{"start":{"line":21,"column":22},"end":{"line":26,"column":3}},"2":{"start":{"line":22,"column":4},"end":{"line":25,"column":7}},"3":{"start":{"line":28,"column":2},"end":{"line":65,"column":4}},"4":{"start":{"line":40,"column":10},"end":{"line":40,"column":33}},"5":{"start":{"line":41,"column":10},"end":{"line":45,"column":13}},"6":{"start":{"line":42,"column":12},"end":{"line":42,"column":57}},"7":{"start":{"line":43,"column":12},"end":{"line":43,"column":37}},"8":{"start":{"line":44,"column":12},"end":{"line":44,"column":43}},"9":{"start":{"line":68,"column":0},"end":{"line":73,"column":2}}},"fnMap":{"0":{"name":"(anonymous_0)","decl":{"start":{"line":10,"column":27},"end":{"line":10,"column":28}},"loc":{"start":{"line":20,"column":6},"end":{"line":66,"column":1}},"line":20},"1":{"name":"(anonymous_1)","decl":{"start":{"line":21,"column":22},"end":{"line":21,"column":23}},"loc":{"start":{"line":21,"column":28},"end":{"line":26,"column":3}},"line":21},"2":{"name":"(anonymous_2)","decl":{"start":{"line":39,"column":18},"end":{"line":39,"column":19}},"loc":{"start":{"line":39,"column":29},"end":{"line":46,"column":9}},"line":39},"3":{"name":"(anonymous_3)","decl":{"start":{"line":41,"column":36},"end":{"line":41,"column":37}},"loc":{"start":{"line":41,"column":51},"end":{"line":45,"column":11}},"line":41}},"branchMap":{"0":{"loc":{"start":{"line":28,"column":9},"end":{"line":65,"column":3}},"type":"cond-expr","locations":[{"start":{"line":29,"column":4},"end":{"line":58,"column":10}},{"start":{"line":60,"column":4},"end":{"line":64,"column":10}}],"line":28},"1":{"loc":{"start":{"line":28,"column":9},"end":{"line":28,"column":44}},"type":"binary-expr","locations":[{"start":{"line":28,"column":9},"end":{"line":28,"column":20}},{"start":{"line":28,"column":24},"end":{"line":28,"column":44}}],"line":28}},"s":{"0":6,"1":0,"2":0,"3":0,"4":0,"5":0,"6":0,"7":0,"8":0,"9":6},"f":{"0":0,"1":0,"2":0,"3":0},"b":{"0":[0,0],"1":[0,0]},"_coverageSchema":"332fd63041d2c1bcb487cc26dd0d5f7d97098a6c","hash":"25a83106680b18192523059e31f87c5fb6f36f8d"}
,"/Users/joelamb/workspace/benefit/src/components/PaymentRequestButton.js": {"path":"/Users/joelamb/workspace/benefit/src/components/PaymentRequestButton.js","statementMap":{"0":{"start":{"line":7,"column":4},"end":{"line":7,"column":17}},"1":{"start":{"line":11,"column":27},"end":{"line":20,"column":6}},"2":{"start":{"line":22,"column":4},"end":{"line":29,"column":7}},"3":{"start":{"line":23,"column":6},"end":{"line":23,"column":52}},"4":{"start":{"line":24,"column":6},"end":{"line":24,"column":59}},"5":{"start":{"line":25,"column":25},"end":{"line":25,"column":35}},"6":{"start":{"line":26,"column":6},"end":{"line":26,"column":49}},"7":{"start":{"line":27,"column":6},"end":{"line":27,"column":42}},"8":{"start":{"line":28,"column":6},"end":{"line":28,"column":26}},"9":{"start":{"line":31,"column":4},"end":{"line":33,"column":7}},"10":{"start":{"line":32,"column":6},"end":{"line":32,"column":48}},"11":{"start":{"line":35,"column":4},"end":{"line":38,"column":6}},"12":{"start":{"line":42,"column":4},"end":{"line":55,"column":13}}},"fnMap":{"0":{"name":"(anonymous_0)","decl":{"start":{"line":6,"column":2},"end":{"line":6,"column":3}},"loc":{"start":{"line":6,"column":21},"end":{"line":39,"column":3}},"line":6},"1":{"name":"(anonymous_1)","decl":{"start":{"line":22,"column":31},"end":{"line":22,"column":32}},"loc":{"start":{"line":22,"column":63},"end":{"line":29,"column":5}},"line":22},"2":{"name":"(anonymous_2)","decl":{"start":{"line":31,"column":41},"end":{"line":31,"column":42}},"loc":{"start":{"line":31,"column":53},"end":{"line":33,"column":5}},"line":31},"3":{"name":"(anonymous_3)","decl":{"start":{"line":41,"column":2},"end":{"line":41,"column":3}},"loc":{"start":{"line":41,"column":11},"end":{"line":56,"column":3}},"line":41}},"branchMap":{"0":{"loc":{"start":{"line":42,"column":11},"end":{"line":55,"column":12}},"type":"cond-expr","locations":[{"start":{"line":43,"column":6},"end":{"line":54,"column":8}},{"start":{"line":55,"column":8},"end":{"line":55,"column":12}}],"line":42}},"s":{"0":0,"1":0,"2":0,"3":0,"4":0,"5":0,"6":0,"7":0,"8":0,"9":0,"10":0,"11":0,"12":0},"f":{"0":0,"1":0,"2":0,"3":0},"b":{"0":[0,0]},"_coverageSchema":"332fd63041d2c1bcb487cc26dd0d5f7d97098a6c","hash":"33f9e5aa9bc6bf7b5b6a48c03273bfdf94f36d7a"}
,"/Users/joelamb/workspace/benefit/src/components/PrivateRoute.js": {"path":"/Users/joelamb/workspace/benefit/src/components/PrivateRoute.js","statementMap":{"0":{"start":{"line":5,"column":2},"end":{"line":20,"column":4}},"1":{"start":{"line":8,"column":24},"end":{"line":17,"column":7}}},"fnMap":{"0":{"name":"PrivateRoute","decl":{"start":{"line":4,"column":9},"end":{"line":4,"column":21}},"loc":{"start":{"line":4,"column":69},"end":{"line":21,"column":1}},"line":4},"1":{"name":"(anonymous_1)","decl":{"start":{"line":8,"column":14},"end":{"line":8,"column":15}},"loc":{"start":{"line":8,"column":24},"end":{"line":17,"column":7}},"line":8}},"branchMap":{"0":{"loc":{"start":{"line":8,"column":24},"end":{"line":17,"column":7}},"type":"cond-expr","locations":[{"start":{"line":9,"column":8},"end":{"line":9,"column":32}},{"start":{"line":11,"column":8},"end":{"line":16,"column":10}}],"line":8}},"s":{"0":0,"1":0},"f":{"0":0,"1":0},"b":{"0":[0,0]},"_coverageSchema":"332fd63041d2c1bcb487cc26dd0d5f7d97098a6c","hash":"7d1db4b6922cdd9c3667ca4714b47d50c6f99cdc"}
[...]
,"/Users/joelamb/workspace/benefit/src/containers/AppWrapperContainer.js": {"path":"/Users/joelamb/workspace/benefit/src/containers/AppWrapperContainer.js","statementMap":{"0":{"start":{"line":5,"column":31},"end":{"line":7,"column":2}},"1":{"start":{"line":5,"column":41},"end":{"line":7,"column":1}},"2":{"start":{"line":9,"column":27},"end":{"line":11,"column":1}}},"fnMap":{"0":{"name":"(anonymous_0)","decl":{"start":{"line":5,"column":31},"end":{"line":5,"column":32}},"loc":{"start":{"line":5,"column":41},"end":{"line":7,"column":1}},"line":5}},"branchMap":{},"s":{"0":1,"1":1,"2":1},"f":{"0":1},"b":{},"_coverageSchema":"332fd63041d2c1bcb487cc26dd0d5f7d97098a6c","hash":"2ac7bf4ff0e117f0ddc0a73bf079c02933407cc8"}
,"/Users/joelamb/workspace/benefit/src/containers/DashboardContainer.js": {"path":"/Users/joelamb/workspace/benefit/src/containers/DashboardContainer.js","statementMap":{"0":{"start":{"line":5,"column":31},"end":{"line":10,"column":1}},"1":{"start":{"line":6,"column":2},"end":{"line":9,"column":3}},"2":{"start":{"line":12,"column":27},"end":{"line":14,"column":1}}},"fnMap":{"0":{"name":"(anonymous_0)","decl":{"start":{"line":5,"column":31},"end":{"line":5,"column":32}},"loc":{"start":{"line":6,"column":2},"end":{"line":9,"column":3}},"line":6}},"branchMap":{},"s":{"0":3,"1":1,"2":3},"f":{"0":1},"b":{},"_coverageSchema":"332fd63041d2c1bcb487cc26dd0d5f7d97098a6c","hash":"d83bab687fc54e9a7be61f2c0b79b9a451faf000"}
,"/Users/joelamb/workspace/benefit/src/containers/DonationFormContainer.js": {"path":"/Users/joelamb/workspace/benefit/src/containers/DonationFormContainer.js","statementMap":{"0":{"start":{"line":5,"column":31},"end":{"line":11,"column":1}},"1":{"start":{"line":6,"column":2},"end":{"line":10,"column":3}},"2":{"start":{"line":13,"column":27},"end":{"line":17,"column":1}}},"fnMap":{"0":{"name":"(anonymous_0)","decl":{"start":{"line":5,"column":31},"end":{"line":5,"column":32}},"loc":{"start":{"line":6,"column":2},"end":{"line":10,"column":3}},"line":6}},"branchMap":{},"s":{"0":1,"1":1,"2":1},"f":{"0":1},"b":{},"_coverageSchema":"332fd63041d2c1bcb487cc26dd0d5f7d97098a6c","hash":"833c497e8fe36204cbb3a1b3544b61f441d2421e"}
,"/Users/joelamb/workspace/benefit/src/containers/DonorContainer.js": {"path":"/Users/joelamb/workspace/benefit/src/containers/DonorContainer.js","statementMap":{"0":{"start":{"line":5,"column":31},"end":{"line":16,"column":1}},"1":{"start":{"line":6,"column":2},"end":{"line":15,"column":3}},"2":{"start":{"line":18,"column":27},"end":{"line":20,"column":1}}},"fnMap":{"0":{"name":"(anonymous_0)","decl":{"start":{"line":5,"column":31},"end":{"line":5,"column":32}},"loc":{"start":{"line":6,"column":2},"end":{"line":15,"column":3}},"line":6}},"branchMap":{},"s":{"0":3,"1":1,"2":3},"f":{"0":1},"b":{},"_coverageSchema":"332fd63041d2c1bcb487cc26dd0d5f7d97098a6c","hash":"6016a89cb0e45ed6992ae59e34f794bee7562ef5"}
,"/Users/joelamb/workspace/benefit/src/containers/LoginContainer.js": {"path":"/Users/joelamb/workspace/benefit/src/containers/LoginContainer.js","statementMap":{"0":{"start":{"line":6,"column":31},"end":{"line":12,"column":2}},"1":{"start":{"line":6,"column":41},"end":{"line":12,"column":1}},"2":{"start":{"line":14,"column":27},"end":{"line":20,"column":1}}},"fnMap":{"0":{"name":"(anonymous_0)","decl":{"start":{"line":6,"column":31},"end":{"line":6,"column":32}},"loc":{"start":{"line":6,"column":41},"end":{"line":12,"column":1}},"line":6}},"branchMap":{},"s":{"0":5,"1":1,"2":5},"f":{"0":1},"b":{},"_coverageSchema":"332fd63041d2c1bcb487cc26dd0d5f7d97098a6c","hash":"c70a42be67e07f701268eea3ff734932af405a2a"}
,"/Users/joelamb/workspace/benefit/src/containers/NewDonationContainer.js": {"path":"/Users/joelamb/workspace/benefit/src/containers/NewDonationContainer.js","statementMap":{"0":{"start":{"line":5,"column":31},"end":{"line":12,"column":2}},"1":{"start":{"line":5,"column":41},"end":{"line":12,"column":1}},"2":{"start":{"line":14,"column":27},"end":{"line":18,"column":1}}},"fnMap":{"0":{"name":"(anonymous_0)","decl":{"start":{"line":5,"column":31},"end":{"line":5,"column":32}},"loc":{"start":{"line":5,"column":41},"end":{"line":12,"column":1}},"line":5}},"branchMap":{},"s":{"0":3,"1":1,"2":3},"f":{"0":1},"b":{},"_coverageSchema":"332fd63041d2c1bcb487cc26dd0d5f7d97098a6c","hash":"a98b9ae6807196d35f6909d9af89b913b32417bb"}
,"/Users/joelamb/workspace/benefit/src/containers/NewDonorContainer.js": {"path":"/Users/joelamb/workspace/benefit/src/containers/NewDonorContainer.js","statementMap":{"0":{"start":{"line":5,"column":31},"end":{"line":9,"column":1}},"1":{"start":{"line":6,"column":2},"end":{"line":8,"column":3}},"2":{"start":{"line":11,"column":27},"end":{"line":14,"column":1}}},"fnMap":{"0":{"name":"(anonymous_0)","decl":{"start":{"line":5,"column":31},"end":{"line":5,"column":32}},"loc":{"start":{"line":6,"column":2},"end":{"line":8,"column":3}},"line":6}},"branchMap":{},"s":{"0":3,"1":1,"2":3},"f":{"0":1},"b":{},"_coverageSchema":"332fd63041d2c1bcb487cc26dd0d5f7d97098a6c","hash":"504c27a7f0158c3b49ba3d205c59002340852ea0"}
,"/Users/joelamb/workspace/benefit/src/containers/NewRecipientContainer.js": {"path":"/Users/joelamb/workspace/benefit/src/containers/NewRecipientContainer.js","statementMap":{"0":{"start":{"line":5,"column":31},"end":{"line":16,"column":2}},"1":{"start":{"line":5,"column":41},"end":{"line":16,"column":1}},"2":{"start":{"line":18,"column":27},"end":{"line":20,"column":1}}},"fnMap":{"0":{"name":"(anonymous_0)","decl":{"start":{"line":5,"column":31},"end":{"line":5,"column":32}},"loc":{"start":{"line":5,"column":41},"end":{"line":16,"column":1}},"line":5}},"branchMap":{},"s":{"0":3,"1":1,"2":3},"f":{"0":1},"b":{},"_coverageSchema":"332fd63041d2c1bcb487cc26dd0d5f7d97098a6c","hash":"f4c05b8f602775d9e99b328d07147f5f06bffd77"}
,"/Users/joelamb/workspace/benefit/src/containers/PaymentAcknowlegeContainer.js": {"path":"/Users/joelamb/workspace/benefit/src/containers/PaymentAcknowlegeContainer.js","statementMap":{"0":{"start":{"line":4,"column":31},"end":{"line":6,"column":2}},"1":{"start":{"line":4,"column":41},"end":{"line":6,"column":1}}},"fnMap":{"0":{"name":"(anonymous_0)","decl":{"start":{"line":4,"column":31},"end":{"line":4,"column":32}},"loc":{"start":{"line":4,"column":41},"end":{"line":6,"column":1}},"line":4}},"branchMap":{},"s":{"0":5,"1":1},"f":{"0":1},"b":{},"_coverageSchema":"332fd63041d2c1bcb487cc26dd0d5f7d97098a6c","hash":"4257f8be3d859dd7a072e3208cb500b308722384"}
,"/Users/joelamb/workspace/benefit/src/containers/PaymentDetailsFormContainer.js": {"path":"/Users/joelamb/workspace/benefit/src/containers/PaymentDetailsFormContainer.js","statementMap":{"0":{"start":{"line":6,"column":31},"end":{"line":11,"column":2}},"1":{"start":{"line":6,"column":41},"end":{"line":11,"column":1}},"2":{"start":{"line":13,"column":27},"end":{"line":16,"column":1}}},"fnMap":{"0":{"name":"(anonymous_0)","decl":{"start":{"line":6,"column":31},"end":{"line":6,"column":32}},"loc":{"start":{"line":6,"column":41},"end":{"line":11,"column":1}},"line":6}},"branchMap":{},"s":{"0":5,"1":1,"2":5},"f":{"0":1},"b":{},"_coverageSchema":"332fd63041d2c1bcb487cc26dd0d5f7d97098a6c","hash":"e587d53027b163f036e008c697895ac88726657e"}
,"/Users/joelamb/workspace/benefit/src/containers/PrivateRouteContainer.js": {"path":"/Users/joelamb/workspace/benefit/src/containers/PrivateRouteContainer.js","statementMap":{"0":{"start":{"line":4,"column":31},"end":{"line":6,"column":2}},"1":{"start":{"line":4,"column":41},"end":{"line":6,"column":1}}},"fnMap":{"0":{"name":"(anonymous_0)","decl":{"start":{"line":4,"column":31},"end":{"line":4,"column":32}},"loc":{"start":{"line":4,"column":41},"end":{"line":6,"column":1}},"line":4}},"branchMap":{},"s":{"0":3,"1":1},"f":{"0":1},"b":{},"_coverageSchema":"332fd63041d2c1bcb487cc26dd0d5f7d97098a6c","hash":"9bd3a23a1faeb69e64604997fb033091f14ba5ac"}
,"/Users/joelamb/workspace/benefit/src/containers/QRCodeContainer.js": {"path":"/Users/joelamb/workspace/benefit/src/containers/QRCodeContainer.js","statementMap":{"0":{"start":{"line":5,"column":31},"end":{"line":10,"column":1}},"1":{"start":{"line":6,"column":2},"end":{"line":9,"column":3}},"2":{"start":{"line":12,"column":27},"end":{"line":15,"column":1}}},"fnMap":{"0":{"name":"(anonymous_0)","decl":{"start":{"line":5,"column":31},"end":{"line":5,"column":32}},"loc":{"start":{"line":6,"column":2},"end":{"line":9,"column":3}},"line":6}},"branchMap":{},"s":{"0":4,"1":1,"2":4},"f":{"0":1},"b":{},"_coverageSchema":"332fd63041d2c1bcb487cc26dd0d5f7d97098a6c","hash":"8b617c85b31952672fbaefdbc5d20db7acc874ad"}
,"/Users/joelamb/workspace/benefit/src/containers/RecipientContainer.js": {"path":"/Users/joelamb/workspace/benefit/src/containers/RecipientContainer.js","statementMap":{"0":{"start":{"line":5,"column":31},"end":{"line":17,"column":1}},"1":{"start":{"line":6,"column":2},"end":{"line":16,"column":3}},"2":{"start":{"line":19,"column":27},"end":{"line":21,"column":1}}},"fnMap":{"0":{"name":"(anonymous_0)","decl":{"start":{"line":5,"column":31},"end":{"line":5,"column":32}},"loc":{"start":{"line":6,"column":2},"end":{"line":16,"column":3}},"line":6}},"branchMap":{},"s":{"0":3,"1":1,"2":3},"f":{"0":1},"b":{},"_coverageSchema":"332fd63041d2c1bcb487cc26dd0d5f7d97098a6c","hash":"a48b58fbd10dfe541e135aeb3a151c00f0b40735"}
,"/Users/joelamb/workspace/benefit/src/reducers/donation.js": {"path":"/Users/joelamb/workspace/benefit/src/reducers/donation.js","statementMap":{"0":{"start":{"line":1,"column":17},"end":{"line":10,"column":1}},"1":{"start":{"line":2,"column":2},"end":{"line":9,"column":3}},"2":{"start":{"line":4,"column":6},"end":{"line":4,"column":81}},"3":{"start":{"line":6,"column":6},"end":{"line":6,"column":73}},"4":{"start":{"line":8,"column":6},"end":{"line":8,"column":19}}},"fnMap":{"0":{"name":"(anonymous_0)","decl":{"start":{"line":1,"column":17},"end":{"line":1,"column":18}},"loc":{"start":{"line":1,"column":75},"end":{"line":10,"column":1}},"line":1}},"branchMap":{"0":{"loc":{"start":{"line":1,"column":18},"end":{"line":1,"column":62}},"type":"default-arg","locations":[{"start":{"line":1,"column":26},"end":{"line":1,"column":62}}],"line":1},"1":{"loc":{"start":{"line":2,"column":2},"end":{"line":9,"column":3}},"type":"switch","locations":[{"start":{"line":3,"column":4},"end":{"line":4,"column":81}},{"start":{"line":5,"column":4},"end":{"line":6,"column":73}},{"start":{"line":7,"column":4},"end":{"line":8,"column":19}}],"line":2}},"s":{"0":1,"1":1,"2":1,"3":0,"4":0},"f":{"0":1},"b":{"0":[0],"1":[1,0,0]},"_coverageSchema":"332fd63041d2c1bcb487cc26dd0d5f7d97098a6c","hash":"87f068fa2b23ab546abc85ae8089b8ff214a2bc6"}
,"/Users/joelamb/workspace/benefit/src/reducers/donor.js": {"path":"/Users/joelamb/workspace/benefit/src/reducers/donor.js","statementMap":{"0":{"start":{"line":1,"column":14},"end":{"line":39,"column":1}},"1":{"start":{"line":18,"column":2},"end":{"line":38,"column":3}},"2":{"start":{"line":20,"column":6},"end":{"line":20,"column":81}},"3":{"start":{"line":22,"column":6},"end":{"line":29,"column":9}},"4":{"start":{"line":31,"column":6},"end":{"line":31,"column":71}},"5":{"start":{"line":33,"column":6},"end":{"line":33,"column":73}},"6":{"start":{"line":35,"column":6},"end":{"line":35,"column":54}},"7":{"start":{"line":37,"column":6},"end":{"line":37,"column":19}}},"fnMap":{"0":{"name":"(anonymous_0)","decl":{"start":{"line":1,"column":14},"end":{"line":1,"column":15}},"loc":{"start":{"line":17,"column":5},"end":{"line":39,"column":1}},"line":17}},"branchMap":{"0":{"loc":{"start":{"line":2,"column":2},"end":{"line":15,"column":3}},"type":"default-arg","locations":[{"start":{"line":2,"column":10},"end":{"line":15,"column":3}}],"line":2},"1":{"loc":{"start":{"line":18,"column":2},"end":{"line":38,"column":3}},"type":"switch","locations":[{"start":{"line":19,"column":4},"end":{"line":20,"column":81}},{"start":{"line":21,"column":4},"end":{"line":29,"column":9}},{"start":{"line":30,"column":4},"end":{"line":31,"column":71}},{"start":{"line":32,"column":4},"end":{"line":33,"column":73}},{"start":{"line":34,"column":4},"end":{"line":35,"column":54}},{"start":{"line":36,"column":4},"end":{"line":37,"column":19}}],"line":18}},"s":{"0":1,"1":5,"2":0,"3":1,"4":1,"5":1,"6":1,"7":1},"f":{"0":5},"b":{"0":[0],"1":[0,1,1,1,1,1]},"_coverageSchema":"332fd63041d2c1bcb487cc26dd0d5f7d97098a6c","hash":"e769dd634887ef5df6c99cab9a8b51e53edd891f"}
,"/Users/joelamb/workspace/benefit/src/reducers/login.js": {"path":"/Users/joelamb/workspace/benefit/src/reducers/login.js","statementMap":{"0":{"start":{"line":1,"column":14},"end":{"line":37,"column":1}},"1":{"start":{"line":13,"column":2},"end":{"line":36,"column":3}},"2":{"start":{"line":15,"column":6},"end":{"line":15,"column":64}},"3":{"start":{"line":17,"column":6},"end":{"line":17,"column":81}},"4":{"start":{"line":19,"column":6},"end":{"line":24,"column":9}},"5":{"start":{"line":26,"column":6},"end":{"line":33,"column":9}},"6":{"start":{"line":35,"column":6},"end":{"line":35,"column":19}}},"fnMap":{"0":{"name":"(anonymous_0)","decl":{"start":{"line":1,"column":14},"end":{"line":1,"column":15}},"loc":{"start":{"line":12,"column":5},"end":{"line":37,"column":1}},"line":12}},"branchMap":{"0":{"loc":{"start":{"line":2,"column":2},"end":{"line":10,"column":3}},"type":"default-arg","locations":[{"start":{"line":2,"column":10},"end":{"line":10,"column":3}}],"line":2},"1":{"loc":{"start":{"line":13,"column":2},"end":{"line":36,"column":3}},"type":"switch","locations":[{"start":{"line":14,"column":4},"end":{"line":15,"column":64}},{"start":{"line":16,"column":4},"end":{"line":17,"column":81}},{"start":{"line":18,"column":4},"end":{"line":24,"column":9}},{"start":{"line":25,"column":4},"end":{"line":33,"column":9}},{"start":{"line":34,"column":4},"end":{"line":35,"column":19}}],"line":13}},"s":{"0":1,"1":4,"2":1,"3":1,"4":1,"5":1,"6":0},"f":{"0":4},"b":{"0":[0],"1":[1,1,1,1,0]},"_coverageSchema":"332fd63041d2c1bcb487cc26dd0d5f7d97098a6c","hash":"3ac8072de126883ad3bce9e9a0c9dd6b8fb2d409"}
,"/Users/joelamb/workspace/benefit/src/reducers/organisation.js": {"path":"/Users/joelamb/workspace/benefit/src/reducers/organisation.js","statementMap":{"0":{"start":{"line":1,"column":21},"end":{"line":11,"column":1}},"1":{"start":{"line":2,"column":2},"end":{"line":10,"column":3}},"2":{"start":{"line":4,"column":6},"end":{"line":7,"column":11}},"3":{"start":{"line":9,"column":6},"end":{"line":9,"column":19}}},"fnMap":{"0":{"name":"(anonymous_0)","decl":{"start":{"line":1,"column":21},"end":{"line":1,"column":22}},"loc":{"start":{"line":1,"column":67},"end":{"line":11,"column":1}},"line":1}},"branchMap":{"0":{"loc":{"start":{"line":1,"column":22},"end":{"line":1,"column":54}},"type":"default-arg","locations":[{"start":{"line":1,"column":30},"end":{"line":1,"column":54}}],"line":1},"1":{"loc":{"start":{"line":2,"column":2},"end":{"line":10,"column":3}},"type":"switch","locations":[{"start":{"line":3,"column":4},"end":{"line":7,"column":11}},{"start":{"line":8,"column":4},"end":{"line":9,"column":19}}],"line":2}},"s":{"0":1,"1":1,"2":1,"3":0},"f":{"0":1},"b":{"0":[0],"1":[1,0]},"_coverageSchema":"332fd63041d2c1bcb487cc26dd0d5f7d97098a6c","hash":"2d5e335850f6bd2b5495c6172a729bb309404af6"}
,"/Users/joelamb/workspace/benefit/src/reducers/paymentDetails.js": {"path":"/Users/joelamb/workspace/benefit/src/reducers/paymentDetails.js","statementMap":{"0":{"start":{"line":1,"column":23},"end":{"line":10,"column":1}},"1":{"start":{"line":4,"column":2},"end":{"line":9,"column":3}},"2":{"start":{"line":6,"column":6},"end":{"line":6,"column":75}},"3":{"start":{"line":8,"column":6},"end":{"line":8,"column":19}}},"fnMap":{"0":{"name":"(anonymous_0)","decl":{"start":{"line":1,"column":23},"end":{"line":1,"column":24}},"loc":{"start":{"line":3,"column":14},"end":{"line":10,"column":1}},"line":3}},"branchMap":{"0":{"loc":{"start":{"line":1,"column":24},"end":{"line":3,"column":1}},"type":"default-arg","locations":[{"start":{"line":1,"column":32},"end":{"line":3,"column":1}}],"line":1},"1":{"loc":{"start":{"line":4,"column":2},"end":{"line":9,"column":3}},"type":"switch","locations":[{"start":{"line":5,"column":4},"end":{"line":6,"column":75}},{"start":{"line":7,"column":4},"end":{"line":8,"column":19}}],"line":4}},"s":{"0":1,"1":1,"2":1,"3":0},"f":{"0":1},"b":{"0":[0],"1":[1,0]},"_coverageSchema":"332fd63041d2c1bcb487cc26dd0d5f7d97098a6c","hash":"a47d9eaffd40675cb6ce8e9cd3a509f466e138ff"}
,"/Users/joelamb/workspace/benefit/src/reducers/recipient.js": {"path":"/Users/joelamb/workspace/benefit/src/reducers/recipient.js","statementMap":{"0":{"start":{"line":1,"column":18},"end":{"line":20,"column":1}},"1":{"start":{"line":2,"column":2},"end":{"line":19,"column":3}},"2":{"start":{"line":4,"column":6},"end":{"line":12,"column":9}},"3":{"start":{"line":14,"column":6},"end":{"line":14,"column":75}},"4":{"start":{"line":16,"column":6},"end":{"line":16,"column":71}},"5":{"start":{"line":18,"column":6},"end":{"line":18,"column":19}}},"fnMap":{"0":{"name":"(anonymous_0)","decl":{"start":{"line":1,"column":18},"end":{"line":1,"column":19}},"loc":{"start":{"line":1,"column":92},"end":{"line":20,"column":1}},"line":1}},"branchMap":{"0":{"loc":{"start":{"line":1,"column":19},"end":{"line":1,"column":79}},"type":"default-arg","locations":[{"start":{"line":1,"column":27},"end":{"line":1,"column":79}}],"line":1},"1":{"loc":{"start":{"line":2,"column":2},"end":{"line":19,"column":3}},"type":"switch","locations":[{"start":{"line":3,"column":4},"end":{"line":12,"column":9}},{"start":{"line":13,"column":4},"end":{"line":14,"column":75}},{"start":{"line":15,"column":4},"end":{"line":16,"column":71}},{"start":{"line":17,"column":4},"end":{"line":18,"column":19}}],"line":2}},"s":{"0":1,"1":1,"2":1,"3":0,"4":0,"5":0},"f":{"0":1},"b":{"0":[0],"1":[1,0,0,0]},"_coverageSchema":"332fd63041d2c1bcb487cc26dd0d5f7d97098a6c","hash":"49b3fdf43940c874bb8f0c9e09bbf42c08c3bf84"}
,"/Users/joelamb/workspace/benefit/src/reducers/view.js": {"path":"/Users/joelamb/workspace/benefit/src/reducers/view.js","statementMap":{"0":{"start":{"line":1,"column":13},"end":{"line":10,"column":1}},"1":{"start":{"line":2,"column":2},"end":{"line":9,"column":3}},"2":{"start":{"line":4,"column":6},"end":{"line":4,"column":89}},"3":{"start":{"line":6,"column":6},"end":{"line":6,"column":85}},"4":{"start":{"line":8,"column":6},"end":{"line":8,"column":19}}},"fnMap":{"0":{"name":"(anonymous_0)","decl":{"start":{"line":1,"column":13},"end":{"line":1,"column":14}},"loc":{"start":{"line":1,"column":89},"end":{"line":10,"column":1}},"line":1}},"branchMap":{"0":{"loc":{"start":{"line":1,"column":14},"end":{"line":1,"column":76}},"type":"default-arg","locations":[{"start":{"line":1,"column":22},"end":{"line":1,"column":76}}],"line":1},"1":{"loc":{"start":{"line":2,"column":2},"end":{"line":9,"column":3}},"type":"switch","locations":[{"start":{"line":3,"column":4},"end":{"line":4,"column":89}},{"start":{"line":5,"column":4},"end":{"line":6,"column":85}},{"start":{"line":7,"column":4},"end":{"line":8,"column":19}}],"line":2}},"s":{"0":1,"1":1,"2":1,"3":0,"4":0},"f":{"0":1},"b":{"0":[0],"1":[1,0,0]},"_coverageSchema":"332fd63041d2c1bcb487cc26dd0d5f7d97098a6c","hash":"0b09b5e52df8d0d67e74774afc4d892c7f909e8b"}
,"/Users/joelamb/workspace/benefit/tests/setup.js": {"path":"/Users/joelamb/workspace/benefit/tests/setup.js","statementMap":{"0":{"start":{"line":4,"column":0},"end":{"line":4,"column":45}}},"fnMap":{},"branchMap":{},"s":{"0":32},"f":{},"b":{},"_coverageSchema":"332fd63041d2c1bcb487cc26dd0d5f7d97098a6c","hash":"257e52fb5014289254ddc8620eb30c29fc38f7c9"}
}
