TN:
SF:/Users/joelamb/workspace/benefit/src/actions/index.js
FN:1,setDonationAmount
FN:10,togglePaymentDetails
FN:16,toggleDonationComplete
FN:22,setRecipientFromDB
FN:35,getRecipientFromDB
FN:36,(anonymous_5)
FN:38,(anonymous_6)
FN:39,(anonymous_7)
FN:40,(anonymous_8)
FN:44,receiveStripeToken
FN:51,setDonorID
FN:57,setDonationID
FN:66,createPaymentDetails
FN:67,(anonymous_13)
FN:85,(anonymous_14)
FN:86,(anonymous_15)
FN:94,submitRecipientForm
FN:100,setRecipientIdForQrCode
FN:107,addRecipient
FN:108,(anonymous_19)
FN:116,(anonymous_20)
FN:117,(anonymous_21)
FN:120,(anonymous_22)
FN:124,setNewDonorId
FN:131,addDonor
FN:132,(anonymous_25)
FN:140,(anonymous_26)
FN:141,(anonymous_27)
FN:144,(anonymous_28)
FN:149,setLoginDetails
FN:157,setUserFromPassport
FN:167,login
FN:168,(anonymous_32)
FN:181,(anonymous_33)
FN:187,(anonymous_34)
FN:190,(anonymous_35)
FN:194,setHasCheckedUser
FN:201,checkLogin
FN:202,(anonymous_38)
FN:204,(anonymous_39)
FN:210,(anonymous_40)
FN:216,(anonymous_41)
FN:220,setLogout
FN:224,logout
FN:225,(anonymous_44)
FN:227,(anonymous_45)
FN:228,(anonymous_46)
FN:232,(anonymous_47)
FN:236,setDonationsFromDB
FN:243,getDonationsByRecipientID
FN:244,(anonymous_50)
FN:246,(anonymous_51)
FN:247,(anonymous_52)
FN:248,(anonymous_53)
FN:252,getProfileDetailsByID
FN:253,(anonymous_55)
FN:259,setDonorDonationsFromDB
FN:267,getDonationsByDonorID
FN:268,(anonymous_58)
FN:270,(anonymous_59)
FN:271,(anonymous_60)
FN:272,(anonymous_61)
FN:276,setDonorFromDB
FN:288,getDonorFromDB
FN:289,(anonymous_64)
FN:291,(anonymous_65)
FN:292,(anonymous_66)
FN:293,(anonymous_67)
FN:297,getDonorDetailsByID
FN:298,(anonymous_69)
FN:305,setOrganisationDonations
FN:312,getDonationsByOrganisationID
FN:313,(anonymous_72)
FN:315,(anonymous_73)
FN:316,(anonymous_74)
FN:317,(anonymous_75)
FNF:76
FNH:45
FNDA:1,setDonationAmount
FNDA:1,togglePaymentDetails
FNDA:0,toggleDonationComplete
FNDA:2,setRecipientFromDB
FNDA:1,getRecipientFromDB
FNDA:1,(anonymous_5)
FNDA:1,(anonymous_6)
FNDA:1,(anonymous_7)
FNDA:0,(anonymous_8)
FNDA:1,receiveStripeToken
FNDA:1,setDonorID
FNDA:1,setDonationID
FNDA:0,createPaymentDetails
FNDA:0,(anonymous_13)
FNDA:0,(anonymous_14)
FNDA:0,(anonymous_15)
FNDA:1,submitRecipientForm
FNDA:2,setRecipientIdForQrCode
FNDA:1,addRecipient
FNDA:1,(anonymous_19)
FNDA:1,(anonymous_20)
FNDA:1,(anonymous_21)
FNDA:0,(anonymous_22)
FNDA:2,setNewDonorId
FNDA:1,addDonor
FNDA:1,(anonymous_25)
FNDA:1,(anonymous_26)
FNDA:1,(anonymous_27)
FNDA:0,(anonymous_28)
FNDA:1,setLoginDetails
FNDA:1,setUserFromPassport
FNDA:0,login
FNDA:0,(anonymous_32)
FNDA:0,(anonymous_33)
FNDA:0,(anonymous_34)
FNDA:0,(anonymous_35)
FNDA:1,setHasCheckedUser
FNDA:0,checkLogin
FNDA:0,(anonymous_38)
FNDA:0,(anonymous_39)
FNDA:0,(anonymous_40)
FNDA:0,(anonymous_41)
FNDA:1,setLogout
FNDA:0,logout
FNDA:0,(anonymous_44)
FNDA:0,(anonymous_45)
FNDA:0,(anonymous_46)
FNDA:0,(anonymous_47)
FNDA:2,setDonationsFromDB
FNDA:1,getDonationsByRecipientID
FNDA:1,(anonymous_50)
FNDA:1,(anonymous_51)
FNDA:1,(anonymous_52)
FNDA:0,(anonymous_53)
FNDA:0,getProfileDetailsByID
FNDA:0,(anonymous_55)
FNDA:2,setDonorDonationsFromDB
FNDA:1,getDonationsByDonorID
FNDA:1,(anonymous_58)
FNDA:1,(anonymous_59)
FNDA:1,(anonymous_60)
FNDA:0,(anonymous_61)
FNDA:2,setDonorFromDB
FNDA:1,getDonorFromDB
FNDA:1,(anonymous_64)
FNDA:1,(anonymous_65)
FNDA:1,(anonymous_66)
FNDA:0,(anonymous_67)
FNDA:0,getDonorDetailsByID
FNDA:0,(anonymous_69)
FNDA:2,setOrganisationDonations
FNDA:1,getDonationsByOrganisationID
FNDA:1,(anonymous_72)
FNDA:1,(anonymous_73)
FNDA:1,(anonymous_74)
FNDA:0,(anonymous_75)
DA:2,1
DA:3,1
DA:4,1
DA:11,1
DA:17,0
DA:23,2
DA:36,1
DA:37,1
DA:38,1
DA:39,1
DA:40,0
DA:45,1
DA:52,1
DA:58,1
DA:67,0
DA:68,0
DA:69,0
DA:77,0
DA:78,0
DA:85,0
DA:87,0
DA:88,0
DA:89,0
DA:95,1
DA:101,2
DA:108,1
DA:109,1
DA:116,1
DA:118,1
DA:120,0
DA:125,2
DA:132,1
DA:133,1
DA:140,1
DA:142,1
DA:144,0
DA:150,1
DA:158,1
DA:168,0
DA:169,0
DA:170,0
DA:174,0
DA:182,0
DA:183,0
DA:185,0
DA:188,0
DA:190,0
DA:195,1
DA:202,0
DA:203,0
DA:205,0
DA:206,0
DA:208,0
DA:211,0
DA:212,0
DA:214,0
DA:216,0
DA:221,1
DA:225,0
DA:226,0
DA:227,0
DA:229,0
DA:230,0
DA:232,0
DA:237,2
DA:244,1
DA:245,1
DA:246,1
DA:247,1
DA:248,0
DA:253,0
DA:254,0
DA:255,0
DA:260,2
DA:261,2
DA:268,1
DA:269,1
DA:270,1
DA:271,1
DA:272,0
DA:277,2
DA:289,1
DA:290,1
DA:291,1
DA:292,1
DA:293,0
DA:298,0
DA:299,0
DA:300,0
DA:306,2
DA:313,1
DA:314,1
DA:315,1
DA:316,1
DA:317,0
LF:95
LH:48
BRDA:3,0,0,1
BRDA:3,0,1,0
BRDA:182,1,0,0
BRDA:182,1,1,0
BRDA:205,2,0,0
BRDA:205,2,1,0
BRDA:211,3,0,0
BRDA:211,3,1,0
BRF:8
BRH:1
end_of_record
TN:
SF:/Users/joelamb/workspace/benefit/src/components/AnimationWrapper.js
FN:6,(anonymous_0)
FN:7,(anonymous_1)
FNF:2
FNH:2
FNDA:12,(anonymous_0)
FNDA:1,(anonymous_1)
DA:6,4
DA:7,12
DA:8,1
DA:22,4
LF:4
LH:4
BRF:0
BRH:0
end_of_record
TN:
SF:/Users/joelamb/workspace/benefit/src/components/App.js
FN:16,(anonymous_0)
FNF:1
FNH:0
FNDA:0,(anonymous_0)
DA:16,1
DA:17,0
LF:2
LH:1
BRF:0
BRH:0
end_of_record
TN:
SF:/Users/joelamb/workspace/benefit/src/components/AppFooter.js
FN:4,(anonymous_0)
FNF:1
FNH:1
FNDA:1,(anonymous_0)
DA:4,2
DA:5,1
LF:2
LH:2
BRF:0
BRH:0
end_of_record
TN:
SF:/Users/joelamb/workspace/benefit/src/components/AppHeader.js
FN:8,(anonymous_0)
FN:17,(anonymous_1)
FN:35,(anonymous_2)
FN:47,(anonymous_3)
FNF:4
FNH:0
FNDA:0,(anonymous_0)
FNDA:0,(anonymous_1)
FNDA:0,(anonymous_2)
FNDA:0,(anonymous_3)
DA:9,0
DA:10,0
DA:14,0
DA:18,0
DA:19,0
DA:20,0
DA:21,0
DA:22,0
DA:23,0
DA:25,0
DA:26,0
DA:27,0
DA:28,0
DA:30,0
DA:31,0
DA:36,0
DA:37,0
DA:38,0
DA:39,0
DA:42,0
DA:43,0
DA:48,0
DA:49,0
DA:50,0
DA:53,0
DA:54,0
DA:55,0
DA:72,3
DA:82,3
LF:29
LH:2
BRDA:20,0,0,0
BRDA:20,0,1,0
BRDA:20,1,0,0
BRDA:20,1,1,0
BRDA:22,2,0,0
BRDA:22,2,1,0
BRDA:22,3,0,0
BRDA:22,3,1,0
BRDA:26,4,0,0
BRDA:26,4,1,0
BRDA:26,5,0,0
BRDA:26,5,1,0
BRDA:42,6,0,0
BRDA:42,6,1,0
BRDA:53,7,0,0
BRDA:53,7,1,0
BRDA:54,8,0,0
BRDA:54,8,1,0
BRDA:62,9,0,0
BRDA:62,9,1,0
BRF:20
BRH:0
end_of_record
TN:
SF:/Users/joelamb/workspace/benefit/src/components/AppWrapper.js
FN:6,(anonymous_0)
FN:11,(anonymous_1)
FNF:2
FNH:0
FNDA:0,(anonymous_0)
FNDA:0,(anonymous_1)
DA:7,0
DA:8,0
DA:12,0
DA:13,0
DA:17,1
LF:5
LH:1
BRDA:13,0,0,0
BRDA:13,0,1,0
BRF:2
BRH:0
end_of_record
TN:
SF:/Users/joelamb/workspace/benefit/src/components/CardSection.js
FN:7,(anonymous_0)
FNF:1
FNH:0
FNDA:0,(anonymous_0)
DA:9,0
LF:1
LH:0
BRF:0
BRH:0
end_of_record
TN:
SF:/Users/joelamb/workspace/benefit/src/components/Dashboard.js
FN:8,(anonymous_0)
FN:13,(anonymous_1)
FN:18,(anonymous_2)
FN:19,(anonymous_3)
FN:27,(anonymous_4)
FN:42,(anonymous_5)
FN:56,(anonymous_6)
FN:57,(anonymous_7)
FN:58,(anonymous_8)
FN:84,(anonymous_9)
FN:87,(anonymous_10)
FN:87,(anonymous_11)
FN:118,(anonymous_12)
FN:134,(anonymous_13)
FNF:14
FNH:0
FNDA:0,(anonymous_0)
FNDA:0,(anonymous_1)
FNDA:0,(anonymous_2)
FNDA:0,(anonymous_3)
FNDA:0,(anonymous_4)
FNDA:0,(anonymous_5)
FNDA:0,(anonymous_6)
FNDA:0,(anonymous_7)
FNDA:0,(anonymous_8)
FNDA:0,(anonymous_9)
FNDA:0,(anonymous_10)
FNDA:0,(anonymous_11)
FNDA:0,(anonymous_12)
FNDA:0,(anonymous_13)
DA:9,0
DA:10,0
DA:14,0
DA:16,0
DA:18,0
DA:19,0
DA:24,0
DA:25,0
DA:27,0
DA:28,0
DA:29,0
DA:30,0
DA:35,0
DA:42,0
DA:43,0
DA:44,0
DA:47,0
DA:56,0
DA:57,0
DA:58,0
DA:60,0
DA:64,0
DA:84,0
DA:87,0
DA:118,0
DA:135,0
DA:136,0
DA:154,2
LF:28
LH:1
BRDA:57,0,0,0
BRDA:57,0,1,0
BRF:2
BRH:0
end_of_record
TN:
SF:/Users/joelamb/workspace/benefit/src/components/DonationForm.js
FN:6,(anonymous_0)
FN:13,(anonymous_1)
FN:27,(anonymous_2)
FN:31,(anonymous_3)
FN:34,(anonymous_4)
FN:35,(anonymous_5)
FN:36,(anonymous_6)
FNF:7
FNH:1
FNDA:1,(anonymous_0)
FNDA:0,(anonymous_1)
FNDA:0,(anonymous_2)
FNDA:0,(anonymous_3)
FNDA:0,(anonymous_4)
FNDA:0,(anonymous_5)
FNDA:0,(anonymous_6)
DA:6,4
DA:7,1
DA:14,0
DA:15,0
DA:16,0
DA:27,0
DA:31,0
DA:34,0
DA:35,0
DA:36,0
DA:47,4
DA:56,4
LF:12
LH:4
BRDA:26,0,0,0
BRDA:26,0,1,1
BRF:2
BRH:1
end_of_record
TN:
SF:/Users/joelamb/workspace/benefit/src/components/DonationHeader.js
FN:5,(anonymous_0)
FNF:1
FNH:0
FNDA:0,(anonymous_0)
DA:5,3
DA:6,0
DA:21,3
LF:3
LH:2
BRF:0
BRH:0
end_of_record
TN:
SF:/Users/joelamb/workspace/benefit/src/components/DonationPayment.js
FN:6,(anonymous_0)
FNF:1
FNH:0
FNDA:0,(anonymous_0)
DA:6,3
DA:7,0
LF:2
LH:1
BRDA:9,0,0,0
BRDA:9,0,1,0
BRDA:14,1,0,0
BRDA:14,1,1,0
BRF:4
BRH:0
end_of_record
TN:
SF:/Users/joelamb/workspace/benefit/src/components/Donor.js
FN:9,(anonymous_0)
FN:14,(anonymous_1)
FNF:2
FNH:0
FNDA:0,(anonymous_0)
FNDA:0,(anonymous_1)
DA:10,0
DA:11,0
DA:15,0
DA:16,0
LF:4
LH:0
BRF:0
BRH:0
end_of_record
TN:
SF:/Users/joelamb/workspace/benefit/src/components/DonorBalance.js
FN:6,(anonymous_0)
FN:7,(anonymous_1)
FN:15,(anonymous_2)
FNF:3
FNH:0
FNDA:0,(anonymous_0)
FNDA:0,(anonymous_1)
FNDA:0,(anonymous_2)
DA:6,2
DA:7,0
DA:9,0
DA:16,0
DA:17,0
DA:31,2
LF:6
LH:2
BRF:0
BRH:0
end_of_record
TN:
SF:/Users/joelamb/workspace/benefit/src/components/DonorProfile.js
FN:5,(anonymous_0)
FNF:1
FNH:0
FNDA:0,(anonymous_0)
DA:5,2
DA:6,0
DA:7,0
DA:23,2
LF:4
LH:2
BRF:0
BRH:0
end_of_record
TN:
SF:/Users/joelamb/workspace/benefit/src/components/HomePage.js
FN:5,(anonymous_0)
FNF:1
FNH:0
FNDA:0,(anonymous_0)
DA:5,1
DA:6,0
LF:2
LH:1
BRF:0
BRH:0
end_of_record
TN:
SF:/Users/joelamb/workspace/benefit/src/components/Login.js
FN:5,(anonymous_0)
FN:6,handleChange
FN:14,(anonymous_2)
FNF:3
FNH:0
FNDA:0,(anonymous_0)
FNDA:0,handleChange
FNDA:0,(anonymous_2)
DA:5,4
DA:7,0
DA:10,0
DA:15,0
DA:16,0
DA:52,4
DA:60,4
LF:7
LH:3
BRF:0
BRH:0
end_of_record
TN:
SF:/Users/joelamb/workspace/benefit/src/components/NewDonation.js
FN:11,(anonymous_0)
FN:17,(anonymous_1)
FNF:2
FNH:0
FNDA:0,(anonymous_0)
FNDA:0,(anonymous_1)
DA:12,0
DA:13,0
DA:14,0
DA:20,0
DA:21,0
DA:46,2
DA:64,2
LF:7
LH:2
BRDA:23,0,0,0
BRDA:23,0,1,0
BRDA:38,1,0,0
BRDA:38,1,1,0
BRF:4
BRH:0
end_of_record
TN:
SF:/Users/joelamb/workspace/benefit/src/components/NewDonor.js
FN:7,setInputClass
FN:11,StyledMessage
FN:26,(anonymous_2)
FN:35,(anonymous_3)
FN:45,(anonymous_4)
FN:84,(anonymous_5)
FN:85,(anonymous_6)
FN:92,(anonymous_7)
FNF:8
FNH:0
FNDA:0,setInputClass
FNDA:0,StyledMessage
FNDA:0,(anonymous_2)
FNDA:0,(anonymous_3)
FNDA:0,(anonymous_4)
FNDA:0,(anonymous_5)
FNDA:0,(anonymous_6)
FNDA:0,(anonymous_7)
DA:8,0
DA:12,0
DA:13,0
DA:19,0
DA:20,0
DA:22,0
DA:27,0
DA:28,0
DA:29,0
DA:30,0
DA:31,0
DA:38,0
DA:39,0
DA:46,0
DA:47,0
DA:48,0
DA:50,0
DA:51,0
DA:53,0
DA:54,0
DA:55,0
DA:56,0
DA:57,0
DA:58,0
DA:60,0
DA:61,0
DA:62,0
DA:63,0
DA:65,0
DA:66,0
DA:67,0
DA:68,0
DA:70,0
DA:71,0
DA:73,0
DA:74,0
DA:76,0
DA:77,0
DA:79,0
DA:80,0
DA:82,0
DA:85,0
DA:87,0
DA:88,0
DA:101,0
DA:302,2
DA:307,2
LF:47
LH:2
BRDA:8,0,0,0
BRDA:8,0,1,0
BRDA:8,1,0,0
BRDA:8,1,1,0
BRDA:12,2,0,0
BRDA:12,2,1,0
BRDA:12,3,0,0
BRDA:12,3,1,0
BRDA:14,4,0,0
BRDA:14,4,1,0
BRDA:19,5,0,0
BRDA:19,5,1,0
BRDA:19,6,0,0
BRDA:19,6,1,0
BRDA:29,7,0,0
BRDA:29,7,1,0
BRDA:47,8,0,0
BRDA:47,8,1,0
BRDA:50,9,0,0
BRDA:50,9,1,0
BRDA:54,10,0,0
BRDA:54,10,1,0
BRDA:55,11,0,0
BRDA:55,11,1,0
BRDA:57,12,0,0
BRDA:57,12,1,0
BRDA:60,13,0,0
BRDA:60,13,1,0
BRDA:62,14,0,0
BRDA:62,14,1,0
BRDA:65,15,0,0
BRDA:65,15,1,0
BRDA:67,16,0,0
BRDA:67,16,1,0
BRDA:70,17,0,0
BRDA:70,17,1,0
BRDA:73,18,0,0
BRDA:73,18,1,0
BRDA:76,19,0,0
BRDA:76,19,1,0
BRDA:79,20,0,0
BRDA:79,20,1,0
BRDA:292,21,0,0
BRDA:292,21,1,0
BRDA:292,22,0,0
BRDA:292,22,1,0
BRF:46
BRH:0
end_of_record
TN:
SF:/Users/joelamb/workspace/benefit/src/components/NewRecipient.js
FN:7,setInputClass
FN:11,StyledMessage
FN:26,(anonymous_2)
FN:34,(anonymous_3)
FN:44,(anonymous_4)
FN:72,(anonymous_5)
FN:73,(anonymous_6)
FN:79,(anonymous_7)
FNF:8
FNH:0
FNDA:0,setInputClass
FNDA:0,StyledMessage
FNDA:0,(anonymous_2)
FNDA:0,(anonymous_3)
FNDA:0,(anonymous_4)
FNDA:0,(anonymous_5)
FNDA:0,(anonymous_6)
FNDA:0,(anonymous_7)
DA:8,0
DA:12,0
DA:13,0
DA:19,0
DA:20,0
DA:22,0
DA:27,0
DA:28,0
DA:29,0
DA:30,0
DA:37,0
DA:38,0
DA:45,0
DA:46,0
DA:47,0
DA:49,0
DA:50,0
DA:52,0
DA:53,0
DA:54,0
DA:55,0
DA:56,0
DA:57,0
DA:59,0
DA:60,0
DA:62,0
DA:63,0
DA:64,0
DA:65,0
DA:67,0
DA:68,0
DA:70,0
DA:73,0
DA:74,0
DA:75,0
DA:88,0
DA:263,3
DA:268,3
DA:272,3
LF:39
LH:3
BRDA:8,0,0,0
BRDA:8,0,1,0
BRDA:8,1,0,0
BRDA:8,1,1,0
BRDA:12,2,0,0
BRDA:12,2,1,0
BRDA:12,3,0,0
BRDA:12,3,1,0
BRDA:14,4,0,0
BRDA:14,4,1,0
BRDA:19,5,0,0
BRDA:19,5,1,0
BRDA:19,6,0,0
BRDA:19,6,1,0
BRDA:28,7,0,0
BRDA:28,7,1,0
BRDA:46,8,0,0
BRDA:46,8,1,0
BRDA:49,9,0,0
BRDA:49,9,1,0
BRDA:53,10,0,0
BRDA:53,10,1,0
BRDA:54,11,0,0
BRDA:54,11,1,0
BRDA:56,12,0,0
BRDA:56,12,1,0
BRDA:59,13,0,0
BRDA:59,13,1,0
BRDA:62,14,0,0
BRDA:62,14,1,0
BRDA:64,15,0,0
BRDA:64,15,1,0
BRDA:67,16,0,0
BRDA:67,16,1,0
BRDA:253,17,0,0
BRDA:253,17,1,0
BRDA:253,18,0,0
BRDA:253,18,1,0
BRF:38
BRH:0
end_of_record
TN:
SF:/Users/joelamb/workspace/benefit/src/components/PaymentAcknowledge.js
FN:7,(anonymous_0)
FNF:1
FNH:1
FNDA:1,(anonymous_0)
DA:7,5
DA:8,1
DA:19,5
DA:23,5
LF:4
LH:4
BRF:0
BRH:0
end_of_record
TN:
SF:/Users/joelamb/workspace/benefit/src/components/PaymentDetailsForm.js
FN:10,(anonymous_0)
FN:21,(anonymous_1)
FN:39,(anonymous_2)
FN:41,(anonymous_3)
FNF:4
FNH:0
FNDA:0,(anonymous_0)
FNDA:0,(anonymous_1)
FNDA:0,(anonymous_2)
FNDA:0,(anonymous_3)
DA:10,5
DA:21,0
DA:22,0
DA:28,0
DA:40,0
DA:41,0
DA:42,0
DA:43,0
DA:44,0
DA:68,5
LF:10
LH:2
BRDA:28,0,0,0
BRDA:28,0,1,0
BRDA:28,1,0,0
BRDA:28,1,1,0
BRF:4
BRH:0
end_of_record
TN:
SF:/Users/joelamb/workspace/benefit/src/components/PaymentRequestButton.js
FN:6,(anonymous_0)
FN:22,(anonymous_1)
FN:31,(anonymous_2)
FN:41,(anonymous_3)
FNF:4
FNH:0
FNDA:0,(anonymous_0)
FNDA:0,(anonymous_1)
FNDA:0,(anonymous_2)
FNDA:0,(anonymous_3)
DA:7,0
DA:11,0
DA:22,0
DA:23,0
DA:24,0
DA:25,0
DA:26,0
DA:27,0
DA:28,0
DA:31,0
DA:32,0
DA:35,0
DA:42,0
LF:13
LH:0
BRDA:42,0,0,0
BRDA:42,0,1,0
BRF:2
BRH:0
end_of_record
TN:
SF:/Users/joelamb/workspace/benefit/src/components/PrivateRoute.js
FN:4,PrivateRoute
FN:8,(anonymous_1)
FNF:2
FNH:0
FNDA:0,PrivateRoute
FNDA:0,(anonymous_1)
DA:5,0
DA:8,0
LF:2
LH:0
BRDA:8,0,0,0
BRDA:8,0,1,0
BRF:2
BRH:0
end_of_record
TN:
SF:/Users/joelamb/workspace/benefit/src/components/QRCode.js
FN:6,(anonymous_0)
FN:10,(anonymous_1)
FN:14,(anonymous_2)
FN:33,(anonymous_3)
FN:41,(anonymous_4)
FN:46,(anonymous_5)
FNF:6
FNH:0
FNDA:0,(anonymous_0)
FNDA:0,(anonymous_1)
FNDA:0,(anonymous_2)
FNDA:0,(anonymous_3)
FNDA:0,(anonymous_4)
FNDA:0,(anonymous_5)
DA:7,0
DA:11,0
DA:15,0
DA:16,0
DA:17,0
DA:19,0
DA:34,0
DA:35,0
DA:42,0
DA:43,0
DA:47,0
DA:52,0
DA:56,2
LF:13
LH:1
BRDA:16,0,0,0
BRDA:16,0,1,0
BRDA:34,1,0,0
BRDA:34,1,1,0
BRDA:43,2,0,0
BRDA:43,2,1,0
BRF:6
BRH:0
end_of_record
TN:
SF:/Users/joelamb/workspace/benefit/src/components/Recipient.js
FN:11,(anonymous_0)
FN:16,(anonymous_1)
FNF:2
FNH:0
FNDA:0,(anonymous_0)
FNDA:0,(anonymous_1)
DA:12,0
DA:13,0
DA:17,0
DA:18,0
DA:28,2
LF:5
LH:1
BRF:0
BRH:0
end_of_record
TN:
SF:/Users/joelamb/workspace/benefit/src/components/RecipientBalance.js
FN:5,(anonymous_0)
FN:6,(anonymous_1)
FN:14,(anonymous_2)
FNF:3
FNH:0
FNDA:0,(anonymous_0)
FNDA:0,(anonymous_1)
FNDA:0,(anonymous_2)
DA:5,2
DA:6,0
DA:8,0
DA:15,0
DA:16,0
DA:31,2
LF:6
LH:2
BRF:0
BRH:0
end_of_record
TN:
SF:/Users/joelamb/workspace/benefit/src/components/RecipientCode.js
FN:7,(anonymous_0)
FNF:1
FNH:0
FNDA:0,(anonymous_0)
DA:7,2
DA:8,0
DA:25,2
LF:3
LH:2
BRF:0
BRH:0
end_of_record
TN:
SF:/Users/joelamb/workspace/benefit/src/components/RecipientInterests.js
FN:5,(anonymous_0)
FN:15,(anonymous_1)
FNF:2
FNH:0
FNDA:0,(anonymous_0)
FNDA:0,(anonymous_1)
DA:5,2
DA:6,0
DA:16,0
DA:17,0
DA:30,2
DA:35,2
LF:6
LH:3
BRDA:7,0,0,0
BRDA:7,0,1,0
BRDA:16,1,0,0
BRDA:16,1,1,0
BRF:4
BRH:0
end_of_record
TN:
SF:/Users/joelamb/workspace/benefit/src/components/RecipientProfile.js
FN:5,(anonymous_0)
FN:23,(anonymous_1)
FNF:2
FNH:0
FNDA:0,(anonymous_0)
FNDA:0,(anonymous_1)
DA:5,3
DA:6,0
DA:7,0
DA:23,0
DA:34,3
LF:5
LH:2
BRDA:20,0,0,0
BRDA:20,0,1,0
BRF:2
BRH:0
end_of_record
TN:
SF:/Users/joelamb/workspace/benefit/src/components/S3Upload.js
FN:6,(anonymous_0)
FN:11,(anonymous_1)
FN:28,(anonymous_2)
FN:29,(anonymous_3)
FN:36,(anonymous_4)
FN:39,(anonymous_5)
FN:44,(anonymous_6)
FN:48,(anonymous_7)
FNF:8
FNH:0
FNDA:0,(anonymous_0)
FNDA:0,(anonymous_1)
FNDA:0,(anonymous_2)
FNDA:0,(anonymous_3)
FNDA:0,(anonymous_4)
FNDA:0,(anonymous_5)
FNDA:0,(anonymous_6)
FNDA:0,(anonymous_7)
DA:7,0
DA:8,0
DA:12,0
DA:13,0
DA:14,0
DA:15,0
DA:17,0
DA:18,0
DA:23,0
DA:24,0
DA:28,0
DA:30,0
DA:31,0
DA:36,0
DA:40,0
DA:41,0
DA:45,0
DA:49,0
DA:50,0
DA:79,4
DA:85,4
LF:21
LH:2
BRDA:17,0,0,0
BRDA:17,0,1,0
BRDA:30,1,0,0
BRDA:30,1,1,0
BRDA:52,2,0,0
BRDA:52,2,1,0
BRDA:65,3,0,0
BRDA:65,3,1,0
BRF:8
BRH:0
end_of_record
TN:
SF:/Users/joelamb/workspace/benefit/src/components/Tab.js
FN:4,(anonymous_0)
FN:10,(anonymous_1)
FN:15,(anonymous_2)
FNF:3
FNH:0
FNDA:0,(anonymous_0)
FNDA:0,(anonymous_1)
FNDA:0,(anonymous_2)
DA:5,0
DA:7,0
DA:11,0
DA:12,0
DA:16,0
DA:17,0
DA:19,0
DA:20,0
DA:22,0
LF:9
LH:0
BRDA:19,0,0,0
BRDA:19,0,1,0
BRF:2
BRH:0
end_of_record
TN:
SF:/Users/joelamb/workspace/benefit/src/components/Tabs.js
FN:7,(anonymous_0)
FN:17,(anonymous_1)
FN:19,(anonymous_2)
FN:24,(anonymous_3)
FN:30,(anonymous_4)
FNF:5
FNH:0
FNDA:0,(anonymous_0)
FNDA:0,(anonymous_1)
FNDA:0,(anonymous_2)
FNDA:0,(anonymous_3)
FNDA:0,(anonymous_4)
DA:8,0
DA:10,0
DA:12,0
DA:17,0
DA:20,0
DA:21,0
DA:25,0
DA:26,0
DA:31,0
DA:32,0
LF:10
LH:0
BRDA:25,0,0,0
BRDA:25,0,1,0
BRF:2
BRH:0
end_of_record
TN:
SF:/Users/joelamb/workspace/benefit/src/containers/AppHeaderContainer.js
FN:6,(anonymous_0)
FNF:1
FNH:1
FNDA:1,(anonymous_0)
DA:6,2
DA:13,2
LF:2
LH:2
BRF:0
BRH:0
end_of_record
TN:
SF:/Users/joelamb/workspace/benefit/src/containers/AppWrapperContainer.js
FN:5,(anonymous_0)
FNF:1
FNH:1
FNDA:1,(anonymous_0)
DA:5,1
DA:9,1
LF:2
LH:2
BRF:0
BRH:0
end_of_record
TN:
SF:/Users/joelamb/workspace/benefit/src/containers/DashboardContainer.js
FN:5,(anonymous_0)
FNF:1
FNH:1
FNDA:1,(anonymous_0)
DA:5,2
DA:6,1
DA:12,2
LF:3
LH:3
BRF:0
BRH:0
end_of_record
TN:
SF:/Users/joelamb/workspace/benefit/src/containers/DonationFormContainer.js
FN:5,(anonymous_0)
FNF:1
FNH:1
FNDA:1,(anonymous_0)
DA:5,1
DA:6,1
DA:13,1
LF:3
LH:3
BRF:0
BRH:0
end_of_record
TN:
SF:/Users/joelamb/workspace/benefit/src/containers/DonorContainer.js
FN:5,(anonymous_0)
FNF:1
FNH:1
FNDA:1,(anonymous_0)
DA:5,2
DA:6,1
DA:18,2
LF:3
LH:3
BRF:0
BRH:0
end_of_record
TN:
SF:/Users/joelamb/workspace/benefit/src/containers/LoginContainer.js
FN:6,(anonymous_0)
FNF:1
FNH:1
FNDA:1,(anonymous_0)
DA:6,4
DA:14,4
LF:2
LH:2
BRF:0
BRH:0
end_of_record
TN:
SF:/Users/joelamb/workspace/benefit/src/containers/NewDonationContainer.js
FN:5,(anonymous_0)
FNF:1
FNH:1
FNDA:1,(anonymous_0)
DA:5,2
DA:14,2
LF:2
LH:2
BRF:0
BRH:0
end_of_record
TN:
SF:/Users/joelamb/workspace/benefit/src/containers/NewDonorContainer.js
FN:5,(anonymous_0)
FNF:1
FNH:1
FNDA:1,(anonymous_0)
DA:5,2
DA:6,1
DA:11,2
LF:3
LH:3
BRF:0
BRH:0
end_of_record
TN:
SF:/Users/joelamb/workspace/benefit/src/containers/NewRecipientContainer.js
FN:5,(anonymous_0)
FNF:1
FNH:1
FNDA:1,(anonymous_0)
DA:5,2
DA:18,2
LF:2
LH:2
BRF:0
BRH:0
end_of_record
TN:
SF:/Users/joelamb/workspace/benefit/src/containers/PaymentAcknowlegeContainer.js
FN:4,(anonymous_0)
FNF:1
FNH:1
FNDA:1,(anonymous_0)
DA:4,4
LF:1
LH:1
BRF:0
BRH:0
end_of_record
TN:
SF:/Users/joelamb/workspace/benefit/src/containers/PaymentDetailsFormContainer.js
FN:6,(anonymous_0)
FNF:1
FNH:1
FNDA:1,(anonymous_0)
DA:6,4
DA:13,4
LF:2
LH:2
BRF:0
BRH:0
end_of_record
TN:
SF:/Users/joelamb/workspace/benefit/src/containers/PrivateRouteContainer.js
FN:4,(anonymous_0)
FNF:1
FNH:1
FNDA:1,(anonymous_0)
DA:4,2
LF:1
LH:1
BRF:0
BRH:0
end_of_record
TN:
SF:/Users/joelamb/workspace/benefit/src/containers/RecipientContainer.js
FN:5,(anonymous_0)
FNF:1
FNH:1
FNDA:1,(anonymous_0)
DA:5,2
DA:6,1
DA:19,2
LF:3
LH:3
BRF:0
BRH:0
end_of_record
TN:
SF:/Users/joelamb/workspace/benefit/src/reducers/donation.js
FN:1,(anonymous_0)
FNF:1
FNH:1
FNDA:1,(anonymous_0)
DA:1,1
DA:2,1
DA:4,1
DA:6,0
DA:8,0
LF:5
LH:3
BRDA:1,0,0,0
BRDA:2,1,0,1
BRDA:2,1,1,0
BRDA:2,1,2,0
BRF:4
BRH:1
end_of_record
TN:
SF:/Users/joelamb/workspace/benefit/src/reducers/donor.js
FN:1,(anonymous_0)
FNF:1
FNH:1
FNDA:5,(anonymous_0)
DA:1,1
DA:18,5
DA:20,0
DA:22,1
DA:31,1
DA:33,1
DA:35,1
DA:37,1
LF:8
LH:7
BRDA:2,0,0,0
BRDA:18,1,0,0
BRDA:18,1,1,1
BRDA:18,1,2,1
BRDA:18,1,3,1
BRDA:18,1,4,1
BRDA:18,1,5,1
BRF:7
BRH:5
end_of_record
TN:
SF:/Users/joelamb/workspace/benefit/src/reducers/login.js
FN:1,(anonymous_0)
FNF:1
FNH:1
FNDA:4,(anonymous_0)
DA:1,1
DA:13,4
DA:15,1
DA:17,1
DA:19,1
DA:26,1
DA:35,0
LF:7
LH:6
BRDA:2,0,0,0
BRDA:13,1,0,1
BRDA:13,1,1,1
BRDA:13,1,2,1
BRDA:13,1,3,1
BRDA:13,1,4,0
BRF:6
BRH:4
end_of_record
TN:
SF:/Users/joelamb/workspace/benefit/src/reducers/organisation.js
FN:1,(anonymous_0)
FNF:1
FNH:1
FNDA:1,(anonymous_0)
DA:1,1
DA:2,1
DA:4,1
DA:9,0
LF:4
LH:3
BRDA:1,0,0,0
BRDA:2,1,0,1
BRDA:2,1,1,0
BRF:3
BRH:1
end_of_record
TN:
SF:/Users/joelamb/workspace/benefit/src/reducers/paymentDetails.js
FN:1,(anonymous_0)
FNF:1
FNH:1
FNDA:1,(anonymous_0)
DA:1,1
DA:4,1
DA:6,1
DA:8,0
LF:4
LH:3
BRDA:1,0,0,0
BRDA:4,1,0,1
BRDA:4,1,1,0
BRF:3
BRH:1
end_of_record
TN:
SF:/Users/joelamb/workspace/benefit/src/reducers/recipient.js
FN:1,(anonymous_0)
FNF:1
FNH:1
FNDA:1,(anonymous_0)
DA:1,1
DA:2,1
DA:4,1
DA:14,0
DA:16,0
DA:18,0
LF:6
LH:3
BRDA:1,0,0,0
BRDA:2,1,0,1
BRDA:2,1,1,0
BRDA:2,1,2,0
BRDA:2,1,3,0
BRF:5
BRH:1
end_of_record
TN:
SF:/Users/joelamb/workspace/benefit/src/reducers/view.js
FN:1,(anonymous_0)
FNF:1
FNH:1
FNDA:1,(anonymous_0)
DA:1,1
DA:2,1
DA:4,1
DA:6,0
DA:8,0
LF:5
LH:3
BRDA:1,0,0,0
BRDA:2,1,0,1
BRDA:2,1,1,0
BRDA:2,1,2,0
BRF:4
BRH:1
end_of_record
TN:
SF:/Users/joelamb/workspace/benefit/tests/setup.js
FNF:0
FNH:0
DA:4,30
LF:1
LH:1
BRF:0
BRH:0
end_of_record
TN:
SF:/Users/joelamb/workspace/benefit/tests/components/contextWrap.js
FN:15,(anonymous_0)
FN:20,mountWrap
FN:24,shallowWrap
FNF:3
FNH:2
FNDA:1,(anonymous_0)
FNDA:0,mountWrap
FNDA:1,shallowWrap
DA:7,1
DA:15,1
DA:21,0
DA:25,1
LF:4
LH:3
BRF:0
BRH:0
end_of_record
